This is pdfTeX, Version 3.1415926-2.4-1.40.13 (TeX Live 2012) (format=pdflatex 2012.7.9)  7 MAR 2013 18:54
entering extended mode
 restricted \write18 enabled.
 %&-line parsing enabled.
**polycyclic
(./polycyclic.tex
LaTeX2e <2011/06/27>
Babel <v3.8m> and hyphenation patterns for english, dumylang, nohyphenation, ge
rman-x-2012-05-30, ngerman-x-2012-05-30, afrikaans, ancientgreek, ibycus, arabi
c, armenian, basque, bulgarian, catalan, pinyin, coptic, croatian, czech, danis
h, dutch, ukenglish, usenglishmax, esperanto, estonian, ethiopic, farsi, finnis
h, french, friulan, galician, german, ngerman, swissgerman, monogreek, greek, h
ungarian, icelandic, assamese, bengali, gujarati, hindi, kannada, malayalam, ma
rathi, oriya, panjabi, tamil, telugu, indonesian, interlingua, irish, italian, 
kurmanji, latin, latvian, lithuanian, mongolian, mongolianlmc, bokmal, nynorsk,
 polish, portuguese, romanian, romansh, russian, sanskrit, serbian, serbianc, s
lovak, slovenian, spanish, swedish, turkish, turkmen, ukrainian, uppersorbian, 
welsh, loaded.
(/usr/local/texlive/2012/texmf-dist/tex/latex/base/report.cls
Document Class: report 2007/10/19 v1.4h Standard LaTeX document class
(/usr/local/texlive/2012/texmf-dist/tex/latex/base/size11.clo
File: size11.clo 2007/10/19 v1.4h Standard LaTeX file (size option)
)
\c@part=\count79
\c@chapter=\count80
\c@section=\count81
\c@subsection=\count82
\c@subsubsection=\count83
\c@paragraph=\count84
\c@subparagraph=\count85
\c@figure=\count86
\c@table=\count87
\abovecaptionskip=\skip41
\belowcaptionskip=\skip42
\bibindent=\dimen102
)
(/usr/local/texlive/2012/texmf-dist/tex/latex/a4wide/a4wide.sty
Package: a4wide 1994/08/30

(/usr/local/texlive/2012/texmf-dist/tex/latex/ntgclass/a4.sty
Package: a4 2004/04/15 v1.2g A4 based page layout
))
(/usr/local/texlive/2012/texmf-dist/tex/latex/amsfonts/amssymb.sty
Package: amssymb 2009/06/22 v3.00

(/usr/local/texlive/2012/texmf-dist/tex/latex/amsfonts/amsfonts.sty
Package: amsfonts 2009/06/22 v3.00 Basic AMSFonts support
\@emptytoks=\toks14
\symAMSa=\mathgroup4
\symAMSb=\mathgroup5
LaTeX Font Info:    Overwriting math alphabet `\mathfrak' in version `bold'
(Font)                  U/euf/m/n --> U/euf/b/n on input line 96.
))
(/usr/local/texlive/2012/texmf-dist/tex/latex/base/inputenc.sty
Package: inputenc 2008/03/30 v1.1d Input encoding file
\inpenc@prehook=\toks15
\inpenc@posthook=\toks16

(/usr/local/texlive/2012/texmf-dist/tex/latex/base/latin1.def
File: latin1.def 2008/03/30 v1.1d Input encoding file
))
(/usr/local/texlive/2012/texmf-dist/tex/latex/base/makeidx.sty
Package: makeidx 2000/03/29 v1.0m Standard LaTeX package
)
\@indexfile=\write3
\openout3 = `polycyclic.idx'.


Writing index file polycyclic.idx
(/usr/local/texlive/2012/texmf-dist/tex/latex/graphics/color.sty
Package: color 2005/11/14 v1.0j Standard LaTeX Color (DPC)

(/usr/local/texlive/2012/texmf-dist/tex/latex/latexconfig/color.cfg
File: color.cfg 2007/01/18 v1.5 color configuration of teTeX/TeXLive
)
Package color Info: Driver file: pdftex.def on input line 130.

(/usr/local/texlive/2012/texmf-dist/tex/latex/pdftex-def/pdftex.def
File: pdftex.def 2011/05/27 v0.06d Graphics/color for pdfTeX

(/usr/local/texlive/2012/texmf-dist/tex/generic/oberdiek/infwarerr.sty
Package: infwarerr 2010/04/08 v1.3 Providing info/warning/error messages (HO)
)
(/usr/local/texlive/2012/texmf-dist/tex/generic/oberdiek/ltxcmds.sty
Package: ltxcmds 2011/11/09 v1.22 LaTeX kernel commands for general use (HO)
)
\Gread@gobject=\count88
))
(/usr/local/texlive/2012/texmf-dist/tex/latex/fancyvrb/fancyvrb.sty
Package: fancyvrb 2008/02/07

Style option: `fancyvrb' v2.7a, with DG/SPQR fixes, and firstline=lastline fix 
<2008/02/07> (tvz)
(/usr/local/texlive/2012/texmf-dist/tex/latex/graphics/keyval.sty
Package: keyval 1999/03/16 v1.13 key=value parser (DPC)
\KV@toks@=\toks17
)
\FV@CodeLineNo=\count89
\FV@InFile=\read1
\FV@TabBox=\box26
\c@FancyVerbLine=\count90
\FV@StepNumber=\count91
\FV@OutFile=\write4
)
(/usr/local/texlive/2012/texmf-dist/tex/latex/psnfss/mathptmx.sty
Package: mathptmx 2005/04/12 PSNFSS-v9.2a Times w/ Math, improved (SPQR, WaS) 
LaTeX Font Info:    Redeclaring symbol font `operators' on input line 28.
LaTeX Font Info:    Overwriting symbol font `operators' in version `normal'
(Font)                  OT1/cmr/m/n --> OT1/ztmcm/m/n on input line 28.
LaTeX Font Info:    Overwriting symbol font `operators' in version `bold'
(Font)                  OT1/cmr/bx/n --> OT1/ztmcm/m/n on input line 28.
LaTeX Font Info:    Redeclaring symbol font `letters' on input line 29.
LaTeX Font Info:    Overwriting symbol font `letters' in version `normal'
(Font)                  OML/cmm/m/it --> OML/ztmcm/m/it on input line 29.
LaTeX Font Info:    Overwriting symbol font `letters' in version `bold'
(Font)                  OML/cmm/b/it --> OML/ztmcm/m/it on input line 29.
LaTeX Font Info:    Redeclaring symbol font `symbols' on input line 30.
LaTeX Font Info:    Overwriting symbol font `symbols' in version `normal'
(Font)                  OMS/cmsy/m/n --> OMS/ztmcm/m/n on input line 30.
LaTeX Font Info:    Overwriting symbol font `symbols' in version `bold'
(Font)                  OMS/cmsy/b/n --> OMS/ztmcm/m/n on input line 30.
LaTeX Font Info:    Redeclaring symbol font `largesymbols' on input line 31.
LaTeX Font Info:    Overwriting symbol font `largesymbols' in version `normal'
(Font)                  OMX/cmex/m/n --> OMX/ztmcm/m/n on input line 31.
LaTeX Font Info:    Overwriting symbol font `largesymbols' in version `bold'
(Font)                  OMX/cmex/m/n --> OMX/ztmcm/m/n on input line 31.
\symbold=\mathgroup6
\symitalic=\mathgroup7
LaTeX Font Info:    Redeclaring math alphabet \mathbf on input line 34.
LaTeX Font Info:    Overwriting math alphabet `\mathbf' in version `normal'
(Font)                  OT1/cmr/bx/n --> OT1/ptm/bx/n on input line 34.
LaTeX Font Info:    Overwriting math alphabet `\mathbf' in version `bold'
(Font)                  OT1/cmr/bx/n --> OT1/ptm/bx/n on input line 34.
LaTeX Font Info:    Redeclaring math alphabet \mathit on input line 35.
LaTeX Font Info:    Overwriting math alphabet `\mathit' in version `normal'
(Font)                  OT1/cmr/m/it --> OT1/ptm/m/it on input line 35.
LaTeX Font Info:    Overwriting math alphabet `\mathit' in version `bold'
(Font)                  OT1/cmr/bx/it --> OT1/ptm/m/it on input line 35.
LaTeX Info: Redefining \hbar on input line 50.
)
(/usr/local/texlive/2012/texmf-dist/tex/latex/psnfss/helvet.sty
Package: helvet 2005/04/12 PSNFSS-v9.2a (WaS) 
)
(/usr/local/texlive/2012/texmf-dist/tex/latex/base/fontenc.sty
Package: fontenc 2005/09/27 v1.99g Standard LaTeX package

(/usr/local/texlive/2012/texmf-dist/tex/latex/base/t1enc.def
File: t1enc.def 2005/09/27 v1.99g Standard LaTeX file
LaTeX Font Info:    Redeclaring font encoding T1 on input line 43.
))
(/usr/local/texlive/2012/texmf-dist/tex/latex/base/textcomp.sty
Package: textcomp 2005/09/27 v1.99g Standard LaTeX package
Package textcomp Info: Sub-encoding information:
(textcomp)               5 = only ISO-Adobe without \textcurrency
(textcomp)               4 = 5 + \texteuro
(textcomp)               3 = 4 + \textohm
(textcomp)               2 = 3 + \textestimated + \textcurrency
(textcomp)               1 = TS1 - \textcircled - \t
(textcomp)               0 = TS1 (full)
(textcomp)             Font families with sub-encoding setting implement
(textcomp)             only a restricted character set as indicated.
(textcomp)             Family '?' is the default used for unknown fonts.
(textcomp)             See the documentation for details.
Package textcomp Info: Setting ? sub-encoding to TS1/1 on input line 71.

(/usr/local/texlive/2012/texmf-dist/tex/latex/base/ts1enc.def
File: ts1enc.def 2001/06/05 v3.0e (jk/car/fm) Standard LaTeX file
)
LaTeX Info: Redefining \oldstylenums on input line 266.
Package textcomp Info: Setting cmr sub-encoding to TS1/0 on input line 281.
Package textcomp Info: Setting cmss sub-encoding to TS1/0 on input line 282.
Package textcomp Info: Setting cmtt sub-encoding to TS1/0 on input line 283.
Package textcomp Info: Setting cmvtt sub-encoding to TS1/0 on input line 284.
Package textcomp Info: Setting cmbr sub-encoding to TS1/0 on input line 285.
Package textcomp Info: Setting cmtl sub-encoding to TS1/0 on input line 286.
Package textcomp Info: Setting ccr sub-encoding to TS1/0 on input line 287.
Package textcomp Info: Setting ptm sub-encoding to TS1/4 on input line 288.
Package textcomp Info: Setting pcr sub-encoding to TS1/4 on input line 289.
Package textcomp Info: Setting phv sub-encoding to TS1/4 on input line 290.
Package textcomp Info: Setting ppl sub-encoding to TS1/3 on input line 291.
Package textcomp Info: Setting pag sub-encoding to TS1/4 on input line 292.
Package textcomp Info: Setting pbk sub-encoding to TS1/4 on input line 293.
Package textcomp Info: Setting pnc sub-encoding to TS1/4 on input line 294.
Package textcomp Info: Setting pzc sub-encoding to TS1/4 on input line 295.
Package textcomp Info: Setting bch sub-encoding to TS1/4 on input line 296.
Package textcomp Info: Setting put sub-encoding to TS1/5 on input line 297.
Package textcomp Info: Setting uag sub-encoding to TS1/5 on input line 298.
Package textcomp Info: Setting ugq sub-encoding to TS1/5 on input line 299.
Package textcomp Info: Setting ul8 sub-encoding to TS1/4 on input line 300.
Package textcomp Info: Setting ul9 sub-encoding to TS1/4 on input line 301.
Package textcomp Info: Setting augie sub-encoding to TS1/5 on input line 302.
Package textcomp Info: Setting dayrom sub-encoding to TS1/3 on input line 303.
Package textcomp Info: Setting dayroms sub-encoding to TS1/3 on input line 304.

Package textcomp Info: Setting pxr sub-encoding to TS1/0 on input line 305.
Package textcomp Info: Setting pxss sub-encoding to TS1/0 on input line 306.
Package textcomp Info: Setting pxtt sub-encoding to TS1/0 on input line 307.
Package textcomp Info: Setting txr sub-encoding to TS1/0 on input line 308.
Package textcomp Info: Setting txss sub-encoding to TS1/0 on input line 309.
Package textcomp Info: Setting txtt sub-encoding to TS1/0 on input line 310.
Package textcomp Info: Setting lmr sub-encoding to TS1/0 on input line 311.
Package textcomp Info: Setting lmdh sub-encoding to TS1/0 on input line 312.
Package textcomp Info: Setting lmss sub-encoding to TS1/0 on input line 313.
Package textcomp Info: Setting lmssq sub-encoding to TS1/0 on input line 314.
Package textcomp Info: Setting lmvtt sub-encoding to TS1/0 on input line 315.
Package textcomp Info: Setting qhv sub-encoding to TS1/0 on input line 316.
Package textcomp Info: Setting qag sub-encoding to TS1/0 on input line 317.
Package textcomp Info: Setting qbk sub-encoding to TS1/0 on input line 318.
Package textcomp Info: Setting qcr sub-encoding to TS1/0 on input line 319.
Package textcomp Info: Setting qcs sub-encoding to TS1/0 on input line 320.
Package textcomp Info: Setting qpl sub-encoding to TS1/0 on input line 321.
Package textcomp Info: Setting qtm sub-encoding to TS1/0 on input line 322.
Package textcomp Info: Setting qzc sub-encoding to TS1/0 on input line 323.
Package textcomp Info: Setting qhvc sub-encoding to TS1/0 on input line 324.
Package textcomp Info: Setting futs sub-encoding to TS1/4 on input line 325.
Package textcomp Info: Setting futx sub-encoding to TS1/4 on input line 326.
Package textcomp Info: Setting futj sub-encoding to TS1/4 on input line 327.
Package textcomp Info: Setting hlh sub-encoding to TS1/3 on input line 328.
Package textcomp Info: Setting hls sub-encoding to TS1/3 on input line 329.
Package textcomp Info: Setting hlst sub-encoding to TS1/3 on input line 330.
Package textcomp Info: Setting hlct sub-encoding to TS1/5 on input line 331.
Package textcomp Info: Setting hlx sub-encoding to TS1/5 on input line 332.
Package textcomp Info: Setting hlce sub-encoding to TS1/5 on input line 333.
Package textcomp Info: Setting hlcn sub-encoding to TS1/5 on input line 334.
Package textcomp Info: Setting hlcw sub-encoding to TS1/5 on input line 335.
Package textcomp Info: Setting hlcf sub-encoding to TS1/5 on input line 336.
Package textcomp Info: Setting pplx sub-encoding to TS1/3 on input line 337.
Package textcomp Info: Setting pplj sub-encoding to TS1/3 on input line 338.
Package textcomp Info: Setting ptmx sub-encoding to TS1/4 on input line 339.
Package textcomp Info: Setting ptmj sub-encoding to TS1/4 on input line 340.
)
(/usr/local/texlive/2012/texmf-dist/tex/latex/hyperref/hyperref.sty
Package: hyperref 2012/05/13 v6.82q Hypertext links for LaTeX

(/usr/local/texlive/2012/texmf-dist/tex/generic/oberdiek/hobsub-hyperref.sty
Package: hobsub-hyperref 2012/05/28 v1.13 Bundle oberdiek, subset hyperref (HO)


(/usr/local/texlive/2012/texmf-dist/tex/generic/oberdiek/hobsub-generic.sty
Package: hobsub-generic 2012/05/28 v1.13 Bundle oberdiek, subset generic (HO)
Package: hobsub 2012/05/28 v1.13 Construct package bundles (HO)
Package hobsub Info: Skipping package `infwarerr' (already loaded).
Package hobsub Info: Skipping package `ltxcmds' (already loaded).
Package: ifluatex 2010/03/01 v1.3 Provides the ifluatex switch (HO)
Package ifluatex Info: LuaTeX not detected.
Package: ifvtex 2010/03/01 v1.5 Detect VTeX and its facilities (HO)
Package ifvtex Info: VTeX not detected.
Package: intcalc 2007/09/27 v1.1 Expandable calculations with integers (HO)
Package: ifpdf 2011/01/30 v2.3 Provides the ifpdf switch (HO)
Package ifpdf Info: pdfTeX in PDF mode is detected.
Package: etexcmds 2011/02/16 v1.5 Avoid name clashes with e-TeX commands (HO)
Package etexcmds Info: Could not find \expanded.
(etexcmds)             That can mean that you are not using pdfTeX 1.50 or
(etexcmds)             that some package has redefined \expanded.
(etexcmds)             In the latter case, load this package earlier.
Package: kvsetkeys 2012/04/25 v1.16 Key value parser (HO)
Package: kvdefinekeys 2011/04/07 v1.3 Define keys (HO)
Package: pdftexcmds 2011/11/29 v0.20 Utility functions of pdfTeX for LuaTeX (HO
)
Package pdftexcmds Info: LuaTeX not detected.
Package pdftexcmds Info: \pdf@primitive is available.
Package pdftexcmds Info: \pdf@ifprimitive is available.
Package pdftexcmds Info: \pdfdraftmode found.
Package: pdfescape 2011/11/25 v1.13 Implements pdfTeX's escape features (HO)
Package: bigintcalc 2012/04/08 v1.3 Expandable calculations on big integers (HO
)
Package: bitset 2011/01/30 v1.1 Handle bit-vector datatype (HO)
Package: uniquecounter 2011/01/30 v1.2 Provide unlimited unique counter (HO)
)
Package hobsub Info: Skipping package `hobsub' (already loaded).
Package: letltxmacro 2010/09/02 v1.4 Let assignment for LaTeX macros (HO)
Package: hopatch 2012/05/28 v1.2 Wrapper for package hooks (HO)
Package: xcolor-patch 2011/01/30 xcolor patch
Package: atveryend 2011/06/30 v1.8 Hooks at the very end of document (HO)
Package atveryend Info: \enddocument detected (standard20110627).
Package: atbegshi 2011/10/05 v1.16 At begin shipout hook (HO)
Package: refcount 2011/10/16 v3.4 Data extraction from label references (HO)
Package: hycolor 2011/01/30 v1.7 Color options for hyperref/bookmark (HO)
)
(/usr/local/texlive/2012/texmf-dist/tex/generic/ifxetex/ifxetex.sty
Package: ifxetex 2010/09/12 v0.6 Provides ifxetex conditional
)
(/usr/local/texlive/2012/texmf-dist/tex/latex/oberdiek/kvoptions.sty
Package: kvoptions 2011/06/30 v3.11 Key value format for package options (HO)
)
\@linkdim=\dimen103
\Hy@linkcounter=\count92
\Hy@pagecounter=\count93

(/usr/local/texlive/2012/texmf-dist/tex/latex/hyperref/pd1enc.def
File: pd1enc.def 2012/05/13 v6.82q Hyperref: PDFDocEncoding definition (HO)
)
\Hy@SavedSpaceFactor=\count94

(/usr/local/texlive/2012/texmf-dist/tex/latex/latexconfig/hyperref.cfg
File: hyperref.cfg 2002/06/06 v1.2 hyperref configuration of TeXLive
)

Package hyperref Warning: Unexpected value for option `pdftex'
(hyperref)                is ignored on input line 3941.

Package hyperref Info: Option `bookmarks' set `true' on input line 3941.

Package hyperref Warning: Option `a4paper' is no longer used.

Package hyperref Info: Option `colorlinks' set `true' on input line 3941.
Package hyperref Info: Option `breaklinks' set `true' on input line 3941.
Package hyperref Info: Hyper figures OFF on input line 4062.
Package hyperref Info: Link nesting OFF on input line 4067.
Package hyperref Info: Hyper index ON on input line 4070.
Package hyperref Info: Plain pages OFF on input line 4077.
Package hyperref Info: Backreferencing ON on input line 4080.
Package hyperref Info: Implicit mode ON; LaTeX internals redefined.
Package hyperref Info: Bookmarks ON on input line 4300.
(/usr/local/texlive/2012/texmf-dist/tex/latex/hyperref/backref.sty
Package: backref 2010/08/30 v1.36 Bibliographical back referencing

(/usr/local/texlive/2012/texmf-dist/tex/latex/oberdiek/rerunfilecheck.sty
Package: rerunfilecheck 2011/04/15 v1.7 Rerun checks for auxiliary files (HO)
Package uniquecounter Info: New unique counter `rerunfilecheck' on input line 2
82.
))
\c@Hy@tempcnt=\count95

(/usr/local/texlive/2012/texmf-dist/tex/latex/url/url.sty
\Urlmuskip=\muskip10
Package: url 2006/04/12  ver 3.3  Verb mode for urls, etc.
)
LaTeX Info: Redefining \url on input line 4653.
\Fld@menulength=\count96
\Field@Width=\dimen104
\Fld@charsize=\dimen105
Package hyperref Info: Hyper figures OFF on input line 5773.
Package hyperref Info: Link nesting OFF on input line 5778.
Package hyperref Info: Hyper index ON on input line 5781.
Package hyperref Info: backreferencing ON on input line 5786.
Package hyperref Info: Link coloring ON on input line 5791.
Package hyperref Info: Link coloring with OCG OFF on input line 5798.
Package hyperref Info: PDF/A mode OFF on input line 5803.
LaTeX Info: Redefining \ref on input line 5843.
LaTeX Info: Redefining \pageref on input line 5847.
\Hy@abspage=\count97
\c@Item=\count98
\c@Hfootnote=\count99
)

Package hyperref Message: Driver: hpdftex.

(/usr/local/texlive/2012/texmf-dist/tex/latex/hyperref/hpdftex.def
File: hpdftex.def 2012/05/13 v6.82q Hyperref driver for pdfTeX
\Fld@listcount=\count100
\c@bookmark@seq@number=\count101
\Hy@SectionHShift=\skip43
)
\pagenrlog=\write5
\openout5 = `polycyclic.pnr'.


(/usr/local/texlive/2012/texmf-dist/tex/latex/enumitem/enumitem.sty
Package: enumitem 2011/09/28 v3.5.2 Customized lists
\labelindent=\skip44
\enit@outerparindent=\dimen106
\enit@toks=\toks18
\enit@inbox=\box27
\enitdp@description=\count102
)
(./polycyclic.aux

LaTeX Warning: Label `Igs' multiply defined.


LaTeX Warning: Label `Ngs' multiply defined.


LaTeX Warning: Label `Cgs' multiply defined.


LaTeX Warning: Label `SubgroupByIgs' multiply defined.


LaTeX Warning: Label `Pcp' multiply defined.


LaTeX Warning: Label `Image' multiply defined.


LaTeX Warning: Label `Image' multiply defined.


LaTeX Warning: Label `PrintPcpPresentation' multiply defined.


LaTeX Warning: Label `Centralizer' multiply defined.


LaTeX Warning: Label `IsConjugate' multiply defined.


LaTeX Warning: Label `RandomCentralizerPcpGroup' multiply defined.

)
\openout1 = `polycyclic.aux'.

LaTeX Font Info:    Checking defaults for OML/cmm/m/it on input line 87.
LaTeX Font Info:    ... okay on input line 87.
LaTeX Font Info:    Checking defaults for T1/cmr/m/n on input line 87.
LaTeX Font Info:    ... okay on input line 87.
LaTeX Font Info:    Checking defaults for OT1/cmr/m/n on input line 87.
LaTeX Font Info:    ... okay on input line 87.
LaTeX Font Info:    Checking defaults for OMS/cmsy/m/n on input line 87.
LaTeX Font Info:    ... okay on input line 87.
LaTeX Font Info:    Checking defaults for OMX/cmex/m/n on input line 87.
LaTeX Font Info:    ... okay on input line 87.
LaTeX Font Info:    Checking defaults for U/cmr/m/n on input line 87.
LaTeX Font Info:    ... okay on input line 87.
LaTeX Font Info:    Checking defaults for TS1/cmr/m/n on input line 87.
LaTeX Font Info:    Try loading font information for TS1+cmr on input line 87.
 (/usr/local/texlive/2012/texmf-dist/tex/latex/base/ts1cmr.fd
File: ts1cmr.fd 1999/05/25 v2.5h Standard LaTeX font definitions
)
LaTeX Font Info:    ... okay on input line 87.
LaTeX Font Info:    Checking defaults for PD1/pdf/m/n on input line 87.
LaTeX Font Info:    ... okay on input line 87.
LaTeX Font Info:    Try loading font information for T1+ptm on input line 87.

(/usr/local/texlive/2012/texmf-dist/tex/latex/psnfss/t1ptm.fd
File: t1ptm.fd 2001/06/04 font definitions for T1/ptm.
)
(/usr/local/texlive/2012/texmf-dist/tex/context/base/supp-pdf.mkii
[Loading MPS to PDF converter (version 2006.09.02).]
\scratchcounter=\count103
\scratchdimen=\dimen107
\scratchbox=\box28
\nofMPsegments=\count104
\nofMParguments=\count105
\everyMPshowfont=\toks19
\MPscratchCnt=\count106
\MPscratchDim=\dimen108
\MPnumerator=\count107
\makeMPintoPDFobject=\count108
\everyMPtoPDFconversion=\toks20
)
\big@size=\dimen109
\AtBeginShipoutBox=\box29
Package hyperref Info: Link coloring ON on input line 87.
 (/usr/local/texlive/2012/texmf-dist/tex/latex/hyperref/nameref.sty
Package: nameref 2010/04/30 v2.40 Cross-referencing by name of section

(/usr/local/texlive/2012/texmf-dist/tex/generic/oberdiek/gettitlestring.sty
Package: gettitlestring 2010/12/03 v1.4 Cleanup title references (HO)
)
\c@section@level=\count109
)
LaTeX Info: Redefining \ref on input line 87.
LaTeX Info: Redefining \pageref on input line 87.
LaTeX Info: Redefining \nameref on input line 87.

(./polycyclic.out) (./polycyclic.out)
\@outlinefile=\write6
\openout6 = `polycyclic.out'.

LaTeX Font Info:    Font shape `T1/ptm/bx/n' in size <50> not available
(Font)              Font shape `T1/ptm/b/n' tried instead on input line 93.
LaTeX Font Info:    Try loading font information for T1+phv on input line 93.

(/usr/local/texlive/2012/texmf-dist/tex/latex/psnfss/t1phv.fd
File: t1phv.fd 2001/06/04 scalable font definitions for T1/phv.
)
LaTeX Font Info:    Font shape `T1/phv/bx/n' in size <50> not available
(Font)              Font shape `T1/phv/b/n' tried instead on input line 93.
LaTeX Font Info:    Font shape `T1/ptm/bx/n' in size <14.4> not available
(Font)              Font shape `T1/ptm/b/n' tried instead on input line 101.
LaTeX Font Info:    Font shape `T1/ptm/bx/n' in size <10> not available
(Font)              Font shape `T1/ptm/b/n' tried instead on input line 109.
LaTeX Font Info:    Try loading font information for T1+cmtt on input line 109.


(/usr/local/texlive/2012/texmf-dist/tex/latex/base/t1cmtt.fd
File: t1cmtt.fd 1999/05/25 v2.5h Standard LaTeX font definitions
)
Underfull \hbox (badness 10000) in paragraph at lines 107--133

 []

[1

{/Users/mhorn/Library/texlive/2012/texmf-var/fonts/map/pdftex/updmap/pdftex.map
}]
LaTeX Font Info:    Try loading font information for TS1+ptm on input line 139.

 (/usr/local/texlive/2012/texmf-dist/tex/latex/psnfss/ts1ptm.fd
File: ts1ptm.fd 2001/06/04 font definitions for TS1/ptm.
)
Underfull \hbox (badness 10000) in paragraph at lines 141--145

 []


Underfull \hbox (badness 10000) in paragraph at lines 147--149

 []

[2]
LaTeX Font Info:    Font shape `T1/ptm/bx/n' in size <24.88> not available
(Font)              Font shape `T1/ptm/b/n' tried instead on input line 153.
 (./polycyclic.toc
LaTeX Font Info:    Font shape `T1/ptm/bx/n' in size <10.95> not available
(Font)              Font shape `T1/ptm/b/n' tried instead on input line 1.
LaTeX Font Info:    Try loading font information for OT1+ztmcm on input line 4.


(/usr/local/texlive/2012/texmf-dist/tex/latex/psnfss/ot1ztmcm.fd
File: ot1ztmcm.fd 2000/01/03 Fontinst v1.801 font definitions for OT1/ztmcm.
)
LaTeX Font Info:    Try loading font information for OML+ztmcm on input line 4.


(/usr/local/texlive/2012/texmf-dist/tex/latex/psnfss/omlztmcm.fd
File: omlztmcm.fd 2000/01/03 Fontinst v1.801 font definitions for OML/ztmcm.
)
LaTeX Font Info:    Try loading font information for OMS+ztmcm on input line 4.


(/usr/local/texlive/2012/texmf-dist/tex/latex/psnfss/omsztmcm.fd
File: omsztmcm.fd 2000/01/03 Fontinst v1.801 font definitions for OMS/ztmcm.
)
LaTeX Font Info:    Try loading font information for OMX+ztmcm on input line 4.


(/usr/local/texlive/2012/texmf-dist/tex/latex/psnfss/omxztmcm.fd
File: omxztmcm.fd 2000/01/03 Fontinst v1.801 font definitions for OMX/ztmcm.
)
LaTeX Font Info:    Try loading font information for OT1+ptm on input line 4.

(/usr/local/texlive/2012/texmf-dist/tex/latex/psnfss/ot1ptm.fd
File: ot1ptm.fd 2001/06/04 font definitions for OT1/ptm.
)
LaTeX Font Info:    Font shape `OT1/ptm/bx/n' in size <10.95> not available
(Font)              Font shape `OT1/ptm/b/n' tried instead on input line 4.
LaTeX Font Info:    Font shape `OT1/ptm/bx/n' in size <8> not available
(Font)              Font shape `OT1/ptm/b/n' tried instead on input line 4.
LaTeX Font Info:    Font shape `OT1/ptm/bx/n' in size <6> not available
(Font)              Font shape `OT1/ptm/b/n' tried instead on input line 4.
 [3

])
\tf@toc=\write7
\openout7 = `polycyclic.toc'.

 [4]
Chapter 1.
LaTeX Font Info:    Font shape `T1/ptm/bx/n' in size <20.74> not available
(Font)              Font shape `T1/ptm/b/n' tried instead on input line 157.
[5

]
Chapter 2.
[6

] [7]
Chapter 3.
LaTeX Font Info:    Font shape `T1/ptm/bx/n' in size <12> not available
(Font)              Font shape `T1/ptm/b/n' tried instead on input line 272.

Underfull \hbox (badness 10000) in paragraph at lines 275--278

 []

[8

]
LaTeX Font Info:    Font shape `T1/cmtt/bx/n' in size <10> not available
(Font)              Font shape `T1/cmtt/m/n' tried instead on input line 285.

Underfull \hbox (badness 10000) in paragraph at lines 300--306

 []


Underfull \hbox (badness 10000) in paragraph at lines 332--338

 []


Underfull \hbox (badness 10000) in paragraph at lines 354--360

 []

[9]
Underfull \hbox (badness 10000) in paragraph at lines 374--377

 []


Underfull \hbox (badness 10000) in paragraph at lines 389--392

 []


Underfull \hbox (badness 10000) in paragraph at lines 399--400
[]\T1/ptm/m/n/10.95 Note that \T1/cmtt/m/n/10.95 UpdatePolycyclicCollector \T1/
ptm/m/n/10.95 is au-to-mat-i-cally called by the func-tion
 []


Underfull \hbox (badness 10000) in paragraph at lines 406--409

 []

[10]
Underfull \hbox (badness 10000) in paragraph at lines 436--439
\T1/ptm/m/n/10.95 The cor-re-spond-ing con-ju-gate re-la-tions are au-to-mat-i-
cally com-puted by
 []


Underfull \hbox (badness 10000) in paragraph at lines 468--471

 []


Underfull \hbox (badness 10000) in paragraph at lines 480--486

 []

[11]
Underfull \hbox (badness 10000) in paragraph at lines 499--505

 []


Underfull \hbox (badness 10000) in paragraph at lines 518--521

 []


Underfull \hbox (badness 10000) in paragraph at lines 530--533

 []


Underfull \hbox (badness 10000) in paragraph at lines 542--545

 []

[12]
Underfull \hbox (badness 10000) in paragraph at lines 573--576

 []


Underfull \hbox (badness 10000) in paragraph at lines 587--590

 []


Underfull \hbox (badness 10000) in paragraph at lines 601--604

 []


Underfull \hbox (badness 10000) in paragraph at lines 613--616

 []


Underfull \hbox (badness 10000) in paragraph at lines 625--628

 []


Underfull \hbox (badness 10000) in paragraph at lines 637--640

 []

[13]
Underfull \hbox (badness 10000) in paragraph at lines 651--654

 []


Underfull \hbox (badness 10000) in paragraph at lines 665--668

 []


Underfull \hbox (badness 10000) in paragraph at lines 679--682

 []

[14]
Chapter 4.

Underfull \hbox (badness 10000) in paragraph at lines 708--714

 []


Underfull \hbox (badness 10000) in paragraph at lines 724--730

 []


Underfull \hbox (badness 10000) in paragraph at lines 745--748

 []

[15

]
Underfull \hbox (badness 10000) in paragraph at lines 757--760

 []


Underfull \hbox (badness 10000) in paragraph at lines 786--789

 []


Underfull \hbox (badness 10000) in paragraph at lines 798--801

 []


Underfull \hbox (badness 10000) in paragraph at lines 810--813

 []


Underfull \hbox (badness 10000) in paragraph at lines 822--825

 []

[16]
Underfull \hbox (badness 10000) in paragraph at lines 834--837

 []


Underfull \hbox (badness 10000) in paragraph at lines 846--849

 []


Underfull \hbox (badness 10000) in paragraph at lines 858--861

 []


Underfull \hbox (badness 10000) in paragraph at lines 870--873

 []


Underfull \hbox (badness 10000) in paragraph at lines 882--885

 []


Underfull \hbox (badness 10000) in paragraph at lines 894--897

 []


Underfull \hbox (badness 10000) in paragraph at lines 906--909

 []

[17]
Underfull \hbox (badness 10000) in paragraph at lines 926--932

 []


Underfull \hbox (badness 1082) in paragraph at lines 936--937
[]\T1/ptm/m/n/10.95 The func-tion calls \T1/cmtt/m/n/10.95 UpdatePolycyclicColl
ector \T1/ptm/m/n/10.95 ([][]3.1.6[][]) and checks the con-flu-ence (see
 []


Underfull \hbox (badness 10000) in paragraph at lines 945--948

 []


Underfull \hbox (badness 10000) in paragraph at lines 957--960

 []

[18]
Chapter 5.
LaTeX Font Info:    Font shape `T1/cmtt/bx/n' in size <12> not available
(Font)              Font shape `T1/cmtt/m/n' tried instead on input line 997.

Underfull \hbox (badness 10000) in paragraph at lines 1000--1003

 []


Underfull \hbox (badness 10000) in paragraph at lines 1012--1015

 []


Underfull \hbox (badness 10000) in paragraph at lines 1024--1027

 []


Underfull \hbox (badness 10000) in paragraph at lines 1036--1039

 []

[19

]
Underfull \hbox (badness 10000) in paragraph at lines 1048--1051

 []


Underfull \hbox (badness 10000) in paragraph at lines 1060--1063

 []


Underfull \hbox (badness 10000) in paragraph at lines 1072--1075

 []


Underfull \hbox (badness 10000) in paragraph at lines 1084--1087

 []


Underfull \hbox (badness 10000) in paragraph at lines 1096--1099

 []


Underfull \hbox (badness 10000) in paragraph at lines 1108--1111

 []


Underfull \hbox (badness 10000) in paragraph at lines 1120--1123

 []


Underfull \hbox (badness 10000) in paragraph at lines 1132--1135

 []

[20]
Underfull \hbox (badness 10000) in paragraph at lines 1151--1154

 []


Underfull \hbox (badness 10000) in paragraph at lines 1163--1166

 []


Underfull \hbox (badness 10000) in paragraph at lines 1175--1178

 []


Underfull \hbox (badness 10000) in paragraph at lines 1187--1190

 []


Underfull \hbox (badness 10000) in paragraph at lines 1199--1202

 []


Underfull \hbox (badness 10000) in paragraph at lines 1211--1214

 []

[21]
Underfull \hbox (badness 10000) in paragraph at lines 1235--1244

 []


Underfull \hbox (badness 10000) in paragraph at lines 1254--1260

 []


Underfull \hbox (badness 10000) in paragraph at lines 1269--1278

 []


Underfull \hbox (badness 10000) in paragraph at lines 1292--1298

 []

[22]
Underfull \hbox (badness 10000) in paragraph at lines 1308--1317

 []


Underfull \hbox (badness 10000) in paragraph at lines 1340--1346

 []


Underfull \hbox (badness 10000) in paragraph at lines 1358--1361

 []


Underfull \hbox (badness 10000) in paragraph at lines 1370--1373

 []

[23]
Underfull \hbox (badness 10000) in paragraph at lines 1382--1385

 []


Underfull \hbox (badness 10000) in paragraph at lines 1394--1397

 []


Underfull \hbox (badness 10000) in paragraph at lines 1406--1409

 []


Underfull \hbox (badness 10000) in paragraph at lines 1418--1421

 []


Underfull \hbox (badness 10000) in paragraph at lines 1430--1433

 []


Underfull \hbox (badness 10000) in paragraph at lines 1442--1445

 []


Underfull \hbox (badness 10000) in paragraph at lines 1457--1460

 []

[24]
Underfull \hbox (badness 10000) in paragraph at lines 1469--1472

 []

[25]
Underfull \hbox (badness 10000) in paragraph at lines 1544--1547

 []


Underfull \hbox (badness 10000) in paragraph at lines 1556--1562

 []


Underfull \hbox (badness 10000) in paragraph at lines 1581--1584

 []


Underfull \hbox (badness 10000) in paragraph at lines 1593--1596

 []


Underfull \hbox (badness 10000) in paragraph at lines 1605--1614

 []

[26]
Underfull \hbox (badness 10000) in paragraph at lines 1623--1626

 []


Underfull \hbox (badness 10000) in paragraph at lines 1635--1638

 []


Underfull \hbox (badness 10000) in paragraph at lines 1647--1650

 []


Underfull \hbox (badness 10000) in paragraph at lines 1666--1669

 []


Underfull \hbox (badness 10000) in paragraph at lines 1679--1682

 []

[27]
Underfull \hbox (badness 10000) in paragraph at lines 1720--1726

 []


Underfull \hbox (badness 10000) in paragraph at lines 1748--1751

 []


Underfull \hbox (badness 10000) in paragraph at lines 1766--1769

 []

[28]
Underfull \hbox (badness 10000) in paragraph at lines 1779--1782

 []


Underfull \hbox (badness 10000) in paragraph at lines 1792--1795

 []

[29]
Chapter 6.

Underfull \hbox (badness 10000) in paragraph at lines 1818--1821

 []


Underfull \hbox (badness 10000) in paragraph at lines 1830--1833

 []


Underfull \hbox (badness 10000) in paragraph at lines 1842--1845

 []


Underfull \hbox (badness 10000) in paragraph at lines 1854--1857

 []


Underfull \hbox (badness 10000) in paragraph at lines 1867--1870

 []

[30

]
Underfull \hbox (badness 10000) in paragraph at lines 1883--1886

 []


Underfull \hbox (badness 10000) in paragraph at lines 1895--1898

 []


Underfull \hbox (badness 10000) in paragraph at lines 1908--1911

 []


Underfull \hbox (badness 10000) in paragraph at lines 1931--1934

 []


Underfull \hbox (badness 10000) in paragraph at lines 1944--1947

 []

[31] [32]
Chapter 7.

Underfull \hbox (badness 10000) in paragraph at lines 1975--1978

 []


Underfull \hbox (badness 10000) in paragraph at lines 1987--1990

 []


Underfull \hbox (badness 10000) in paragraph at lines 1999--2002

 []


Underfull \hbox (badness 10000) in paragraph at lines 2011--2014

 []


Underfull \hbox (badness 10000) in paragraph at lines 2023--2026

 []

[33

]
Underfull \hbox (badness 10000) in paragraph at lines 2036--2039

 []


Underfull \hbox (badness 10000) in paragraph at lines 2049--2052

 []


Underfull \hbox (badness 10000) in paragraph at lines 2062--2065

 []


Underfull \hbox (badness 10000) in paragraph at lines 2075--2078

 []

[34]
Underfull \hbox (badness 10000) in paragraph at lines 2106--2109

 []


Underfull \hbox (badness 10000) in paragraph at lines 2120--2123

 []

[35]
Underfull \hbox (badness 10000) in paragraph at lines 2178--2184

 []


Underfull \hbox (badness 10000) in paragraph at lines 2213--2219

 []


Underfull \hbox (badness 10000) in paragraph at lines 2228--2234

 []

[36] [37]
Underfull \hbox (badness 10000) in paragraph at lines 2294--2300

 []


Underfull \hbox (badness 10000) in paragraph at lines 2315--2324

 []


Underfull \hbox (badness 10000) in paragraph at lines 2339--2342

 []


Underfull \hbox (badness 10000) in paragraph at lines 2359--2362

 []


Underfull \hbox (badness 10000) in paragraph at lines 2372--2375

 []

[38pdfTeX warning (ext4): destination with the same identifier (name{L.X7A2BF45
27E08803C}) has been already used, duplicate ignored

\AtBegShi@Output ...ipout \box \AtBeginShipoutBox 
                                                  \fi \fi 
l.2377  E
         ach polycyclic groups has a unique largest finite normal subgroup. ...
]
Underfull \hbox (badness 10000) in paragraph at lines 2385--2388

 []


Underfull \hbox (badness 10000) in paragraph at lines 2397--2400

 []


Underfull \hbox (badness 10000) in paragraph at lines 2412--2415

 []

[39]
Underfull \hbox (badness 10000) in paragraph at lines 2462--2465

 []


Underfull \hbox (badness 10000) in paragraph at lines 2475--2478

 []


Underfull \hbox (badness 10000) in paragraph at lines 2487--2490

 []


Underfull \hbox (badness 10000) in paragraph at lines 2499--2502

 []

[40]
Underfull \hbox (badness 10000) in paragraph at lines 2544--2547

 []


Underfull \hbox (badness 10000) in paragraph at lines 2556--2559

 []


Underfull \hbox (badness 10000) in paragraph at lines 2568--2571

 []


Underfull \hbox (badness 10000) in paragraph at lines 2580--2583

 []


Underfull \hbox (badness 10000) in paragraph at lines 2593--2596

 []


Underfull \hbox (badness 10000) in paragraph at lines 2605--2608

 []

[41]
Underfull \hbox (badness 10000) in paragraph at lines 2629--2632

 []

[42]
Underfull \hbox (badness 10000) in paragraph at lines 2690--2699

 []


Underfull \hbox (badness 10000) in paragraph at lines 2736--2739

 []

[43]
Underfull \hbox (badness 10000) in paragraph at lines 2763--2766

 []


Underfull \hbox (badness 2158) in paragraph at lines 2768--2771
[]\T1/ptm/m/n/10.95 returns the pro-jec-tion from the Schur ex-ten-sion $\OML/z
tmcm/m/it/10.95 G[]$ \T1/ptm/m/n/10.95 of [] onto []. See the func-tion
 []


Underfull \hbox (badness 10000) in paragraph at lines 2804--2807

 []

[44]
Underfull \hbox (badness 10000) in paragraph at lines 2829--2832

 []


Underfull \hbox (badness 10000) in paragraph at lines 2853--2856

 []


Underfull \hbox (badness 10000) in paragraph at lines 2887--2890

 []

[45]
Underfull \hbox (badness 10000) in paragraph at lines 2913--2916

 []

[46]
Underfull \hbox (badness 10000) in paragraph at lines 2952--2955

 []


Underfull \hbox (badness 10000) in paragraph at lines 2988--2991

 []


Underfull \hbox (badness 10000) in paragraph at lines 3000--3003

 []


Underfull \hbox (badness 10000) in paragraph at lines 3012--3015

 []

[47]
Underfull \hbox (badness 10000) in paragraph at lines 3024--3027

 []


Underfull \hbox (badness 10000) in paragraph at lines 3043--3046

 []

[48]
Chapter 8.

Underfull \hbox (badness 10000) in paragraph at lines 3077--3080

 []


Underfull \hbox (badness 10000) in paragraph at lines 3090--3096

 []

LaTeX Font Info:    Font shape `T1/cmtt/bx/n' in size <10.95> not available
(Font)              Font shape `T1/cmtt/m/n' tried instead on input line 3103.
[49

]
Underfull \hbox (badness 10000) in paragraph at lines 3142--3160

 []

[50]
Underfull \hbox (badness 10000) in paragraph at lines 3191--3194

 []


Underfull \hbox (badness 10000) in paragraph at lines 3215--3218

 []

[51]
Underfull \hbox (badness 10000) in paragraph at lines 3233--3236

 []


Underfull \hbox (badness 10000) in paragraph at lines 3250--3253

 []


Underfull \hbox (badness 10000) in paragraph at lines 3270--3273

 []


Underfull \hbox (badness 10000) in paragraph at lines 3283--3286

 []

[52]
Underfull \hbox (badness 10000) in paragraph at lines 3295--3298

 []


Underfull \hbox (badness 10000) in paragraph at lines 3307--3310

 []


Underfull \hbox (badness 10000) in paragraph at lines 3321--3324

 []


Underfull \hbox (badness 10000) in paragraph at lines 3334--3337

 []


Underfull \hbox (badness 10000) in paragraph at lines 3346--3349

 []


Underfull \hbox (badness 10000) in paragraph at lines 3358--3361

 []

[53]
Underfull \hbox (badness 10000) in paragraph at lines 3370--3373

 []

[54] [55]
Chapter 9.

Underfull \hbox (badness 10000) in paragraph at lines 3446--3449

 []


Underfull \hbox (badness 10000) in paragraph at lines 3459--3462

 []


Underfull \hbox (badness 10000) in paragraph at lines 3482--3485

 []

[56

]
Underfull \hbox (badness 10000) in paragraph at lines 3497--3500

 []


Underfull \hbox (badness 10000) in paragraph at lines 3510--3513

 []


Underfull \hbox (badness 10000) in paragraph at lines 3522--3525

 []


Underfull \hbox (badness 10000) in paragraph at lines 3534--3537

 []


Underfull \hbox (badness 10000) in paragraph at lines 3560--3563

 []

[57] [58]
Appendix A.
(./polycyclic.bbl (./polycyclic.brf)
\tf@brf=\write8
\openout8 = `polycyclic.brf'.

 [59

] [60

]) [61] (./polycyclic.indpdfTeX warning (ext4): destination with the same ident
ifier (name{L.X83A0356F839C696F}) has been already used, duplicate ignored
<to be read again> 
                   \relax 
l.1 \begin{theindex}
                     [62


]
Underfull \hbox (badness 10000) in paragraph at lines 117--119
[]\T1/cmtt/m/n/10.95 Isomorphism\T1/ptm/m/n/10.95 -\T1/cmtt/m/n/10.95 Pcp\T1/pt
m/m/n/10.95 -\T1/cmtt/m/n/10.95 Group\T1/ptm/m/n/10.95 -\T1/cmtt/m/n/10.95 From
\T1/ptm/m/n/10.95 -\T1/cmtt/m/n/10.95 Fp\T1/ptm/m/n/10.95 -\T1/cmtt/m/n/10.95 G
roup\T1/ptm/m/n/10.95 -\T1/cmtt/m/n/10.95 With\T1/ptm/m/n/10.95 -\T1/cmtt/m/n/1
0.95 Pc\T1/ptm/m/n/10.95 -
 []


Underfull \hbox (badness 10000) in paragraph at lines 119--121
[]\T1/cmtt/m/n/10.95 Isomorphism\T1/ptm/m/n/10.95 -\T1/cmtt/m/n/10.95 Upper\T1/
ptm/m/n/10.95 -\T1/cmtt/m/n/10.95 Unitri\T1/ptm/m/n/10.95 -\T1/cmtt/m/n/10.95 M
at\T1/ptm/m/n/10.95 -\T1/cmtt/m/n/10.95 Group\T1/ptm/m/n/10.95 -\T1/cmtt/m/n/10
.95 Pcp\T1/ptm/m/n/10.95 -
 []


Underfull \hbox (badness 10000) in paragraph at lines 156--158
[]\T1/cmtt/m/n/10.95 Non\T1/ptm/m/n/10.95 -\T1/cmtt/m/n/10.95 Abelian\T1/ptm/m/
n/10.95 -\T1/cmtt/m/n/10.95 Exterior\T1/ptm/m/n/10.95 -\T1/cmtt/m/n/10.95 Squar
e\T1/ptm/m/n/10.95 -\T1/cmtt/m/n/10.95 Plus\T1/ptm/m/n/10.95 -\T1/cmtt/m/n/10.9
5 Embedding\T1/ptm/m/n/10.95 ,
 []


Underfull \hbox (badness 10000) in paragraph at lines 161--163
[]\T1/cmtt/m/n/10.95 Non\T1/ptm/m/n/10.95 -\T1/cmtt/m/n/10.95 Abelian\T1/ptm/m/
n/10.95 -\T1/cmtt/m/n/10.95 Tensor\T1/ptm/m/n/10.95 -\T1/cmtt/m/n/10.95 Square\
T1/ptm/m/n/10.95 -\T1/cmtt/m/n/10.95 Plus\T1/ptm/m/n/10.95 -\T1/cmtt/m/n/10.95 
Epimorphism\T1/ptm/m/n/10.95 ,
 []

[63] [64

])
Package atveryend Info: Empty hook `BeforeClearDocument' on input line 3628.
Package atveryend Info: Empty hook `AfterLastShipout' on input line 3628.
 (./polycyclic.aux)
Package atveryend Info: Executing hook `AtVeryEndDocument' on input line 3628.
Package atveryend Info: Executing hook `AtEndAfterFileList' on input line 3628.



Package rerunfilecheck Warning: File `polycyclic.out' has changed.
(rerunfilecheck)                Rerun to get outlines right
(rerunfilecheck)                or use package `bookmark'.

Package rerunfilecheck Info: Checksums for `polycyclic.out':
(rerunfilecheck)             Before: DEC3605A88C2E926AD170AF0F8737810;3394
(rerunfilecheck)             After:  6DC4BE789126C1427EF8F6C9ABACD9C7;3436.
Package rerunfilecheck Info: File `polycyclic.brf' has not changed.
(rerunfilecheck)             Checksum: A0652E8FC82AA68AD535ECE71DC09A1F;1755.

LaTeX Warning: There were multiply-defined labels.

Package atveryend Info: Empty hook `AtVeryVeryEnd' on input line 3628.
 ) 
Here is how much of TeX's memory you used:
 7675 strings out of 493488
 114198 string characters out of 3141327
 197193 words of memory out of 3000000
 10321 multiletter control sequences out of 15000+200000
 78501 words of font info for 105 fonts, out of 3000000 for 9000
 957 hyphenation exceptions out of 8191
 32i,10n,31p,828b,633s stack positions out of 5000i,500n,10000p,200000b,50000s
{/Users/mhorn/Library/texmf/fonts/enc/dvips/cm-super-t1.enc}{/usr/local/texli
ve/2012/texmf-dist/fonts/enc/dvips/base/8r.enc}</usr/local/texlive/2012/texmf-d
ist/fonts/type1/public/amsfonts/cm/cmex10.pfb></usr/local/texlive/2012/texmf-di
st/fonts/type1/public/amsfonts/cm/cmmi10.pfb></usr/local/texlive/2012/texmf-dis
t/fonts/type1/public/amsfonts/cm/cmr10.pfb></usr/local/texlive/2012/texmf-dist/
fonts/type1/public/amsfonts/cm/cmsy10.pfb></usr/local/texlive/2012/texmf-dist/f
onts/type1/public/amsfonts/symbols/msam10.pfb></usr/local/texlive/2012/texmf-di
st/fonts/type1/public/amsfonts/symbols/msbm10.pfb></Users/mhorn/Library/texmf/f
onts/type1/public/cm-super/sfst1095.pfb></Users/mhorn/Library/texmf/fonts/type1
/public/cm-super/sftt1000.pfb></Users/mhorn/Library/texmf/fonts/type1/public/cm
-super/sftt1095.pfb></Users/mhorn/Library/texmf/fonts/type1/public/cm-super/sft
t1200.pfb></usr/local/texlive/2012/texmf-dist/fonts/type1/urw/helvetic/uhvb8a.p
fb></usr/local/texlive/2012/texmf-dist/fonts/type1/urw/helvetic/uhvr8a.pfb></us
r/local/texlive/2012/texmf-dist/fonts/type1/urw/helvetic/uhvro8a.pfb></usr/loca
l/texlive/2012/texmf-dist/fonts/type1/urw/symbol/usyr.pfb></usr/local/texlive/2
012/texmf-dist/fonts/type1/urw/symbol/usyr.pfb></usr/local/texlive/2012/texmf-d
ist/fonts/type1/urw/times/utmb8a.pfb></usr/local/texlive/2012/texmf-dist/fonts/
type1/urw/times/utmr8a.pfb></usr/local/texlive/2012/texmf-dist/fonts/type1/urw/
times/utmri8a.pfb>
Output written on polycyclic.pdf (64 pages, 368626 bytes).
PDF statistics:
 1403 PDF objects out of 1440 (max. 8388607)
 1305 compressed objects within 14 object streams
 522 named destinations out of 1000 (max. 500000)
 361 words of extra memory for PDF output out of 10000 (max. 10000000)

