This is pdfTeX, Version 3.1415926-2.5-1.40.14 (TeX Live 2013) (format=pdflatex 2014.3.3)  1 JUN 2015 16:25
entering extended mode
 restricted \write18 enabled.
 %&-line parsing enabled.
**main
(./main.tex
LaTeX2e <2011/06/27>
Babel <3.9f> and hyphenation patterns for 78 languages loaded.
(/usr/local/texlive/2013/texmf-dist/tex/latex/base/report.cls
Document Class: report 2007/10/19 v1.4h Standard LaTeX document class
(/usr/local/texlive/2013/texmf-dist/tex/latex/base/size11.clo
File: size11.clo 2007/10/19 v1.4h Standard LaTeX file (size option)
)
\c@part=\count79
\c@chapter=\count80
\c@section=\count81
\c@subsection=\count82
\c@subsubsection=\count83
\c@paragraph=\count84
\c@subparagraph=\count85
\c@figure=\count86
\c@table=\count87
\abovecaptionskip=\skip41
\belowcaptionskip=\skip42
\bibindent=\dimen102
)
(/usr/local/texlive/2013/texmf-dist/tex/latex/a4wide/a4wide.sty
Package: a4wide 1994/08/30

(/usr/local/texlive/2013/texmf-dist/tex/latex/ntgclass/a4.sty
Package: a4 2004/04/15 v1.2g A4 based page layout
))
(/usr/local/texlive/2013/texmf-dist/tex/latex/amsfonts/amssymb.sty
Package: amssymb 2013/01/14 v3.01 AMS font symbols

(/usr/local/texlive/2013/texmf-dist/tex/latex/amsfonts/amsfonts.sty
Package: amsfonts 2013/01/14 v3.01 Basic AMSFonts support
\@emptytoks=\toks14
\symAMSa=\mathgroup4
\symAMSb=\mathgroup5
LaTeX Font Info:    Overwriting math alphabet `\mathfrak' in version `bold'
(Font)                  U/euf/m/n --> U/euf/b/n on input line 106.
))
(/usr/local/texlive/2013/texmf-dist/tex/latex/base/inputenc.sty
Package: inputenc 2008/03/30 v1.1d Input encoding file
\inpenc@prehook=\toks15
\inpenc@posthook=\toks16

(/usr/local/texlive/2013/texmf-dist/tex/latex/base/latin1.def
File: latin1.def 2008/03/30 v1.1d Input encoding file
))
(/usr/local/texlive/2013/texmf-dist/tex/latex/base/makeidx.sty
Package: makeidx 2000/03/29 v1.0m Standard LaTeX package
)
\@indexfile=\write3
\openout3 = `main.idx'.


Writing index file main.idx
(/usr/local/texlive/2013/texmf-dist/tex/latex/graphics/color.sty
Package: color 2005/11/14 v1.0j Standard LaTeX Color (DPC)

(/usr/local/texlive/2013/texmf-dist/tex/latex/latexconfig/color.cfg
File: color.cfg 2007/01/18 v1.5 color configuration of teTeX/TeXLive
)
Package color Info: Driver file: pdftex.def on input line 130.

(/usr/local/texlive/2013/texmf-dist/tex/latex/pdftex-def/pdftex.def
File: pdftex.def 2011/05/27 v0.06d Graphics/color for pdfTeX

(/usr/local/texlive/2013/texmf-dist/tex/generic/oberdiek/infwarerr.sty
Package: infwarerr 2010/04/08 v1.3 Providing info/warning/error messages (HO)
)
(/usr/local/texlive/2013/texmf-dist/tex/generic/oberdiek/ltxcmds.sty
Package: ltxcmds 2011/11/09 v1.22 LaTeX kernel commands for general use (HO)
)
\Gread@gobject=\count88
))
(/usr/local/texlive/2013/texmf-dist/tex/latex/fancyvrb/fancyvrb.sty
Package: fancyvrb 2008/02/07

Style option: `fancyvrb' v2.7a, with DG/SPQR fixes, and firstline=lastline fix 
<2008/02/07> (tvz)
(/usr/local/texlive/2013/texmf-dist/tex/latex/graphics/keyval.sty
Package: keyval 1999/03/16 v1.13 key=value parser (DPC)
\KV@toks@=\toks17
)
\FV@CodeLineNo=\count89
\FV@InFile=\read1
\FV@TabBox=\box26
\c@FancyVerbLine=\count90
\FV@StepNumber=\count91
\FV@OutFile=\write4
)
(/usr/local/texlive/2013/texmf-dist/tex/latex/psnfss/mathptmx.sty
Package: mathptmx 2005/04/12 PSNFSS-v9.2a Times w/ Math, improved (SPQR, WaS) 
LaTeX Font Info:    Redeclaring symbol font `operators' on input line 28.
LaTeX Font Info:    Overwriting symbol font `operators' in version `normal'
(Font)                  OT1/cmr/m/n --> OT1/ztmcm/m/n on input line 28.
LaTeX Font Info:    Overwriting symbol font `operators' in version `bold'
(Font)                  OT1/cmr/bx/n --> OT1/ztmcm/m/n on input line 28.
LaTeX Font Info:    Redeclaring symbol font `letters' on input line 29.
LaTeX Font Info:    Overwriting symbol font `letters' in version `normal'
(Font)                  OML/cmm/m/it --> OML/ztmcm/m/it on input line 29.
LaTeX Font Info:    Overwriting symbol font `letters' in version `bold'
(Font)                  OML/cmm/b/it --> OML/ztmcm/m/it on input line 29.
LaTeX Font Info:    Redeclaring symbol font `symbols' on input line 30.
LaTeX Font Info:    Overwriting symbol font `symbols' in version `normal'
(Font)                  OMS/cmsy/m/n --> OMS/ztmcm/m/n on input line 30.
LaTeX Font Info:    Overwriting symbol font `symbols' in version `bold'
(Font)                  OMS/cmsy/b/n --> OMS/ztmcm/m/n on input line 30.
LaTeX Font Info:    Redeclaring symbol font `largesymbols' on input line 31.
LaTeX Font Info:    Overwriting symbol font `largesymbols' in version `normal'
(Font)                  OMX/cmex/m/n --> OMX/ztmcm/m/n on input line 31.
LaTeX Font Info:    Overwriting symbol font `largesymbols' in version `bold'
(Font)                  OMX/cmex/m/n --> OMX/ztmcm/m/n on input line 31.
\symbold=\mathgroup6
\symitalic=\mathgroup7
LaTeX Font Info:    Redeclaring math alphabet \mathbf on input line 34.
LaTeX Font Info:    Overwriting math alphabet `\mathbf' in version `normal'
(Font)                  OT1/cmr/bx/n --> OT1/ptm/bx/n on input line 34.
LaTeX Font Info:    Overwriting math alphabet `\mathbf' in version `bold'
(Font)                  OT1/cmr/bx/n --> OT1/ptm/bx/n on input line 34.
LaTeX Font Info:    Redeclaring math alphabet \mathit on input line 35.
LaTeX Font Info:    Overwriting math alphabet `\mathit' in version `normal'
(Font)                  OT1/cmr/m/it --> OT1/ptm/m/it on input line 35.
LaTeX Font Info:    Overwriting math alphabet `\mathit' in version `bold'
(Font)                  OT1/cmr/bx/it --> OT1/ptm/m/it on input line 35.
LaTeX Info: Redefining \hbar on input line 50.
)
(/usr/local/texlive/2013/texmf-dist/tex/latex/psnfss/helvet.sty
Package: helvet 2005/04/12 PSNFSS-v9.2a (WaS) 
)
(/usr/local/texlive/2013/texmf-dist/tex/latex/base/fontenc.sty
Package: fontenc 2005/09/27 v1.99g Standard LaTeX package

(/usr/local/texlive/2013/texmf-dist/tex/latex/base/t1enc.def
File: t1enc.def 2005/09/27 v1.99g Standard LaTeX file
LaTeX Font Info:    Redeclaring font encoding T1 on input line 43.
))
(/usr/local/texlive/2013/texmf-dist/tex/latex/base/textcomp.sty
Package: textcomp 2005/09/27 v1.99g Standard LaTeX package
Package textcomp Info: Sub-encoding information:
(textcomp)               5 = only ISO-Adobe without \textcurrency
(textcomp)               4 = 5 + \texteuro
(textcomp)               3 = 4 + \textohm
(textcomp)               2 = 3 + \textestimated + \textcurrency
(textcomp)               1 = TS1 - \textcircled - \t
(textcomp)               0 = TS1 (full)
(textcomp)             Font families with sub-encoding setting implement
(textcomp)             only a restricted character set as indicated.
(textcomp)             Family '?' is the default used for unknown fonts.
(textcomp)             See the documentation for details.
Package textcomp Info: Setting ? sub-encoding to TS1/1 on input line 71.

(/usr/local/texlive/2013/texmf-dist/tex/latex/base/ts1enc.def
File: ts1enc.def 2001/06/05 v3.0e (jk/car/fm) Standard LaTeX file
)
LaTeX Info: Redefining \oldstylenums on input line 266.
Package textcomp Info: Setting cmr sub-encoding to TS1/0 on input line 281.
Package textcomp Info: Setting cmss sub-encoding to TS1/0 on input line 282.
Package textcomp Info: Setting cmtt sub-encoding to TS1/0 on input line 283.
Package textcomp Info: Setting cmvtt sub-encoding to TS1/0 on input line 284.
Package textcomp Info: Setting cmbr sub-encoding to TS1/0 on input line 285.
Package textcomp Info: Setting cmtl sub-encoding to TS1/0 on input line 286.
Package textcomp Info: Setting ccr sub-encoding to TS1/0 on input line 287.
Package textcomp Info: Setting ptm sub-encoding to TS1/4 on input line 288.
Package textcomp Info: Setting pcr sub-encoding to TS1/4 on input line 289.
Package textcomp Info: Setting phv sub-encoding to TS1/4 on input line 290.
Package textcomp Info: Setting ppl sub-encoding to TS1/3 on input line 291.
Package textcomp Info: Setting pag sub-encoding to TS1/4 on input line 292.
Package textcomp Info: Setting pbk sub-encoding to TS1/4 on input line 293.
Package textcomp Info: Setting pnc sub-encoding to TS1/4 on input line 294.
Package textcomp Info: Setting pzc sub-encoding to TS1/4 on input line 295.
Package textcomp Info: Setting bch sub-encoding to TS1/4 on input line 296.
Package textcomp Info: Setting put sub-encoding to TS1/5 on input line 297.
Package textcomp Info: Setting uag sub-encoding to TS1/5 on input line 298.
Package textcomp Info: Setting ugq sub-encoding to TS1/5 on input line 299.
Package textcomp Info: Setting ul8 sub-encoding to TS1/4 on input line 300.
Package textcomp Info: Setting ul9 sub-encoding to TS1/4 on input line 301.
Package textcomp Info: Setting augie sub-encoding to TS1/5 on input line 302.
Package textcomp Info: Setting dayrom sub-encoding to TS1/3 on input line 303.
Package textcomp Info: Setting dayroms sub-encoding to TS1/3 on input line 304.

Package textcomp Info: Setting pxr sub-encoding to TS1/0 on input line 305.
Package textcomp Info: Setting pxss sub-encoding to TS1/0 on input line 306.
Package textcomp Info: Setting pxtt sub-encoding to TS1/0 on input line 307.
Package textcomp Info: Setting txr sub-encoding to TS1/0 on input line 308.
Package textcomp Info: Setting txss sub-encoding to TS1/0 on input line 309.
Package textcomp Info: Setting txtt sub-encoding to TS1/0 on input line 310.
Package textcomp Info: Setting lmr sub-encoding to TS1/0 on input line 311.
Package textcomp Info: Setting lmdh sub-encoding to TS1/0 on input line 312.
Package textcomp Info: Setting lmss sub-encoding to TS1/0 on input line 313.
Package textcomp Info: Setting lmssq sub-encoding to TS1/0 on input line 314.
Package textcomp Info: Setting lmvtt sub-encoding to TS1/0 on input line 315.
Package textcomp Info: Setting qhv sub-encoding to TS1/0 on input line 316.
Package textcomp Info: Setting qag sub-encoding to TS1/0 on input line 317.
Package textcomp Info: Setting qbk sub-encoding to TS1/0 on input line 318.
Package textcomp Info: Setting qcr sub-encoding to TS1/0 on input line 319.
Package textcomp Info: Setting qcs sub-encoding to TS1/0 on input line 320.
Package textcomp Info: Setting qpl sub-encoding to TS1/0 on input line 321.
Package textcomp Info: Setting qtm sub-encoding to TS1/0 on input line 322.
Package textcomp Info: Setting qzc sub-encoding to TS1/0 on input line 323.
Package textcomp Info: Setting qhvc sub-encoding to TS1/0 on input line 324.
Package textcomp Info: Setting futs sub-encoding to TS1/4 on input line 325.
Package textcomp Info: Setting futx sub-encoding to TS1/4 on input line 326.
Package textcomp Info: Setting futj sub-encoding to TS1/4 on input line 327.
Package textcomp Info: Setting hlh sub-encoding to TS1/3 on input line 328.
Package textcomp Info: Setting hls sub-encoding to TS1/3 on input line 329.
Package textcomp Info: Setting hlst sub-encoding to TS1/3 on input line 330.
Package textcomp Info: Setting hlct sub-encoding to TS1/5 on input line 331.
Package textcomp Info: Setting hlx sub-encoding to TS1/5 on input line 332.
Package textcomp Info: Setting hlce sub-encoding to TS1/5 on input line 333.
Package textcomp Info: Setting hlcn sub-encoding to TS1/5 on input line 334.
Package textcomp Info: Setting hlcw sub-encoding to TS1/5 on input line 335.
Package textcomp Info: Setting hlcf sub-encoding to TS1/5 on input line 336.
Package textcomp Info: Setting pplx sub-encoding to TS1/3 on input line 337.
Package textcomp Info: Setting pplj sub-encoding to TS1/3 on input line 338.
Package textcomp Info: Setting ptmx sub-encoding to TS1/4 on input line 339.
Package textcomp Info: Setting ptmj sub-encoding to TS1/4 on input line 340.
)
(/usr/local/texlive/2013/texmf-dist/tex/latex/hyperref/hyperref.sty
Package: hyperref 2012/11/06 v6.83m Hypertext links for LaTeX

(/usr/local/texlive/2013/texmf-dist/tex/generic/oberdiek/hobsub-hyperref.sty
Package: hobsub-hyperref 2012/05/28 v1.13 Bundle oberdiek, subset hyperref (HO)


(/usr/local/texlive/2013/texmf-dist/tex/generic/oberdiek/hobsub-generic.sty
Package: hobsub-generic 2012/05/28 v1.13 Bundle oberdiek, subset generic (HO)
Package: hobsub 2012/05/28 v1.13 Construct package bundles (HO)
Package hobsub Info: Skipping package `infwarerr' (already loaded).
Package hobsub Info: Skipping package `ltxcmds' (already loaded).
Package: ifluatex 2010/03/01 v1.3 Provides the ifluatex switch (HO)
Package ifluatex Info: LuaTeX not detected.
Package: ifvtex 2010/03/01 v1.5 Detect VTeX and its facilities (HO)
Package ifvtex Info: VTeX not detected.
Package: intcalc 2007/09/27 v1.1 Expandable calculations with integers (HO)
Package: ifpdf 2011/01/30 v2.3 Provides the ifpdf switch (HO)
Package ifpdf Info: pdfTeX in PDF mode is detected.
Package: etexcmds 2011/02/16 v1.5 Avoid name clashes with e-TeX commands (HO)
Package etexcmds Info: Could not find \expanded.
(etexcmds)             That can mean that you are not using pdfTeX 1.50 or
(etexcmds)             that some package has redefined \expanded.
(etexcmds)             In the latter case, load this package earlier.
Package: kvsetkeys 2012/04/25 v1.16 Key value parser (HO)
Package: kvdefinekeys 2011/04/07 v1.3 Define keys (HO)
Package: pdftexcmds 2011/11/29 v0.20 Utility functions of pdfTeX for LuaTeX (HO
)
Package pdftexcmds Info: LuaTeX not detected.
Package pdftexcmds Info: \pdf@primitive is available.
Package pdftexcmds Info: \pdf@ifprimitive is available.
Package pdftexcmds Info: \pdfdraftmode found.
Package: pdfescape 2011/11/25 v1.13 Implements pdfTeX's escape features (HO)
Package: bigintcalc 2012/04/08 v1.3 Expandable calculations on big integers (HO
)
Package: bitset 2011/01/30 v1.1 Handle bit-vector datatype (HO)
Package: uniquecounter 2011/01/30 v1.2 Provide unlimited unique counter (HO)
)
Package hobsub Info: Skipping package `hobsub' (already loaded).
Package: letltxmacro 2010/09/02 v1.4 Let assignment for LaTeX macros (HO)
Package: hopatch 2012/05/28 v1.2 Wrapper for package hooks (HO)
Package: xcolor-patch 2011/01/30 xcolor patch
Package: atveryend 2011/06/30 v1.8 Hooks at the very end of document (HO)
Package atveryend Info: \enddocument detected (standard20110627).
Package: atbegshi 2011/10/05 v1.16 At begin shipout hook (HO)
Package: refcount 2011/10/16 v3.4 Data extraction from label references (HO)
Package: hycolor 2011/01/30 v1.7 Color options for hyperref/bookmark (HO)
)
(/usr/local/texlive/2013/texmf-dist/tex/generic/ifxetex/ifxetex.sty
Package: ifxetex 2010/09/12 v0.6 Provides ifxetex conditional
)
(/usr/local/texlive/2013/texmf-dist/tex/latex/oberdiek/auxhook.sty
Package: auxhook 2011/03/04 v1.3 Hooks for auxiliary files (HO)
)
(/usr/local/texlive/2013/texmf-dist/tex/latex/oberdiek/kvoptions.sty
Package: kvoptions 2011/06/30 v3.11 Key value format for package options (HO)
)
\@linkdim=\dimen103
\Hy@linkcounter=\count92
\Hy@pagecounter=\count93

(/usr/local/texlive/2013/texmf-dist/tex/latex/hyperref/pd1enc.def
File: pd1enc.def 2012/11/06 v6.83m Hyperref: PDFDocEncoding definition (HO)
)
\Hy@SavedSpaceFactor=\count94

(/usr/local/texlive/2013/texmf-dist/tex/latex/latexconfig/hyperref.cfg
File: hyperref.cfg 2002/06/06 v1.2 hyperref configuration of TeXLive
)

Package hyperref Warning: Unexpected value for option `pdftex'
(hyperref)                is ignored on input line 4319.

Package hyperref Info: Option `bookmarks' set `true' on input line 4319.

Package hyperref Warning: Option `a4paper' is no longer used.

Package hyperref Info: Option `colorlinks' set `true' on input line 4319.
Package hyperref Info: Option `breaklinks' set `true' on input line 4319.
Package hyperref Info: Hyper figures OFF on input line 4443.
Package hyperref Info: Link nesting OFF on input line 4448.
Package hyperref Info: Hyper index ON on input line 4451.
Package hyperref Info: Plain pages OFF on input line 4458.
Package hyperref Info: Backreferencing ON on input line 4461.
Package hyperref Info: Implicit mode ON; LaTeX internals redefined.
Package hyperref Info: Bookmarks ON on input line 4688.
(/usr/local/texlive/2013/texmf-dist/tex/latex/hyperref/backref.sty
Package: backref 2012/07/25 v1.38 Bibliographical back referencing

(/usr/local/texlive/2013/texmf-dist/tex/latex/oberdiek/rerunfilecheck.sty
Package: rerunfilecheck 2011/04/15 v1.7 Rerun checks for auxiliary files (HO)
Package uniquecounter Info: New unique counter `rerunfilecheck' on input line 2
82.
))
\c@Hy@tempcnt=\count95

(/usr/local/texlive/2013/texmf-dist/tex/latex/url/url.sty
\Urlmuskip=\muskip10
Package: url 2006/04/12  ver 3.3  Verb mode for urls, etc.
)
LaTeX Info: Redefining \url on input line 5041.
\XeTeXLinkMargin=\dimen104
\Fld@menulength=\count96
\Field@Width=\dimen105
\Fld@charsize=\dimen106
Package hyperref Info: Hyper figures OFF on input line 6295.
Package hyperref Info: Link nesting OFF on input line 6300.
Package hyperref Info: Hyper index ON on input line 6303.
Package hyperref Info: backreferencing ON on input line 6308.
Package hyperref Info: Link coloring ON on input line 6313.
Package hyperref Info: Link coloring with OCG OFF on input line 6320.
Package hyperref Info: PDF/A mode OFF on input line 6325.
LaTeX Info: Redefining \ref on input line 6365.
LaTeX Info: Redefining \pageref on input line 6369.
\Hy@abspage=\count97
\c@Item=\count98
\c@Hfootnote=\count99
)

Package hyperref Message: Driver: hpdftex.

(/usr/local/texlive/2013/texmf-dist/tex/latex/hyperref/hpdftex.def
File: hpdftex.def 2012/11/06 v6.83m Hyperref driver for pdfTeX
\Fld@listcount=\count100
\c@bookmark@seq@number=\count101
\Hy@SectionHShift=\skip43
)
\pagenrlog=\write5
\openout5 = `main.pnr'.


(/usr/local/texlive/2013/texmf-dist/tex/latex/enumitem/enumitem.sty
Package: enumitem 2011/09/28 v3.5.2 Customized lists
\labelindent=\skip44
\enit@outerparindent=\dimen107
\enit@toks=\toks18
\enit@inbox=\box27
\enitdp@description=\count102
)
(./main.aux)
\openout1 = `main.aux'.

LaTeX Font Info:    Checking defaults for OML/cmm/m/it on input line 87.
LaTeX Font Info:    ... okay on input line 87.
LaTeX Font Info:    Checking defaults for T1/cmr/m/n on input line 87.
LaTeX Font Info:    ... okay on input line 87.
LaTeX Font Info:    Checking defaults for OT1/cmr/m/n on input line 87.
LaTeX Font Info:    ... okay on input line 87.
LaTeX Font Info:    Checking defaults for OMS/cmsy/m/n on input line 87.
LaTeX Font Info:    ... okay on input line 87.
LaTeX Font Info:    Checking defaults for OMX/cmex/m/n on input line 87.
LaTeX Font Info:    ... okay on input line 87.
LaTeX Font Info:    Checking defaults for U/cmr/m/n on input line 87.
LaTeX Font Info:    ... okay on input line 87.
LaTeX Font Info:    Checking defaults for TS1/cmr/m/n on input line 87.
LaTeX Font Info:    Try loading font information for TS1+cmr on input line 87.
 (/usr/local/texlive/2013/texmf-dist/tex/latex/base/ts1cmr.fd
File: ts1cmr.fd 1999/05/25 v2.5h Standard LaTeX font definitions
)
LaTeX Font Info:    ... okay on input line 87.
LaTeX Font Info:    Checking defaults for PD1/pdf/m/n on input line 87.
LaTeX Font Info:    ... okay on input line 87.
LaTeX Font Info:    Try loading font information for T1+ptm on input line 87.

(/usr/local/texlive/2013/texmf-dist/tex/latex/psnfss/t1ptm.fd
File: t1ptm.fd 2001/06/04 font definitions for T1/ptm.
)
(/usr/local/texlive/2013/texmf-dist/tex/context/base/supp-pdf.mkii
[Loading MPS to PDF converter (version 2006.09.02).]
\scratchcounter=\count103
\scratchdimen=\dimen108
\scratchbox=\box28
\nofMPsegments=\count104
\nofMParguments=\count105
\everyMPshowfont=\toks19
\MPscratchCnt=\count106
\MPscratchDim=\dimen109
\MPnumerator=\count107
\makeMPintoPDFobject=\count108
\everyMPtoPDFconversion=\toks20
)
\big@size=\dimen110
\AtBeginShipoutBox=\box29
Package hyperref Info: Link coloring ON on input line 87.
 (/usr/local/texlive/2013/texmf-dist/tex/latex/hyperref/nameref.sty
Package: nameref 2012/10/27 v2.43 Cross-referencing by name of section

(/usr/local/texlive/2013/texmf-dist/tex/generic/oberdiek/gettitlestring.sty
Package: gettitlestring 2010/12/03 v1.4 Cleanup title references (HO)
)
\c@section@level=\count109
)
LaTeX Info: Redefining \ref on input line 87.
LaTeX Info: Redefining \pageref on input line 87.
LaTeX Info: Redefining \nameref on input line 87.

(./main.out) (./main.out)
\@outlinefile=\write6
\openout6 = `main.out'.

LaTeX Font Info:    Font shape `T1/ptm/bx/n' in size <50> not available
(Font)              Font shape `T1/ptm/b/n' tried instead on input line 93.
LaTeX Font Info:    Try loading font information for T1+phv on input line 93.

(/usr/local/texlive/2013/texmf-dist/tex/latex/psnfss/t1phv.fd
File: t1phv.fd 2001/06/04 scalable font definitions for T1/phv.
)
LaTeX Font Info:    Font shape `T1/phv/bx/n' in size <50> not available
(Font)              Font shape `T1/phv/b/n' tried instead on input line 93.
LaTeX Font Info:    Font shape `T1/ptm/bx/n' in size <24.88> not available
(Font)              Font shape `T1/ptm/b/n' tried instead on input line 98.
LaTeX Font Info:    Font shape `T1/ptm/bx/n' in size <14.4> not available
(Font)              Font shape `T1/ptm/b/n' tried instead on input line 103.
LaTeX Font Info:    Font shape `T1/ptm/bx/n' in size <10> not available
(Font)              Font shape `T1/ptm/b/n' tried instead on input line 118.
LaTeX Font Info:    Try loading font information for T1+cmtt on input line 118.


(/usr/local/texlive/2013/texmf-dist/tex/latex/base/t1cmtt.fd
File: t1cmtt.fd 1999/05/25 v2.5h Standard LaTeX font definitions
)
Underfull \hbox (badness 10000) in paragraph at lines 116--120

 []

[1

{/usr/local/texlive/2013/texmf-var/fonts/map/pdftex/updmap/pdftex.map}]
Underfull \hbox (badness 10000) in paragraph at lines 139--146

 []

LaTeX Font Info:    Try loading font information for TS1+ptm on input line 148.

(/usr/local/texlive/2013/texmf-dist/tex/latex/psnfss/ts1ptm.fd
File: ts1ptm.fd 2001/06/04 font definitions for TS1/ptm.
)
Underfull \hbox (badness 10000) in paragraph at lines 150--154

 []


Underfull \hbox (badness 1052) in paragraph at lines 174--175
[]\T1/ptm/m/n/10 Jhevon Smith and Ben Stein-berg con-tributed the func-tion \T1
/cmtt/m/n/10 CharacterTableOfInverseSemigroup
 []


Underfull \hbox (badness 10000) in paragraph at lines 185--187

 []

[2] [3] (./main.toc
LaTeX Font Info:    Font shape `T1/ptm/bx/n' in size <10.95> not available
(Font)              Font shape `T1/ptm/b/n' tried instead on input line 1.
LaTeX Font Info:    Font shape `T1/phv/bx/n' in size <10.95> not available
(Font)              Font shape `T1/phv/b/n' tried instead on input line 1.
LaTeX Font Info:    Try loading font information for OT1+ztmcm on input line 2.


(/usr/local/texlive/2013/texmf-dist/tex/latex/psnfss/ot1ztmcm.fd
File: ot1ztmcm.fd 2000/01/03 Fontinst v1.801 font definitions for OT1/ztmcm.
)
LaTeX Font Info:    Try loading font information for OML+ztmcm on input line 2.


(/usr/local/texlive/2013/texmf-dist/tex/latex/psnfss/omlztmcm.fd
File: omlztmcm.fd 2000/01/03 Fontinst v1.801 font definitions for OML/ztmcm.
)
LaTeX Font Info:    Try loading font information for OMS+ztmcm on input line 2.


(/usr/local/texlive/2013/texmf-dist/tex/latex/psnfss/omsztmcm.fd
File: omsztmcm.fd 2000/01/03 Fontinst v1.801 font definitions for OMS/ztmcm.
)
LaTeX Font Info:    Try loading font information for OMX+ztmcm on input line 2.


(/usr/local/texlive/2013/texmf-dist/tex/latex/psnfss/omxztmcm.fd
File: omxztmcm.fd 2000/01/03 Fontinst v1.801 font definitions for OMX/ztmcm.
)
LaTeX Font Info:    Try loading font information for OT1+ptm on input line 2.

(/usr/local/texlive/2013/texmf-dist/tex/latex/psnfss/ot1ptm.fd
File: ot1ptm.fd 2001/06/04 font definitions for OT1/ptm.
)
LaTeX Font Info:    Font shape `OT1/ptm/bx/n' in size <10.95> not available
(Font)              Font shape `OT1/ptm/b/n' tried instead on input line 2.
LaTeX Font Info:    Font shape `OT1/ptm/bx/n' in size <8> not available
(Font)              Font shape `OT1/ptm/b/n' tried instead on input line 2.
LaTeX Font Info:    Font shape `OT1/ptm/bx/n' in size <6> not available
(Font)              Font shape `OT1/ptm/b/n' tried instead on input line 2.
 [4

])
\tf@toc=\write7
\openout7 = `main.toc'.

 [5]
Chapter 1.
LaTeX Font Info:    Font shape `T1/ptm/bx/n' in size <20.74> not available
(Font)              Font shape `T1/ptm/b/n' tried instead on input line 195.
LaTeX Font Info:    Font shape `T1/phv/bx/n' in size <24.88> not available
(Font)              Font shape `T1/phv/b/n' tried instead on input line 195.
[6

]
LaTeX Font Info:    Font shape `T1/phv/bx/n' in size <14.4> not available
(Font)              Font shape `T1/phv/b/n' tried instead on input line 272.
 [7]
LaTeX Font Info:    Font shape `T1/ptm/bx/n' in size <12> not available
(Font)              Font shape `T1/ptm/b/n' tried instead on input line 313.
 [8]
Underfull \hbox (badness 10000) in paragraph at lines 394--397

 []

[9]
LaTeX Font Info:    Font shape `T1/cmtt/bx/n' in size <10> not available
(Font)              Font shape `T1/cmtt/m/n' tried instead on input line 449.
 [10] [11]
Chapter 2.
[12

] [13] [14] [15]
LaTeX Font Info:    Font shape `T1/cmtt/bx/n' in size <10.95> not available
(Font)              Font shape `T1/cmtt/m/n' tried instead on input line 848.
 [16]
Underfull \hbox (badness 10000) in paragraph at lines 873--874
[]\T1/ptm/m/n/10.95 This op-tion is ig-nored when passed to \T1/cmtt/m/n/10.95 
ClosureSemigroup \T1/ptm/m/n/10.95 ([][]2.2.2[][]) or
 []


Underfull \hbox (badness 1924) in paragraph at lines 881--883
\T1/ptm/m/n/10.95 The de-fault val-ues of the op-tions de-scribed above are sto
red in a global vari-able named
 []


Underfull \hbox (badness 10000) in paragraph at lines 894--897

 []


Underfull \hbox (badness 2035) in paragraph at lines 918--919
[]\T1/cmtt/m/n/10.95 AntiIsomorphismTransformationSemigroup \T1/ptm/m/n/10.95 (
\T1/ptm/b/n/10.95 Reference: An-ti-Iso-mor-phism-Trans-for-
 []

[17]
Overfull \hbox (76.50294pt too wide) in paragraph at lines 945--946
[]\T1/cmtt/m/n/10.95 AsTransformationSemigroup([]) \T1/ptm/m/n/10.95 is just sh
ort-hand for \T1/cmtt/m/n/10.95 Range(IsomorphismTransformationSemigroup([]))\T
1/ptm/m/n/10.95 ,
 []

[18] [19] [20] [21] [22]
Underfull \hbox (badness 10000) in paragraph at lines 1353--1359

 []


Underfull \hbox (badness 5175) in paragraph at lines 1361--1362
[]\T1/cmtt/m/n/10.95 IsFullMatrixSemigroup \T1/ptm/m/n/10.95 and \T1/cmtt/m/n/1
0.95 IsGeneralLinearSemigroup \T1/ptm/m/n/10.95 re-turn \T1/cmtt/m/n/10.95 true
 \T1/ptm/m/n/10.95 if the semi-
 []


Underfull \hbox (badness 5417) in paragraph at lines 1361--1362
\T1/ptm/m/n/10.95 group \T1/cmtt/m/n/10.95 S \T1/ptm/m/n/10.95 was cre-ated us-
ing ei-ther of the com-mands \T1/cmtt/m/n/10.95 FullMatrixSemigroup \T1/ptm/m/n
/10.95 ([][]2.5.8[][]) or
 []

[23] [24] [25] [26] [27]
Chapter 3.
[28

] [29] [30]
Chapter 4.

Underfull \hbox (badness 2443) in paragraph at lines 1825--1826
\T1/ptm/m/n/10.95 When [] is a list of el-e-ments of a semi-group and [] is a l
ist of pos-i-tive in-
 []


Underfull \hbox (badness 1983) in paragraph at lines 1825--1826
\T1/ptm/m/n/10.95 te-gers less than or equal to the length of [], this op-er-a-
tion re-turns the prod-uct
 []


Underfull \hbox (badness 10000) in paragraph at lines 1826--1828
\T1/cmtt/m/n/10.95 gens[AbsInt(w[1])]^SignInt(w[1])*...*gens[AbsInt(w[n])]^Sign
Int(w[n])
 []


Underfull \hbox (badness 2065) in paragraph at lines 1829--1830
\T1/ptm/m/n/10.95 Note that \T1/cmtt/m/n/10.95 EvaluateWord([], []) \T1/ptm/m/n
/10.95 re-turns \T1/cmtt/m/n/10.95 One([]) \T1/ptm/m/n/10.95 if [] be-longs to 
the cat-e-gory
 []

[31

] [32] [33]
Underfull \hbox (badness 2065) in paragraph at lines 1964--1965
[]\T1/cmtt/m/n/10.95 DClass \T1/ptm/m/n/10.95 can also be used as a syn-onym fo
r \T1/cmtt/m/n/10.95 DClassOfHClass\T1/ptm/m/n/10.95 , \T1/cmtt/m/n/10.95 DClas
sOfLClass\T1/ptm/m/n/10.95 , and
 []

[34]
Underfull \hbox (badness 10000) in paragraph at lines 2097--2098
[]\T1/ptm/m/n/10.95 See also \T1/cmtt/m/n/10.95 GreensRClassOfElement \T1/ptm/m
/n/10.95 (\T1/ptm/b/n/10.95 Reference: Green-sR-Clas-sOfEle-ment\T1/ptm/m/n/10.
95 ) and
 []

[35] [36] [37] [38]
Underfull \hbox (badness 1057) in paragraph at lines 2321--2322
[]\T1/ptm/m/n/10.95 See also \T1/cmtt/m/n/10.95 GreensRClasses \T1/ptm/m/n/10.9
5 (\T1/ptm/b/n/10.95 Reference: Green-sR-Classes\T1/ptm/m/n/10.95 ), \T1/cmtt/m
/n/10.95 GreensRClasses \T1/ptm/m/n/10.95 ([][]4.3.1[][]), and
 []

[39]
Underfull \hbox (badness 7064) in paragraph at lines 2376--2377
[]\T1/ptm/m/n/10.95 See also \T1/cmtt/m/n/10.95 GreensRClasses \T1/ptm/m/n/10.9
5 ([][]4.3.1[][]), \T1/cmtt/m/n/10.95 GreensRClasses \T1/ptm/m/n/10.95 (\T1/ptm
/b/n/10.95 Reference: Green-sR-Classes\T1/ptm/m/n/10.95 ),
 []

[40] [41] [42]
Underfull \hbox (badness 7116) in paragraph at lines 2583--2584
[]\T1/ptm/m/n/10.95 If [] is a sub-semi-group of its par-ent semi-group, then t
he func-tion re-turned by
 []

[43]
Underfull \hbox (badness 5374) in paragraph at lines 2666--2667
[]\T1/ptm/m/n/10.95 This func-tion re-turns \T1/cmtt/m/n/10.95 true \T1/ptm/m/n
/10.95 if [] is a reg-u-lar Green's class and \T1/cmtt/m/n/10.95 false \T1/ptm/
m/n/10.95 if it
 []


Underfull \hbox (badness 6252) in paragraph at lines 2666--2667
\T1/ptm/m/n/10.95 is not. See also \T1/cmtt/m/n/10.95 IsRegularDClass \T1/ptm/m
/n/10.95 (\T1/ptm/b/n/10.95 Reference: Is-Reg-u-larD-Class\T1/ptm/m/n/10.95 ), 
\T1/cmtt/m/n/10.95 IsGroupHClass
 []


Underfull \hbox (badness 3108) in paragraph at lines 2666--2667
\T1/ptm/b/n/10.95 Greens-D-Class\T1/ptm/m/n/10.95 ), \T1/cmtt/m/n/10.95 GroupHC
lass \T1/ptm/m/n/10.95 ([][]4.2.4[][]), \T1/cmtt/m/n/10.95 NrIdempotents \T1/pt
m/m/n/10.95 ([][]4.5.4[][]), \T1/cmtt/m/n/10.95 Idempotents \T1/ptm/m/n/10.95 (
[][]4.5.3[][]), and
 []

[44] [45]
Underfull \hbox (badness 7064) in paragraph at lines 2774--2775
[]\T1/ptm/m/n/10.95 See also \T1/cmtt/m/n/10.95 GreensRClasses \T1/ptm/m/n/10.9
5 ([][]4.3.1[][]), \T1/cmtt/m/n/10.95 GreensRClasses \T1/ptm/m/n/10.95 (\T1/ptm
/b/n/10.95 Reference: Green-sR-Classes\T1/ptm/m/n/10.95 ),
 []

[46]
Underfull \hbox (badness 7064) in paragraph at lines 2846--2847
[]\T1/ptm/m/n/10.95 See also \T1/cmtt/m/n/10.95 GreensDClasses \T1/ptm/m/n/10.9
5 ([][]4.3.1[][]), \T1/cmtt/m/n/10.95 GreensDClasses \T1/ptm/m/n/10.95 (\T1/ptm
/b/n/10.95 Reference: Greens-D-Classes\T1/ptm/m/n/10.95 ),
 []

[47] [48]
Underfull \hbox (badness 1205) in paragraph at lines 2940--2942
\T1/ptm/m/n/10.95 re-turns the $\OMS/ztmcm/m/n/10.95 D$\T1/ptm/m/n/10.95 -class
 cor-re-spond-ing to the min-i-mal ideal of the semi-group []. Equiv-a-lently,
 []


Underfull \hbox (badness 6608) in paragraph at lines 2945--2946
\T1/ptm/b/n/10.95 Greens-LessThanOrE-qual\T1/ptm/m/n/10.95 ), \T1/cmtt/m/n/10.9
5 MinimalIdeal \T1/ptm/m/n/10.95 ([][]4.5.10[][]) and \T1/cmtt/m/n/10.95 Repres
entativeOfMinimalIdeal
 []

[49]
Underfull \hbox (badness 10000) in paragraph at lines 3004--3005
[]\T1/cmtt/m/n/10.95 StructureDescriptionSchutzenbergerGroups \T1/ptm/m/n/10.95
 re-turns the dis-tinct val-ues of
 []


Underfull \hbox (badness 10000) in paragraph at lines 3040--3041
[]\T1/cmtt/m/n/10.95 StructureDescriptionMaximalSubgroups \T1/ptm/m/n/10.95 re-
turns the dis-tinct val-ues of
 []

[50]
Underfull \hbox (badness 10000) in paragraph at lines 3115--3116
[]\T1/ptm/m/n/10.95 A Green's class [] of a semi-group \T1/cmtt/m/n/10.95 S \T1
/ptm/m/n/10.95 sat-is-fies the prop-erty
 []


Underfull \hbox (badness 10000) in paragraph at lines 3130--3131
[]\T1/ptm/m/n/10.95 A Green's class [] of a semi-group \T1/cmtt/m/n/10.95 S \T1
/ptm/m/n/10.95 sat-is-fies the prop-erty
 []


Underfull \hbox (badness 10000) in paragraph at lines 3145--3146
[]\T1/ptm/m/n/10.95 A Green's class [] of a semi-group \T1/cmtt/m/n/10.95 S \T1
/ptm/m/n/10.95 sat-is-fies the prop-erty
 []

[51] [52]
Underfull \hbox (badness 1337) in paragraph at lines 3247--3248
\T1/cmtt/m/n/10.95 Generators([]) \T1/ptm/m/n/10.95 is a syn-onym for \T1/cmtt/
m/n/10.95 GeneratorsOfMonoid \T1/ptm/m/n/10.95 (\T1/ptm/b/n/10.95 Reference: Ge
n-er-a-tor-sOf-
 []

[53]
Underfull \hbox (badness 10000) in paragraph at lines 3292--3293
[]\T1/ptm/m/n/10.95 See also \T1/cmtt/m/n/10.95 GreensHClassOfElement \T1/ptm/m
/n/10.95 (\T1/ptm/b/n/10.95 Reference: Green-sH-Clas-sOfEle-ment\T1/ptm/m/n/10.
95 ),
 []


Underfull \hbox (badness 1515) in paragraph at lines 3292--3293
\T1/cmtt/m/n/10.95 IsMonoidAsSemigroup \T1/ptm/m/n/10.95 ([][]4.6.11[][]), and 
\T1/cmtt/m/n/10.95 MultiplicativeNeutralElement \T1/ptm/m/n/10.95 (\T1/ptm/b/n/
10.95 Reference: Mul-ti-
 []

[54]
Underfull \hbox (badness 4531) in paragraph at lines 3344--3345
[]\T1/ptm/m/n/10.95 See also \T1/cmtt/m/n/10.95 IsRegularDClass \T1/ptm/m/n/10.
95 (\T1/ptm/b/n/10.95 Reference: Is-Reg-u-larD-Class\T1/ptm/m/n/10.95 ), \T1/cm
tt/m/n/10.95 IsRegularClass \T1/ptm/m/n/10.95 ([][]4.4.4[][])
 []

[55] [56] [57] [58] [59]
Underfull \hbox (badness 2818) in paragraph at lines 3708--3709
[]\T1/ptm/m/n/10.95 See also \T1/cmtt/m/n/10.95 RepresentativeOfMinimalIdeal \T
1/ptm/m/n/10.95 ([][]4.5.11[][]), \T1/cmtt/m/n/10.95 PartialOrderOfDClasses \T1
/ptm/m/n/10.95 ([][]4.4.7[][]),
 []


Underfull \hbox (badness 1762) in paragraph at lines 3708--3709
\T1/cmtt/m/n/10.95 IsGreensLessThanOrEqual \T1/ptm/m/n/10.95 (\T1/ptm/b/n/10.95
 Reference: Is-Greens-LessThanOrE-qual\T1/ptm/m/n/10.95 ), and \T1/cmtt/m/n/10.
95 MinimalDClass
 []

[60] [61] [62]
Underfull \hbox (badness 2221) in paragraph at lines 3867--3868
\T1/ptm/m/n/10.95 where \T1/cmtt/m/n/10.95 X \T1/ptm/m/n/10.95 is any of \T1/cm
tt/m/n/10.95 Semigroup \T1/ptm/m/n/10.95 (\T1/ptm/b/n/10.95 Reference: Semi-gro
up\T1/ptm/m/n/10.95 ), \T1/cmtt/m/n/10.95 Monoid \T1/ptm/m/n/10.95 (\T1/ptm/b/n
/10.95 Reference: Monoid\T1/ptm/m/n/10.95 ),
 []

[63] [64] [65] [66] [67] [68] [69] [70] [71]
Underfull \hbox (badness 2818) in paragraph at lines 4539--4540
[]\T1/cmtt/m/n/10.95 IsIdempotentGenerated \T1/ptm/m/n/10.95 and \T1/cmtt/m/n/1
0.95 IsSemiBand \T1/ptm/m/n/10.95 re-turn \T1/cmtt/m/n/10.95 true \T1/ptm/m/n/1
0.95 if the semi-group [] is gen-er-
 []


Underfull \hbox (badness 3872) in paragraph at lines 4539--4540
\T1/ptm/m/n/10.95 ated by its idem-po-tents and \T1/cmtt/m/n/10.95 false \T1/pt
m/m/n/10.95 if it is not. See also \T1/cmtt/m/n/10.95 Idempotents \T1/ptm/m/n/1
0.95 ([][]4.5.3[][]) and
 []


Underfull \hbox (badness 2547) in paragraph at lines 4541--4543
[]\T1/ptm/m/n/10.95 An in-verse semi-group is idempotent-generated if and only 
if it is a semi-lat-tice; see
 []

[72]
Underfull \hbox (badness 7649) in paragraph at lines 4656--4657
[]\T1/ptm/m/n/10.95 A semi-group is \T1/ptm/m/it/10.95 mono-genic \T1/ptm/m/n/1
0.95 if it is gen-er-ated by a sin-gle el-e-ment. See also
 []

[73] [74] [75] [76] [77] [78]
Underfull \hbox (badness 6428) in paragraph at lines 5047--5049
[]\T1/ptm/m/n/10.95 A semi-group is a \T1/ptm/m/it/10.95 0-rectangular band \T1
/ptm/m/n/10.95 if it is 0-simple and $\OMS/ztmcm/m/n/10.95 H$\T1/ptm/m/n/10.95 
-trivial; see also
 []

[79] [80] [81]
Underfull \hbox (badness 10000) in paragraph at lines 5250--5252
[]\T1/ptm/m/n/10.95 This con-di-tion is equiv-a-lent to [] be-ing ma-jo-rantly 
closed in []. See
 []


Underfull \hbox (badness 1590) in paragraph at lines 5250--5252
\T1/cmtt/m/n/10.95 IdempotentGeneratedSubsemigroup \T1/ptm/m/n/10.95 ([][]4.5.5
[][]) and \T1/cmtt/m/n/10.95 IsMajorantlyClosed \T1/ptm/m/n/10.95 ([][]4.7.6[][
]). Hence an
 []

[82] [83] [84]
Underfull \hbox (badness 1005) in paragraph at lines 5450--5451
[]\T1/ptm/m/n/10.95 A \T1/ptm/m/it/10.95 join ir-re-ducible $\OMS/ztmcm/m/n/10.
95 D$\T1/ptm/m/it/10.95 -class \T1/ptm/m/n/10.95 is a $\OMS/ztmcm/m/n/10.95 D$\
T1/ptm/m/n/10.95 -class con-tain-ing only join ir-re-ducible el-e-ments. See
 []

[85] [86] [87] [88]
Underfull \hbox (badness 10000) in paragraph at lines 5731--5732
[]\T1/ptm/m/n/10.95 More pre-cisely, if $\OML/ztmcm/m/it/10.95 f \OT1/ztmcm/m/n
/10.95 : \OML/ztmcm/m/it/10.95 S \OMS/ztmcm/m/n/10.95 ! \OML/ztmcm/m/it/10.95 T
$ \T1/ptm/m/n/10.95 is the iso-mor-phism re-turned by
 []

[89] [90] [91] [92] [93]
Chapter 5.

Overfull \hbox (42.78354pt too wide) detected at line 6001
\OT1/ztmcm/m/n/10.95 (\OML/ztmcm/m/it/10.95 i; \OMS/ztmcm/m/n/10.95 ^^@\OML/ztm
cm/m/it/10.95 k\OT1/ztmcm/m/n/10.95 (1)) \OMS/ztmcm/m/n/10.95 2 \OML/ztmcm/m/it
/10.95 x;  \OT1/ztmcm/m/n/10.95 (\OML/ztmcm/m/it/10.95 k\OT1/ztmcm/m/n/10.95 (1
)\OML/ztmcm/m/it/10.95 ; k\OT1/ztmcm/m/n/10.95 (2)) \OMS/ztmcm/m/n/10.95 2 \OML
/ztmcm/m/it/10.95 y;  \OT1/ztmcm/m/n/10.95 (\OMS/ztmcm/m/n/10.95 ^^@\OML/ztmcm/
m/it/10.95 k\OT1/ztmcm/m/n/10.95 (2)\OML/ztmcm/m/it/10.95 ; \OMS/ztmcm/m/n/10.9
5 ^^@\OML/ztmcm/m/it/10.95 k\OT1/ztmcm/m/n/10.95 (3)) \OMS/ztmcm/m/n/10.95 2 \O
ML/ztmcm/m/it/10.95 x;  [] ;  \OT1/ztmcm/m/n/10.95 (\OMS/ztmcm/m/n/10.95 ^^@\OM
L/ztmcm/m/it/10.95 k\OT1/ztmcm/m/n/10.95 (2\OML/ztmcm/m/it/10.95 s \OMS/ztmcm/m
/n/10.95 ^^@ \OT1/ztmcm/m/n/10.95 2)\OML/ztmcm/m/it/10.95 ; \OMS/ztmcm/m/n/10.9
5 ^^@\OML/ztmcm/m/it/10.95 k\OT1/ztmcm/m/n/10.95 (2\OML/ztmcm/m/it/10.95 s \OMS
/ztmcm/m/n/10.95 ^^@ \OT1/ztmcm/m/n/10.95 1)) \OMS/ztmcm/m/n/10.95 2 \OML/ztmcm
/m/it/10.95 x;  \OT1/ztmcm/m/n/10.95 (\OML/ztmcm/m/it/10.95 k\OT1/ztmcm/m/n/10.
95 (2\OML/ztmcm/m/it/10.95 s \OMS/ztmcm/m/n/10.95 ^^@ \OT1/ztmcm/m/n/10.95 1)\O
ML/ztmcm/m/it/10.95 ; \OMS/ztmcm/m/n/10.95 ^^@\OML/ztmcm/m/it/10.95 j\OT1/ztmcm
/m/n/10.95 ) \OMS/ztmcm/m/n/10.95 2 \OML/ztmcm/m/it/10.95 y
 []


Overfull \hbox (10.88306pt too wide) detected at line 6008
\OT1/ztmcm/m/n/10.95 (\OMS/ztmcm/m/n/10.95 ^^@\OML/ztmcm/m/it/10.95 i; k\OT1/zt
mcm/m/n/10.95 (1)) \OMS/ztmcm/m/n/10.95 2 \OML/ztmcm/m/it/10.95 y;  \OT1/ztmcm/
m/n/10.95 (\OMS/ztmcm/m/n/10.95 ^^@\OML/ztmcm/m/it/10.95 k\OT1/ztmcm/m/n/10.95 
(1)\OML/ztmcm/m/it/10.95 ; \OMS/ztmcm/m/n/10.95 ^^@\OML/ztmcm/m/it/10.95 k\OT1/
ztmcm/m/n/10.95 (2)) \OMS/ztmcm/m/n/10.95 2 \OML/ztmcm/m/it/10.95 x;  \OT1/ztmc
m/m/n/10.95 (\OML/ztmcm/m/it/10.95 k\OT1/ztmcm/m/n/10.95 (2)\OML/ztmcm/m/it/10.
95 ; k\OT1/ztmcm/m/n/10.95 (3)) \OMS/ztmcm/m/n/10.95 2 \OML/ztmcm/m/it/10.95 y;
  [] ; \OT1/ztmcm/m/n/10.95 (\OMS/ztmcm/m/n/10.95 ^^@\OML/ztmcm/m/it/10.95 k\OT
1/ztmcm/m/n/10.95 (2\OML/ztmcm/m/it/10.95 s \OMS/ztmcm/m/n/10.95 ^^@ \OT1/ztmcm
/m/n/10.95 1)\OML/ztmcm/m/it/10.95 ; \OMS/ztmcm/m/n/10.95 ^^@\OML/ztmcm/m/it/10
.95 k\OT1/ztmcm/m/n/10.95 (2\OML/ztmcm/m/it/10.95 s\OT1/ztmcm/m/n/10.95 )) \OMS
/ztmcm/m/n/10.95 2 \OML/ztmcm/m/it/10.95 x;  \OT1/ztmcm/m/n/10.95 (\OML/ztmcm/m
/it/10.95 k\OT1/ztmcm/m/n/10.95 (2\OML/ztmcm/m/it/10.95 s\OT1/ztmcm/m/n/10.95 )
\OML/ztmcm/m/it/10.95 ; \OMS/ztmcm/m/n/10.95 ^^@\OML/ztmcm/m/it/10.95 j\OT1/ztm
cm/m/n/10.95 ) \OMS/ztmcm/m/n/10.95 2 \OML/ztmcm/m/it/10.95 y:
 []

[94

]
Underfull \hbox (badness 2126) in paragraph at lines 6034--6035
[]\T1/ptm/m/n/10.95 Every bi-par-ti-tion in \T1/phv/m/n/10.95 GAP \T1/ptm/m/n/1
0.95 be-longs to the cat-e-gory \T1/cmtt/m/n/10.95 IsBipartition\T1/ptm/m/n/10.
95 . Ba-sic op-er-a-tions
 []


Underfull \hbox (badness 1127) in paragraph at lines 6034--6035
\T1/cmtt/m/n/10.95 LeftProjection \T1/ptm/m/n/10.95 ([][]5.2.4[][]), \T1/cmtt/m
/n/10.95 RightProjection \T1/ptm/m/n/10.95 ([][]5.2.5[][]), \T1/cmtt/m/n/10.95 
StarOp \T1/ptm/m/n/10.95 ([][]5.2.6[][]), \T1/cmtt/m/n/10.95 DegreeOfBipartitio
n
 []


Underfull \hbox (badness 10000) in paragraph at lines 6056--6059

 []

[95] [96]
Underfull \hbox (badness 10000) in paragraph at lines 6235--6236
[]\T1/cmtt/m/n/10.95 StarOp \T1/ptm/m/n/10.95 re-turns the unique bi-par-ti-tio
n \T1/cmtt/m/n/10.95 g \T1/ptm/m/n/10.95 with the prop-erty that: []\T1/cmtt/m/
n/10.95 *g*[]=[]\T1/ptm/m/n/10.95 ,
 []


Underfull \hbox (badness 1215) in paragraph at lines 6235--6236
\T1/cmtt/m/n/10.95 RightBlocks([])=LeftBlocks(g)\T1/ptm/m/n/10.95 , and \T1/cmt
t/m/n/10.95 LeftBlocks([])=RightBlocks(g)\T1/ptm/m/n/10.95 . The star \T1/cmtt/
m/n/10.95 g \T1/ptm/m/n/10.95 can
 []

[97] [98] [99] [100] [101] [102] [103] [104] [105] [106] [107] [108] [109]
[110]
Underfull \hbox (badness 10000) in paragraph at lines 7249--7250
[]\T1/ptm/m/n/10.95 If \T1/cmtt/m/n/10.95 OnRightBlocks([], []) \T1/ptm/m/n/10.
95 has rank equal to the rank of [], then
 []


Underfull \hbox (badness 10000) in paragraph at lines 7285--7286
\T1/ptm/m/n/10.95 re-turns a bi-par-ti-tion \T1/cmtt/m/n/10.95 g \T1/ptm/m/n/10
.95 such that \T1/cmtt/m/n/10.95 OnLeftBlocks([], g*[])=[] \T1/ptm/m/n/10.95 an
d where
 []

[111] [112] [113] [114] [115]
Chapter 6.
[116

]
Underfull \hbox (badness 10000) in paragraph at lines 7612--7615

 []


Underfull \hbox (badness 2409) in paragraph at lines 7617--7618
[]\T1/ptm/m/n/10.95 Every free in-verse semi-group in \T1/phv/m/n/10.95 GAP \T1
/ptm/m/n/10.95 cre-ated by \T1/cmtt/m/n/10.95 FreeInverseSemigroup \T1/ptm/m/n/
10.95 ([][]6.1.1[][]) be-
 []


Underfull \hbox (badness 10000) in paragraph at lines 7639--7642

 []


Underfull \hbox (badness 10000) in paragraph at lines 7644--7645
[]\T1/ptm/m/n/10.95 Every el-e-ment of a free in-verse semi-group be-longs to t
he cat-e-gory
 []

[117] [118] [119]
Underfull \hbox (badness 10000) in paragraph at lines 7795--7798

 []


Underfull \hbox (badness 10000) in paragraph at lines 7838--7841

 []


Underfull \hbox (badness 10000) in paragraph at lines 7859--7862

 []


Underfull \hbox (badness 10000) in paragraph at lines 7864--7865
[]\T1/cmtt/m/n/10.95 IsFreeBandSubsemigroup \T1/ptm/m/n/10.95 is a syn-onym for
 \T1/cmtt/m/n/10.95 IsSemigroup \T1/ptm/m/n/10.95 and
 []

[120] [121]
Chapter 7.
[122

]
Underfull \hbox (badness 10000) in paragraph at lines 8035--8036
[]\T1/ptm/m/n/10.95 When [] is a con-gru-ence of semi-group, this at-tribute is
 syn-ony-mous with
 []

[123] [124]
Underfull \hbox (badness 3407) in paragraph at lines 8200--8201
[]\T1/ptm/m/n/10.95 An ob-ject of this type may be con-structed with \T1/cmtt/m
/n/10.95 RMSCongruenceByLinkedTriple \T1/ptm/m/n/10.95 or
 []


Underfull \hbox (badness 2126) in paragraph at lines 8200--8201
\T1/cmtt/m/n/10.95 RZMSCongruenceByLinkedTriple\T1/ptm/m/n/10.95 , or this rep-
re-sen-ta-tion may be se-lected au-to-mat-i-cally by
 []

[125]
Underfull \hbox (badness 2096) in paragraph at lines 8235--8236
[]\T1/ptm/m/n/10.95 If the ar-gu-ments de-scribe a valid linked triple on [], t
hen an ob-ject in the cat-e-gory
 []

[126]
Underfull \hbox (badness 10000) in paragraph at lines 8274--8275
[]\T1/ptm/m/n/10.95 If the ar-gu-ments are valid, an \T1/cmtt/m/n/10.95 IsRMSCo
ngruenceClassByLinkedTriple \T1/ptm/m/n/10.95 or
 []


Underfull \hbox (badness 2158) in paragraph at lines 8274--8275
\T1/cmtt/m/n/10.95 IsRZMSCongruenceClassByLinkedTriple \T1/ptm/m/n/10.95 ob-jec
t is re-turned, which can be used like any
 []

[127] [128]
Underfull \hbox (badness 4217) in paragraph at lines 8469--8472
[]\T1/ptm/m/n/10.95 Since many things we want to cal-cu-late about con-gru-ence
s are triv-ial in the case
 []


Underfull \hbox (badness 1867) in paragraph at lines 8469--8472
\T1/ptm/m/n/10.95 of the uni-ver-sal con-gru-ence, this pack-age con-tains a ca
t-e-gory specif-i-cally de-signed for it,
 []

[129] [130]
Chapter 8.
[131

] [132]
Chapter 9.
[133

]
Underfull \hbox (badness 1472) in paragraph at lines 8760--8761
[]\T1/ptm/m/n/10.95 If [] is an or-bit cre-ated by the \T1/phv/m/n/10.95 Orb \T
1/ptm/m/n/10.95 pack-age with the op-tion \T1/cmtt/m/n/10.95 orbitgraph=true\T1
/ptm/m/n/10.95 , then
 []


Underfull \hbox (badness 1472) in paragraph at lines 8791--8792
[]\T1/ptm/m/n/10.95 If [] is an or-bit cre-ated by the \T1/phv/m/n/10.95 Orb \T
1/ptm/m/n/10.95 pack-age with the op-tion \T1/cmtt/m/n/10.95 orbitgraph=true\T1
/ptm/m/n/10.95 , then
 []

[134] [135]
Underfull \hbox (badness 10000) in paragraph at lines 8871--8872
[]\T1/ptm/m/n/10.95 See also \T1/cmtt/m/n/10.95 OrbSCC \T1/ptm/m/n/10.95 ([][]9
.2.1[][]), \T1/cmtt/m/n/10.95 TraceSchreierTreeOfSCCBack \T1/ptm/m/n/10.95 ([][
]9.2.6[][]),
 []

[136] (./main.bbl (./main.brf)
\tf@brf=\write8
\openout8 = `main.brf'.

 [137]) [138

] (./main.ind
Underfull \hbox (badness 10000) in paragraph at lines 23--25
[]\T1/cmtt/m/n/10.95 AsSemigroup\T1/ptm/m/n/10.95 -\T1/cmtt/m/n/10.95 Congruenc
e\T1/ptm/m/n/10.95 -\T1/cmtt/m/n/10.95 By\T1/ptm/m/n/10.95 -\T1/cmtt/m/n/10.95 
Generating\T1/ptm/m/n/10.95 -
 []


Underfull \hbox (badness 10000) in paragraph at lines 46--48
[]\T1/cmtt/m/n/10.95 Component\T1/ptm/m/n/10.95 -\T1/cmtt/m/n/10.95 Reps\T1/ptm
/m/n/10.95 -\T1/cmtt/m/n/10.95 Of\T1/ptm/m/n/10.95 -\T1/cmtt/m/n/10.95 Transfor
mation\T1/ptm/m/n/10.95 -
 []


Underfull \hbox (badness 10000) in paragraph at lines 86--88
[]\T1/cmtt/m/n/10.95 Factorisable\T1/ptm/m/n/10.95 -\T1/cmtt/m/n/10.95 Dual\T1/
ptm/m/n/10.95 -\T1/cmtt/m/n/10.95 Symmetric\T1/ptm/m/n/10.95 -\T1/cmtt/m/n/10.9
5 Inverse\T1/ptm/m/n/10.95 -
 []

[139


] [140]
Underfull \hbox (badness 10000) in paragraph at lines 218--220
[]\T1/cmtt/m/n/10.95 IsSynchronizing\T1/ptm/m/n/10.95 -\T1/cmtt/m/n/10.95 Trans
formation\T1/ptm/m/n/10.95 -
 []


Underfull \hbox (badness 10000) in paragraph at lines 221--223
[]\T1/cmtt/m/n/10.95 IsTransformation\T1/ptm/m/n/10.95 -\T1/cmtt/m/n/10.95 Semi
group\T1/ptm/m/n/10.95 -\T1/cmtt/m/n/10.95 Greens\T1/ptm/m/n/10.95 -\T1/cmtt/m/
n/10.95 Class\T1/ptm/m/n/10.95 ,
 []


Underfull \hbox (badness 1688) in paragraph at lines 269--271
[]| \T1/ptm/m/n/10.95 for a Rees (0-)matrix semi-group, and a
 []

[141]
Underfull \hbox (badness 3333) in paragraph at lines 331--333
[]| \T1/ptm/m/n/10.95 monoid of ori-en-ta-tion pre-serv-ing par-tial
 []


Underfull \hbox (badness 10000) in paragraph at lines 390--392
[]\T1/cmtt/m/n/10.95 Singular\T1/ptm/m/n/10.95 -\T1/cmtt/m/n/10.95 Dual\T1/ptm/
m/n/10.95 -\T1/cmtt/m/n/10.95 Symmetric\T1/ptm/m/n/10.95 -\T1/cmtt/m/n/10.95 In
verse\T1/ptm/m/n/10.95 -\T1/cmtt/m/n/10.95 Semigroup\T1/ptm/m/n/10.95 ,
 []


Underfull \hbox (badness 10000) in paragraph at lines 392--394
[]\T1/cmtt/m/n/10.95 Singular\T1/ptm/m/n/10.95 -\T1/cmtt/m/n/10.95 Factorisable
\T1/ptm/m/n/10.95 -\T1/cmtt/m/n/10.95 Dual\T1/ptm/m/n/10.95 -\T1/cmtt/m/n/10.95
 Symmetric\T1/ptm/m/n/10.95 -
 []


Underfull \hbox (badness 10000) in paragraph at lines 398--400
[]\T1/cmtt/m/n/10.95 Smaller\T1/ptm/m/n/10.95 -\T1/cmtt/m/n/10.95 Degree\T1/ptm
/m/n/10.95 -\T1/cmtt/m/n/10.95 Partial\T1/ptm/m/n/10.95 -\T1/cmtt/m/n/10.95 Per
m\T1/ptm/m/n/10.95 -
 []

[142]
Underfull \hbox (badness 10000) in paragraph at lines 412--414
[]\T1/cmtt/m/n/10.95 Structure\T1/ptm/m/n/10.95 -\T1/cmtt/m/n/10.95 Description
\T1/ptm/m/n/10.95 -\T1/cmtt/m/n/10.95 Maximal\T1/ptm/m/n/10.95 -\T1/cmtt/m/n/10
.95 Subgroups\T1/ptm/m/n/10.95 ,
 []


Underfull \hbox (badness 10000) in paragraph at lines 414--416
[]\T1/cmtt/m/n/10.95 Structure\T1/ptm/m/n/10.95 -\T1/cmtt/m/n/10.95 Description
\T1/ptm/m/n/10.95 -\T1/cmtt/m/n/10.95 Schutzenberger\T1/ptm/m/n/10.95 -
 []

[143

])
Package atveryend Info: Empty hook `BeforeClearDocument' on input line 8987.
Package atveryend Info: Empty hook `AfterLastShipout' on input line 8987.
 (./main.aux)
Package atveryend Info: Executing hook `AtVeryEndDocument' on input line 8987.
Package atveryend Info: Executing hook `AtEndAfterFileList' on input line 8987.

Package rerunfilecheck Info: File `main.out' has not changed.
(rerunfilecheck)             Checksum: 1BA44C0E0494ECC3B09AA8F1A2EB2E30;3898.
Package rerunfilecheck Info: File `main.brf' has not changed.
(rerunfilecheck)             Checksum: 83A33BF7F192F054B50C30E107ED114A;999.
Package atveryend Info: Empty hook `AtVeryVeryEnd' on input line 8987.
 ) 
Here is how much of TeX's memory you used:
 8110 strings out of 493315
 123501 string characters out of 6137905
 211951 words of memory out of 5000000
 10701 multiletter control sequences out of 15000+600000
 89622 words of font info for 108 fonts, out of 8000000 for 9000
 957 hyphenation exceptions out of 8191
 32i,12n,28p,891b,663s stack positions out of 5000i,500n,10000p,200000b,80000s
{/usr/local/texlive/2013/texmf-dist/fonts/enc/dvips/base/8r.enc}{/usr/local/t
exlive/2013/texmf-dist/fonts/enc/dvips/cm-super/cm-super-t1.enc}</usr/local/tex
live/2013/texmf-dist/fonts/type1/public/amsfonts/cm/cmex10.pfb></usr/local/texl
ive/2013/texmf-dist/fonts/type1/public/amsfonts/cm/cmmi10.pfb></usr/local/texli
ve/2013/texmf-dist/fonts/type1/public/amsfonts/cm/cmr10.pfb></usr/local/texlive
/2013/texmf-dist/fonts/type1/public/amsfonts/cm/cmsy10.pfb></usr/local/texlive/
2013/texmf-dist/fonts/type1/public/amsfonts/symbols/msbm10.pfb></usr/local/texl
ive/2013/texmf-dist/fonts/type1/public/rsfs/rsfs10.pfb></usr/local/texlive/2013
/texmf-dist/fonts/type1/public/cm-super/sfst1095.pfb></usr/local/texlive/2013/t
exmf-dist/fonts/type1/public/cm-super/sftt1000.pfb></usr/local/texlive/2013/tex
mf-dist/fonts/type1/public/cm-super/sftt1095.pfb></usr/local/texlive/2013/texmf
-dist/fonts/type1/urw/helvetic/uhvb8a.pfb></usr/local/texlive/2013/texmf-dist/f
onts/type1/urw/helvetic/uhvr8a.pfb></usr/local/texlive/2013/texmf-dist/fonts/ty
pe1/urw/helvetic/uhvro8a.pfb></usr/local/texlive/2013/texmf-dist/fonts/type1/ur
w/symbol/usyr.pfb></usr/local/texlive/2013/texmf-dist/fonts/type1/urw/symbol/us
yr.pfb></usr/local/texlive/2013/texmf-dist/fonts/type1/urw/times/utmb8a.pfb></u
sr/local/texlive/2013/texmf-dist/fonts/type1/urw/times/utmr8a.pfb></usr/local/t
exlive/2013/texmf-dist/fonts/type1/urw/times/utmri8a.pfb>
Output written on main.pdf (143 pages, 606413 bytes).
PDF statistics:
 2279 PDF objects out of 2487 (max. 8388607)
 2096 compressed objects within 21 object streams
 720 named destinations out of 1000 (max. 500000)
 425 words of extra memory for PDF output out of 10000 (max. 10000000)

