This is pdfTeX, Version 3.14159265-2.6-1.40.15 (TeX Live 2014) (preloaded format=pdftex 2014.9.4)  28 OCT 2014 11:26
entering extended mode
 restricted \write18 enabled.
 %&-line parsing enabled.
**manual
(./manual.tex (../../../doc/gapmacro.tex
(/usr/local/texlive/2014/texmf-dist/tex/plain/amsfonts/amssym.tex
(/usr/local/texlive/2014/texmf-dist/tex/plain/amsfonts/amssym.def
\msafam=\fam8
\msbfam=\fam9
\eufmfam=\fam10
))
Running PDFTeX
\pagewidth=\dimen16
\pageheight=\dimen17
\colwidth=\dimen18
\partialpage=\box16
\origvsize=\dimen19
\manindent=\dimen20
\smallmanindent=\dimen21
\itfam=\fam11
\slfam=\fam12
\bffam=\fam13
\ttfam=\fam14
\msbfam=\fam15
\ttindent=\dimen22
\labelout=\write0
\indexout=\write1
\secindout=\write2
\tocout=\write3
\citeout=\write4
\ans=\write5
\exampleout=\write6
\labelin=\read1
\indexin=\read2
\tocin=\read3
\citein=\read4
\secno=\count27
\subsecno=\count28
\exno=\count29
\indentno=\count30
\chapnum=\count31
\ortoks=\toks13
\bibindent=\dimen23
) (../../../doc/ref/manual.lab) (../VERSION) [1{/usr/local/texlive/2014/texmf-v
ar/fonts/map/pdftex/updmap/pdftex.map}]
\makelabel{ModIsom:Contents}{{\setbox 0=\hbox {1}\vrule width 0pt height\ht 0}}

Chapter `Contents' .
(./manual.toc) [2.1
\chapcontents {\tocstrut }{Contents}{2}
] (./manual.lab)
\openout3 = `manual.toc'.

\openout0 = `manual.lab'.

\openout1 = `manual.idx'.

\openout2 = `manual.six'.

\openout4 = `manual.aux'.

 (./intro.tex
Chapter `Introduction' .
[3.1]
Reference `EKo11' undefined.
) (./tables.tex [4.1]
Chapter `Tables' .
[5.2]
\openout6 = `manual.example-2.tst'.

 [6.2]) (./autiso.tex [7.2]
Chapter `Automorphism groups and Canonical Forms' .
\openout6 = `manual.example-3.tst'.

[8.3]) (./modisom.tex [9.3]
Chapter `The modular isomorphism problem' .
Reference `Eic07,EKo10' undefined.
\openout6 = `manual.example-4.tst'.

[10.4]) (./nilquo.tex [11.4]
Chapter `Nilpotent Quotients' .
\openout6 = `manual.example-5.tst'.

) (./relfree.tex [12.5]
Chapter `Relatively free Algebras' .
\openout6 = `manual.example-6.tst'.

) [13.6]
Chapter `Bibliography' .
(./manual.bbl) [14.7]
Chapter `Index' .
(./manual.ind) [15.8]
##
## Citations for BibTeX written on manual.aux.
## Index entries for makeindex written on manual.idx.
## Section index entries written on manual.six.
## Label definitions written on manual.lab.
## Table of contents written on manual.toc.
## Examples written to manual.example-XX.tst.
## There were undefined labels or references.
## Labels have changed, run again. (Or they were multiply defined.)
##
 )pdfTeX warning (dest): name{citation@Eic07,EKo10} has been referenced but doe
s not exist, replaced by a fixed one

pdfTeX warning (dest): name{citation@EKo11} has been referenced but does not ex
ist, replaced by a fixed one

{/usr/local/texlive/2014/texmf-dist/fonts/enc/dvips/base/8r.enc}</usr/local/tex
live/2014/texmf-dist/fonts/type1/public/amsfonts/cm/cmmi10.pfb></usr/local/texl
ive/2014/texmf-dist/fonts/type1/public/amsfonts/cm/cmr10.pfb></usr/local/texliv
e/2014/texmf-dist/fonts/type1/public/amsfonts/cm/cmsy10.pfb></usr/local/texlive
/2014/texmf-dist/fonts/type1/public/amsfonts/cm/cmtt10.pfb></usr/local/texlive/
2014/texmf-dist/fonts/type1/public/amsfonts/symbols/msam7.pfb></usr/local/texli
ve/2014/texmf-dist/fonts/type1/public/amsfonts/symbols/msbm10.pfb></usr/local/t
exlive/2014/texmf-dist/fonts/type1/urw/helvetic/uhvb8a.pfb></usr/local/texlive/
2014/texmf-dist/fonts/type1/urw/symbol/usyr.pfb></usr/local/texlive/2014/texmf-
dist/fonts/type1/urw/times/utmb8a.pfb></usr/local/texlive/2014/texmf-dist/fonts
/type1/urw/times/utmr8a.pfb></usr/local/texlive/2014/texmf-dist/fonts/type1/urw
/times/utmr8a.pfb></usr/local/texlive/2014/texmf-dist/fonts/type1/urw/times/utm
ri8a.pfb>
Output written on manual.pdf (15 pages, 156602 bytes).
PDF statistics:
 292 PDF objects out of 1000 (max. 8388607)
 260 compressed objects within 3 object streams
 56 named destinations out of 1000 (max. 500000)
 225 words of extra memory for PDF output out of 10000 (max. 10000000)

