\BOOKMARK [0][-]{chapter.1}{Introduction}{}% 1
\BOOKMARK [1][-]{section.1.1}{The current transfer procedure}{chapter.1}% 2
\BOOKMARK [0][-]{chapter.2}{Lists, Sets and Strings}{}% 3
\BOOKMARK [1][-]{section.2.1}{Functions for lists}{chapter.2}% 4
\BOOKMARK [1][-]{section.2.2}{Distinct and Common Representatives}{chapter.2}% 5
\BOOKMARK [1][-]{section.2.3}{Functions for strings}{chapter.2}% 6
\BOOKMARK [0][-]{chapter.3}{Number-theoretic functions}{}% 7
\BOOKMARK [1][-]{section.3.1}{Functions for integers}{chapter.3}% 8
\BOOKMARK [0][-]{chapter.4}{Groups and homomorphisms}{}% 9
\BOOKMARK [1][-]{section.4.1}{Functions for groups}{chapter.4}% 10
\BOOKMARK [1][-]{section.4.2}{Functions for words in finitely presented groups}{chapter.4}% 11
\BOOKMARK [1][-]{section.4.3}{Functions for group homomorphisms}{chapter.4}% 12
\BOOKMARK [0][-]{chapter.5}{Records}{}% 13
\BOOKMARK [1][-]{section.5.1}{Functions for records}{chapter.5}% 14
\BOOKMARK [0][-]{chapter.6}{Various other functions}{}% 15
\BOOKMARK [1][-]{section.6.1}{DownloadFile, SendEmail and EmailLogFile}{chapter.6}% 16
\BOOKMARK [1][-]{section.6.2}{A simple caching facility}{chapter.6}% 17
\BOOKMARK [1][-]{section.6.3}{Operations on folders}{chapter.6}% 18
\BOOKMARK [1][-]{section.6.4}{File operations}{chapter.6}% 19
\BOOKMARK [1][-]{section.6.5}{LaTeX strings}{chapter.6}% 20
\BOOKMARK [0][-]{chapter*.5}{References}{}% 21
\BOOKMARK [0][-]{section*.6}{Index}{}% 22
