mktexpk --mfmode / --bdpi 600 --mag 0+591/600 --dpi 591 phvr8r
mktexpk --mfmode / --bdpi 600 --mag 1+57/600 --dpi 657 msbm10
mktexpk --mfmode / --bdpi 600 --mag 0+480/600 --dpi 480 cmsy10
mktexpk --mfmode / --bdpi 600 --mag 0+480/600 --dpi 480 cmmi10
mktexpk --mfmode / --bdpi 600 --mag 1+57/600 --dpi 657 psyr
mktexpk --mfmode / --bdpi 600 --mag 0+480/600 --dpi 480 cmr10
mktexpk --mfmode / --bdpi 600 --mag 0+480/600 --dpi 480 ptmri8r
mktexpk --mfmode / --bdpi 600 --mag 1+57/600 --dpi 657 cmsy10
mktexpk --mfmode / --bdpi 600 --mag 1+57/600 --dpi 657 cmmi10
mktexpk --mfmode / --bdpi 600 --mag 1+0/600 --dpi 600 pcrr8rn
mktexpk --mfmode / --bdpi 600 --mag 0+480/600 --dpi 480 ptmr8r
mktexpk --mfmode / --bdpi 600 --mag 1+57/600 --dpi 657 pcrro8r
mktexpk --mfmode / --bdpi 600 --mag 1+57/600 --dpi 657 msam10
mktexpk --mfmode / --bdpi 600 --mag 1+57/600 --dpi 657 cmr10
mktexpk --mfmode / --bdpi 600 --mag 1+57/600 --dpi 657 ptmri8r
mktexpk --mfmode / --bdpi 600 --mag 1+57/600 --dpi 657 ptmb8r
mktexpk --mfmode / --bdpi 600 --mag 1+57/600 --dpi 657 pcrr8rn
mktexpk --mfmode / --bdpi 600 --mag 2+44/600 --dpi 1244 ptmb8r
mktexpk --mfmode / --bdpi 600 --mag 1+0/600 --dpi 600 cmsy10
mktexpk --mfmode / --bdpi 600 --mag 1+0/600 --dpi 600 ptmr8r
mktexpk --mfmode / --bdpi 600 --mag 1+264/600 --dpi 864 ptmb8r
mktexpk --mfmode / --bdpi 600 --mag 0+480/600 --dpi 480 ptmro8r
mktexpk --mfmode / --bdpi 600 --mag 0+432/600 --dpi 432 phvro8r
mktexpk --mfmode / --bdpi 600 --mag 1+120/600 --dpi 720 ptmb8r
mktexpk --mfmode / --bdpi 600 --mag 1+57/600 --dpi 657 ptmr8r
mktexpk --mfmode / --bdpi 600 --mag 2+293/600 --dpi 1493 ptmb8r
mktexpk --mfmode / --bdpi 600 --mag 2+144/600 --dpi 1344 phvb8r
mktexpk --mfmode / --bdpi 600 --mag 0+591/600 --dpi 591 phvr8r
mktexpk --mfmode / --bdpi 600 --mag 1+57/600 --dpi 657 msbm10
mktexpk --mfmode / --bdpi 600 --mag 0+480/600 --dpi 480 cmsy10
mktexpk --mfmode / --bdpi 600 --mag 0+480/600 --dpi 480 cmmi10
mktexpk --mfmode / --bdpi 600 --mag 1+57/600 --dpi 657 psyr
mktexpk --mfmode / --bdpi 600 --mag 0+480/600 --dpi 480 cmr10
mktexpk --mfmode / --bdpi 600 --mag 0+480/600 --dpi 480 ptmri8r
mktexpk --mfmode / --bdpi 600 --mag 1+57/600 --dpi 657 cmsy10
mktexpk --mfmode / --bdpi 600 --mag 1+57/600 --dpi 657 cmmi10
mktexpk --mfmode / --bdpi 600 --mag 1+0/600 --dpi 600 pcrr8rn
mktexpk --mfmode / --bdpi 600 --mag 0+480/600 --dpi 480 ptmr8r
mktexpk --mfmode / --bdpi 600 --mag 1+57/600 --dpi 657 pcrro8r
mktexpk --mfmode / --bdpi 600 --mag 1+57/600 --dpi 657 msam10
mktexpk --mfmode / --bdpi 600 --mag 1+57/600 --dpi 657 cmr10
mktexpk --mfmode / --bdpi 600 --mag 1+57/600 --dpi 657 ptmri8r
mktexpk --mfmode / --bdpi 600 --mag 1+57/600 --dpi 657 pcrr8rn
mktexpk --mfmode / --bdpi 600 --mag 2+44/600 --dpi 1244 ptmb8r
mktexpk --mfmode / --bdpi 600 --mag 1+57/600 --dpi 657 ptmb8r
mktexpk --mfmode / --bdpi 600 --mag 1+0/600 --dpi 600 cmsy10
mktexpk --mfmode / --bdpi 600 --mag 1+0/600 --dpi 600 ptmr8r
mktexpk --mfmode / --bdpi 600 --mag 1+264/600 --dpi 864 ptmb8r
mktexpk --mfmode / --bdpi 600 --mag 0+480/600 --dpi 480 ptmro8r
mktexpk --mfmode / --bdpi 600 --mag 0+432/600 --dpi 432 phvro8r
mktexpk --mfmode / --bdpi 600 --mag 1+120/600 --dpi 720 ptmb8r
mktexpk --mfmode / --bdpi 600 --mag 1+57/600 --dpi 657 ptmr8r
mktexpk --mfmode / --bdpi 600 --mag 2+293/600 --dpi 1493 ptmb8r
mktexpk --mfmode / --bdpi 600 --mag 2+144/600 --dpi 1344 phvb8r
mktexpk --mfmode / --bdpi 600 --mag 0+591/600 --dpi 591 phvr8r
mktexpk --mfmode / --bdpi 600 --mag 1+57/600 --dpi 657 msbm10
mktexpk --mfmode / --bdpi 600 --mag 0+480/600 --dpi 480 cmsy10
mktexpk --mfmode / --bdpi 600 --mag 0+480/600 --dpi 480 cmmi10
mktexpk --mfmode / --bdpi 600 --mag 1+57/600 --dpi 657 psyr
mktexpk --mfmode / --bdpi 600 --mag 0+480/600 --dpi 480 cmr10
mktexpk --mfmode / --bdpi 600 --mag 0+480/600 --dpi 480 ptmri8r
mktexpk --mfmode / --bdpi 600 --mag 1+57/600 --dpi 657 cmsy10
mktexpk --mfmode / --bdpi 600 --mag 1+57/600 --dpi 657 cmmi10
mktexpk --mfmode / --bdpi 600 --mag 1+0/600 --dpi 600 pcrr8rn
mktexpk --mfmode / --bdpi 600 --mag 0+480/600 --dpi 480 ptmr8r
mktexpk --mfmode / --bdpi 600 --mag 1+57/600 --dpi 657 pcrro8r
mktexpk --mfmode / --bdpi 600 --mag 1+57/600 --dpi 657 msam10
mktexpk --mfmode / --bdpi 600 --mag 1+57/600 --dpi 657 cmr10
mktexpk --mfmode / --bdpi 600 --mag 1+57/600 --dpi 657 ptmri8r
mktexpk --mfmode / --bdpi 600 --mag 1+57/600 --dpi 657 pcrr8rn
mktexpk --mfmode / --bdpi 600 --mag 2+44/600 --dpi 1244 ptmb8r
mktexpk --mfmode / --bdpi 600 --mag 1+57/600 --dpi 657 ptmb8r
mktexpk --mfmode / --bdpi 600 --mag 1+0/600 --dpi 600 cmsy10
mktexpk --mfmode / --bdpi 600 --mag 1+0/600 --dpi 600 ptmr8r
mktexpk --mfmode / --bdpi 600 --mag 1+264/600 --dpi 864 ptmb8r
mktexpk --mfmode / --bdpi 600 --mag 0+480/600 --dpi 480 ptmro8r
mktexpk --mfmode / --bdpi 600 --mag 0+432/600 --dpi 432 phvro8r
mktexpk --mfmode / --bdpi 600 --mag 1+120/600 --dpi 720 ptmb8r
mktexpk --mfmode / --bdpi 600 --mag 1+57/600 --dpi 657 ptmr8r
mktexpk --mfmode / --bdpi 600 --mag 2+293/600 --dpi 1493 ptmb8r
mktexpk --mfmode / --bdpi 600 --mag 2+144/600 --dpi 1344 phvb8r
mktexpk --mfmode / --bdpi 600 --mag 0+591/600 --dpi 591 phvr8r
mktexpk --mfmode / --bdpi 600 --mag 1+57/600 --dpi 657 msbm10
mktexpk --mfmode / --bdpi 600 --mag 0+480/600 --dpi 480 cmsy10
mktexpk --mfmode / --bdpi 600 --mag 0+480/600 --dpi 480 cmmi10
mktexpk --mfmode / --bdpi 600 --mag 1+57/600 --dpi 657 psyr
mktexpk --mfmode / --bdpi 600 --mag 0+480/600 --dpi 480 cmr10
mktexpk --mfmode / --bdpi 600 --mag 0+480/600 --dpi 480 ptmri8r
mktexpk --mfmode / --bdpi 600 --mag 1+57/600 --dpi 657 cmsy10
mktexpk --mfmode / --bdpi 600 --mag 1+57/600 --dpi 657 cmmi10
mktexpk --mfmode / --bdpi 600 --mag 1+0/600 --dpi 600 pcrr8rn
mktexpk --mfmode / --bdpi 600 --mag 0+480/600 --dpi 480 ptmr8r
mktexpk --mfmode / --bdpi 600 --mag 1+57/600 --dpi 657 pcrro8r
mktexpk --mfmode / --bdpi 600 --mag 1+57/600 --dpi 657 msam10
mktexpk --mfmode / --bdpi 600 --mag 1+57/600 --dpi 657 cmr10
mktexpk --mfmode / --bdpi 600 --mag 1+57/600 --dpi 657 ptmri8r
mktexpk --mfmode / --bdpi 600 --mag 1+57/600 --dpi 657 ptmb8r
mktexpk --mfmode / --bdpi 600 --mag 1+57/600 --dpi 657 pcrr8rn
mktexpk --mfmode / --bdpi 600 --mag 2+44/600 --dpi 1244 ptmb8r
mktexpk --mfmode / --bdpi 600 --mag 1+0/600 --dpi 600 cmsy10
mktexpk --mfmode / --bdpi 600 --mag 1+0/600 --dpi 600 ptmr8r
mktexpk --mfmode / --bdpi 600 --mag 1+264/600 --dpi 864 ptmb8r
mktexpk --mfmode / --bdpi 600 --mag 0+480/600 --dpi 480 ptmro8r
mktexpk --mfmode / --bdpi 600 --mag 0+432/600 --dpi 432 phvro8r
mktexpk --mfmode / --bdpi 600 --mag 1+120/600 --dpi 720 ptmb8r
mktexpk --mfmode / --bdpi 600 --mag 1+57/600 --dpi 657 ptmr8r
mktexpk --mfmode / --bdpi 600 --mag 2+293/600 --dpi 1493 ptmb8r
mktexpk --mfmode / --bdpi 600 --mag 2+144/600 --dpi 1344 phvb8r
mktexpk --mfmode / --bdpi 600 --mag 0+591/600 --dpi 591 phvr8r
mktexpk --mfmode / --bdpi 600 --mag 1+57/600 --dpi 657 msbm10
mktexpk --mfmode / --bdpi 600 --mag 0+480/600 --dpi 480 cmsy10
mktexpk --mfmode / --bdpi 600 --mag 0+480/600 --dpi 480 cmmi10
mktexpk --mfmode / --bdpi 600 --mag 1+57/600 --dpi 657 psyr
mktexpk --mfmode / --bdpi 600 --mag 0+480/600 --dpi 480 cmr10
mktexpk --mfmode / --bdpi 600 --mag 0+480/600 --dpi 480 ptmri8r
mktexpk --mfmode / --bdpi 600 --mag 1+57/600 --dpi 657 cmsy10
mktexpk --mfmode / --bdpi 600 --mag 1+57/600 --dpi 657 cmmi10
mktexpk --mfmode / --bdpi 600 --mag 1+0/600 --dpi 600 pcrr8rn
mktexpk --mfmode / --bdpi 600 --mag 0+480/600 --dpi 480 ptmr8r
mktexpk --mfmode / --bdpi 600 --mag 1+57/600 --dpi 657 pcrro8r
mktexpk --mfmode / --bdpi 600 --mag 1+57/600 --dpi 657 msam10
mktexpk --mfmode / --bdpi 600 --mag 1+57/600 --dpi 657 cmr10
mktexpk --mfmode / --bdpi 600 --mag 1+57/600 --dpi 657 ptmri8r
mktexpk --mfmode / --bdpi 600 --mag 1+57/600 --dpi 657 pcrr8rn
mktexpk --mfmode / --bdpi 600 --mag 2+44/600 --dpi 1244 ptmb8r
mktexpk --mfmode / --bdpi 600 --mag 1+57/600 --dpi 657 ptmb8r
mktexpk --mfmode / --bdpi 600 --mag 1+0/600 --dpi 600 cmsy10
mktexpk --mfmode / --bdpi 600 --mag 1+0/600 --dpi 600 ptmr8r
mktexpk --mfmode / --bdpi 600 --mag 1+264/600 --dpi 864 ptmb8r
mktexpk --mfmode / --bdpi 600 --mag 0+480/600 --dpi 480 ptmro8r
mktexpk --mfmode / --bdpi 600 --mag 0+432/600 --dpi 432 phvro8r
mktexpk --mfmode / --bdpi 600 --mag 1+120/600 --dpi 720 ptmb8r
mktexpk --mfmode / --bdpi 600 --mag 1+57/600 --dpi 657 ptmr8r
mktexpk --mfmode / --bdpi 600 --mag 2+293/600 --dpi 1493 ptmb8r
mktexpk --mfmode / --bdpi 600 --mag 2+144/600 --dpi 1344 phvb8r
mktexpk --mfmode / --bdpi 600 --mag 0+591/600 --dpi 591 phvr8r
mktexpk --mfmode / --bdpi 600 --mag 1+57/600 --dpi 657 msbm10
mktexpk --mfmode / --bdpi 600 --mag 0+480/600 --dpi 480 cmsy10
mktexpk --mfmode / --bdpi 600 --mag 0+480/600 --dpi 480 cmmi10
mktexpk --mfmode / --bdpi 600 --mag 1+57/600 --dpi 657 psyr
mktexpk --mfmode / --bdpi 600 --mag 0+480/600 --dpi 480 cmr10
mktexpk --mfmode / --bdpi 600 --mag 0+480/600 --dpi 480 ptmri8r
mktexpk --mfmode / --bdpi 600 --mag 1+57/600 --dpi 657 cmsy10
mktexpk --mfmode / --bdpi 600 --mag 1+57/600 --dpi 657 cmmi10
mktexpk --mfmode / --bdpi 600 --mag 1+0/600 --dpi 600 pcrr8rn
mktexpk --mfmode / --bdpi 600 --mag 0+480/600 --dpi 480 ptmr8r
mktexpk --mfmode / --bdpi 600 --mag 1+57/600 --dpi 657 pcrro8r
mktexpk --mfmode / --bdpi 600 --mag 1+57/600 --dpi 657 msam10
mktexpk --mfmode / --bdpi 600 --mag 1+57/600 --dpi 657 cmr10
mktexpk --mfmode / --bdpi 600 --mag 1+57/600 --dpi 657 ptmri8r
mktexpk --mfmode / --bdpi 600 --mag 1+57/600 --dpi 657 pcrr8rn
mktexpk --mfmode / --bdpi 600 --mag 2+44/600 --dpi 1244 ptmb8r
mktexpk --mfmode / --bdpi 600 --mag 1+57/600 --dpi 657 ptmb8r
mktexpk --mfmode / --bdpi 600 --mag 1+0/600 --dpi 600 cmsy10
mktexpk --mfmode / --bdpi 600 --mag 1+0/600 --dpi 600 ptmr8r
mktexpk --mfmode / --bdpi 600 --mag 1+264/600 --dpi 864 ptmb8r
mktexpk --mfmode / --bdpi 600 --mag 0+480/600 --dpi 480 ptmro8r
mktexpk --mfmode / --bdpi 600 --mag 0+432/600 --dpi 432 phvro8r
mktexpk --mfmode / --bdpi 600 --mag 1+120/600 --dpi 720 ptmb8r
mktexpk --mfmode / --bdpi 600 --mag 1+57/600 --dpi 657 ptmr8r
mktexpk --mfmode / --bdpi 600 --mag 2+293/600 --dpi 1493 ptmb8r
mktexpk --mfmode / --bdpi 600 --mag 2+144/600 --dpi 1344 phvb8r
mktexpk --mfmode / --bdpi 600 --mag 0+591/600 --dpi 591 phvr8r
mktexpk --mfmode / --bdpi 600 --mag 1+57/600 --dpi 657 msbm10
mktexpk --mfmode / --bdpi 600 --mag 0+480/600 --dpi 480 cmsy10
mktexpk --mfmode / --bdpi 600 --mag 0+480/600 --dpi 480 cmmi10
mktexpk --mfmode / --bdpi 600 --mag 1+57/600 --dpi 657 psyr
mktexpk --mfmode / --bdpi 600 --mag 0+480/600 --dpi 480 cmr10
mktexpk --mfmode / --bdpi 600 --mag 0+480/600 --dpi 480 ptmri8r
mktexpk --mfmode / --bdpi 600 --mag 1+57/600 --dpi 657 cmsy10
mktexpk --mfmode / --bdpi 600 --mag 1+57/600 --dpi 657 cmmi10
mktexpk --mfmode / --bdpi 600 --mag 1+0/600 --dpi 600 pcrr8rn
mktexpk --mfmode / --bdpi 600 --mag 0+480/600 --dpi 480 ptmr8r
mktexpk --mfmode / --bdpi 600 --mag 1+57/600 --dpi 657 pcrro8r
mktexpk --mfmode / --bdpi 600 --mag 1+57/600 --dpi 657 msam10
mktexpk --mfmode / --bdpi 600 --mag 1+57/600 --dpi 657 cmr10
mktexpk --mfmode / --bdpi 600 --mag 1+57/600 --dpi 657 ptmri8r
mktexpk --mfmode / --bdpi 600 --mag 1+57/600 --dpi 657 ptmb8r
mktexpk --mfmode / --bdpi 600 --mag 1+57/600 --dpi 657 pcrr8rn
mktexpk --mfmode / --bdpi 600 --mag 2+44/600 --dpi 1244 ptmb8r
mktexpk --mfmode / --bdpi 600 --mag 1+0/600 --dpi 600 cmsy10
mktexpk --mfmode / --bdpi 600 --mag 1+0/600 --dpi 600 ptmr8r
mktexpk --mfmode / --bdpi 600 --mag 1+264/600 --dpi 864 ptmb8r
mktexpk --mfmode / --bdpi 600 --mag 0+480/600 --dpi 480 ptmro8r
mktexpk --mfmode / --bdpi 600 --mag 0+432/600 --dpi 432 phvro8r
mktexpk --mfmode / --bdpi 600 --mag 1+120/600 --dpi 720 ptmb8r
mktexpk --mfmode / --bdpi 600 --mag 1+57/600 --dpi 657 ptmr8r
mktexpk --mfmode / --bdpi 600 --mag 2+293/600 --dpi 1493 ptmb8r
mktexpk --mfmode / --bdpi 600 --mag 2+144/600 --dpi 1344 phvb8r
mktexpk --mfmode / --bdpi 600 --mag 0+591/600 --dpi 591 phvr8r
mktexpk --mfmode / --bdpi 600 --mag 1+57/600 --dpi 657 msbm10
mktexpk --mfmode / --bdpi 600 --mag 0+480/600 --dpi 480 cmsy10
mktexpk --mfmode / --bdpi 600 --mag 0+480/600 --dpi 480 cmmi10
mktexpk --mfmode / --bdpi 600 --mag 1+57/600 --dpi 657 psyr
mktexpk --mfmode / --bdpi 600 --mag 0+480/600 --dpi 480 cmr10
mktexpk --mfmode / --bdpi 600 --mag 0+480/600 --dpi 480 ptmri8r
mktexpk --mfmode / --bdpi 600 --mag 1+57/600 --dpi 657 cmsy10
mktexpk --mfmode / --bdpi 600 --mag 1+57/600 --dpi 657 cmmi10
mktexpk --mfmode / --bdpi 600 --mag 1+0/600 --dpi 600 pcrr8rn
mktexpk --mfmode / --bdpi 600 --mag 0+480/600 --dpi 480 ptmr8r
mktexpk --mfmode / --bdpi 600 --mag 1+57/600 --dpi 657 pcrro8r
mktexpk --mfmode / --bdpi 600 --mag 1+57/600 --dpi 657 msam10
mktexpk --mfmode / --bdpi 600 --mag 1+57/600 --dpi 657 cmr10
mktexpk --mfmode / --bdpi 600 --mag 1+57/600 --dpi 657 ptmri8r
mktexpk --mfmode / --bdpi 600 --mag 1+57/600 --dpi 657 pcrr8rn
mktexpk --mfmode / --bdpi 600 --mag 2+44/600 --dpi 1244 ptmb8r
mktexpk --mfmode / --bdpi 600 --mag 1+57/600 --dpi 657 ptmb8r
mktexpk --mfmode / --bdpi 600 --mag 1+0/600 --dpi 600 cmsy10
mktexpk --mfmode / --bdpi 600 --mag 1+0/600 --dpi 600 ptmr8r
mktexpk --mfmode / --bdpi 600 --mag 1+264/600 --dpi 864 ptmb8r
mktexpk --mfmode / --bdpi 600 --mag 0+480/600 --dpi 480 ptmro8r
mktexpk --mfmode / --bdpi 600 --mag 0+432/600 --dpi 432 phvro8r
mktexpk --mfmode / --bdpi 600 --mag 1+120/600 --dpi 720 ptmb8r
mktexpk --mfmode / --bdpi 600 --mag 1+57/600 --dpi 657 ptmr8r
mktexpk --mfmode / --bdpi 600 --mag 2+293/600 --dpi 1493 ptmb8r
mktexpk --mfmode / --bdpi 600 --mag 2+144/600 --dpi 1344 phvb8r
mktexpk --mfmode / --bdpi 600 --mag 0+591/600 --dpi 591 phvr8r
mktexpk --mfmode / --bdpi 600 --mag 1+57/600 --dpi 657 msbm10
mktexpk --mfmode / --bdpi 600 --mag 0+480/600 --dpi 480 cmsy10
mktexpk --mfmode / --bdpi 600 --mag 0+480/600 --dpi 480 cmmi10
mktexpk --mfmode / --bdpi 600 --mag 1+57/600 --dpi 657 psyr
mktexpk --mfmode / --bdpi 600 --mag 0+480/600 --dpi 480 cmr10
mktexpk --mfmode / --bdpi 600 --mag 0+480/600 --dpi 480 ptmri8r
mktexpk --mfmode / --bdpi 600 --mag 1+57/600 --dpi 657 cmsy10
mktexpk --mfmode / --bdpi 600 --mag 1+57/600 --dpi 657 cmmi10
mktexpk --mfmode / --bdpi 600 --mag 1+0/600 --dpi 600 pcrr8rn
mktexpk --mfmode / --bdpi 600 --mag 0+480/600 --dpi 480 ptmr8r
mktexpk --mfmode / --bdpi 600 --mag 1+57/600 --dpi 657 pcrro8r
mktexpk --mfmode / --bdpi 600 --mag 1+57/600 --dpi 657 msam10
mktexpk --mfmode / --bdpi 600 --mag 1+57/600 --dpi 657 cmr10
mktexpk --mfmode / --bdpi 600 --mag 1+57/600 --dpi 657 ptmri8r
mktexpk --mfmode / --bdpi 600 --mag 1+57/600 --dpi 657 pcrr8rn
mktexpk --mfmode / --bdpi 600 --mag 2+44/600 --dpi 1244 ptmb8r
mktexpk --mfmode / --bdpi 600 --mag 1+57/600 --dpi 657 ptmb8r
mktexpk --mfmode / --bdpi 600 --mag 1+0/600 --dpi 600 cmsy10
mktexpk --mfmode / --bdpi 600 --mag 1+0/600 --dpi 600 ptmr8r
mktexpk --mfmode / --bdpi 600 --mag 1+264/600 --dpi 864 ptmb8r
mktexpk --mfmode / --bdpi 600 --mag 0+480/600 --dpi 480 ptmro8r
mktexpk --mfmode / --bdpi 600 --mag 0+432/600 --dpi 432 phvro8r
mktexpk --mfmode / --bdpi 600 --mag 1+120/600 --dpi 720 ptmb8r
mktexpk --mfmode / --bdpi 600 --mag 1+57/600 --dpi 657 ptmr8r
mktexpk --mfmode / --bdpi 600 --mag 2+293/600 --dpi 1493 ptmb8r
mktexpk --mfmode / --bdpi 600 --mag 2+144/600 --dpi 1344 phvb8r
mktexpk --mfmode / --bdpi 600 --mag 0+591/600 --dpi 591 phvr8r
mktexpk --mfmode / --bdpi 600 --mag 1+57/600 --dpi 657 msbm10
mktexpk --mfmode / --bdpi 600 --mag 0+480/600 --dpi 480 cmsy10
mktexpk --mfmode / --bdpi 600 --mag 0+480/600 --dpi 480 cmmi10
mktexpk --mfmode / --bdpi 600 --mag 1+57/600 --dpi 657 psyr
mktexpk --mfmode / --bdpi 600 --mag 0+480/600 --dpi 480 cmr10
mktexpk --mfmode / --bdpi 600 --mag 0+480/600 --dpi 480 ptmri8r
mktexpk --mfmode / --bdpi 600 --mag 1+57/600 --dpi 657 cmsy10
mktexpk --mfmode / --bdpi 600 --mag 1+57/600 --dpi 657 cmmi10
mktexpk --mfmode / --bdpi 600 --mag 1+0/600 --dpi 600 pcrr8rn
mktexpk --mfmode / --bdpi 600 --mag 0+480/600 --dpi 480 ptmr8r
mktexpk --mfmode / --bdpi 600 --mag 1+57/600 --dpi 657 pcrro8r
mktexpk --mfmode / --bdpi 600 --mag 1+57/600 --dpi 657 msam10
mktexpk --mfmode / --bdpi 600 --mag 1+57/600 --dpi 657 cmr10
mktexpk --mfmode / --bdpi 600 --mag 1+57/600 --dpi 657 ptmri8r
mktexpk --mfmode / --bdpi 600 --mag 1+57/600 --dpi 657 ptmb8r
mktexpk --mfmode / --bdpi 600 --mag 1+57/600 --dpi 657 pcrr8rn
mktexpk --mfmode / --bdpi 600 --mag 2+44/600 --dpi 1244 ptmb8r
mktexpk --mfmode / --bdpi 600 --mag 1+0/600 --dpi 600 cmsy10
mktexpk --mfmode / --bdpi 600 --mag 1+0/600 --dpi 600 ptmr8r
mktexpk --mfmode / --bdpi 600 --mag 1+264/600 --dpi 864 ptmb8r
mktexpk --mfmode / --bdpi 600 --mag 0+480/600 --dpi 480 ptmro8r
mktexpk --mfmode / --bdpi 600 --mag 0+432/600 --dpi 432 phvro8r
mktexpk --mfmode / --bdpi 600 --mag 1+120/600 --dpi 720 ptmb8r
mktexpk --mfmode / --bdpi 600 --mag 1+57/600 --dpi 657 ptmr8r
mktexpk --mfmode / --bdpi 600 --mag 2+293/600 --dpi 1493 ptmb8r
mktexpk --mfmode / --bdpi 600 --mag 2+144/600 --dpi 1344 phvb8r
mktexpk --mfmode / --bdpi 600 --mag 0+591/600 --dpi 591 phvr8r
mktexpk --mfmode / --bdpi 600 --mag 1+57/600 --dpi 657 msbm10
mktexpk --mfmode / --bdpi 600 --mag 0+480/600 --dpi 480 cmsy10
mktexpk --mfmode / --bdpi 600 --mag 0+480/600 --dpi 480 cmmi10
mktexpk --mfmode / --bdpi 600 --mag 1+57/600 --dpi 657 psyr
mktexpk --mfmode / --bdpi 600 --mag 0+480/600 --dpi 480 cmr10
mktexpk --mfmode / --bdpi 600 --mag 0+480/600 --dpi 480 ptmri8r
mktexpk --mfmode / --bdpi 600 --mag 1+57/600 --dpi 657 cmsy10
mktexpk --mfmode / --bdpi 600 --mag 1+57/600 --dpi 657 cmmi10
mktexpk --mfmode / --bdpi 600 --mag 1+0/600 --dpi 600 pcrr8rn
mktexpk --mfmode / --bdpi 600 --mag 0+480/600 --dpi 480 ptmr8r
mktexpk --mfmode / --bdpi 600 --mag 1+57/600 --dpi 657 pcrro8r
mktexpk --mfmode / --bdpi 600 --mag 1+57/600 --dpi 657 msam10
mktexpk --mfmode / --bdpi 600 --mag 1+57/600 --dpi 657 cmr10
mktexpk --mfmode / --bdpi 600 --mag 1+57/600 --dpi 657 ptmri8r
mktexpk --mfmode / --bdpi 600 --mag 1+57/600 --dpi 657 pcrr8rn
mktexpk --mfmode / --bdpi 600 --mag 2+44/600 --dpi 1244 ptmb8r
mktexpk --mfmode / --bdpi 600 --mag 1+57/600 --dpi 657 ptmb8r
mktexpk --mfmode / --bdpi 600 --mag 1+0/600 --dpi 600 cmsy10
mktexpk --mfmode / --bdpi 600 --mag 1+0/600 --dpi 600 ptmr8r
mktexpk --mfmode / --bdpi 600 --mag 1+264/600 --dpi 864 ptmb8r
mktexpk --mfmode / --bdpi 600 --mag 0+480/600 --dpi 480 ptmro8r
mktexpk --mfmode / --bdpi 600 --mag 0+432/600 --dpi 432 phvro8r
mktexpk --mfmode / --bdpi 600 --mag 1+120/600 --dpi 720 ptmb8r
mktexpk --mfmode / --bdpi 600 --mag 1+57/600 --dpi 657 ptmr8r
mktexpk --mfmode / --bdpi 600 --mag 2+293/600 --dpi 1493 ptmb8r
mktexpk --mfmode / --bdpi 600 --mag 2+144/600 --dpi 1344 phvb8r
mktexpk --mfmode / --bdpi 600 --mag 0+591/600 --dpi 591 phvr8r
mktexpk --mfmode / --bdpi 600 --mag 1+57/600 --dpi 657 msbm10
mktexpk --mfmode / --bdpi 600 --mag 0+480/600 --dpi 480 cmsy10
mktexpk --mfmode / --bdpi 600 --mag 0+480/600 --dpi 480 cmmi10
mktexpk --mfmode / --bdpi 600 --mag 1+57/600 --dpi 657 psyr
mktexpk --mfmode / --bdpi 600 --mag 0+480/600 --dpi 480 cmr10
mktexpk --mfmode / --bdpi 600 --mag 0+480/600 --dpi 480 ptmri8r
mktexpk --mfmode / --bdpi 600 --mag 1+57/600 --dpi 657 cmsy10
mktexpk --mfmode / --bdpi 600 --mag 1+57/600 --dpi 657 cmmi10
mktexpk --mfmode / --bdpi 600 --mag 1+0/600 --dpi 600 pcrr8rn
mktexpk --mfmode / --bdpi 600 --mag 0+480/600 --dpi 480 ptmr8r
mktexpk --mfmode / --bdpi 600 --mag 1+57/600 --dpi 657 pcrro8r
mktexpk --mfmode / --bdpi 600 --mag 1+57/600 --dpi 657 msam10
mktexpk --mfmode / --bdpi 600 --mag 1+57/600 --dpi 657 cmr10
mktexpk --mfmode / --bdpi 600 --mag 1+57/600 --dpi 657 ptmri8r
mktexpk --mfmode / --bdpi 600 --mag 1+57/600 --dpi 657 pcrr8rn
mktexpk --mfmode / --bdpi 600 --mag 2+44/600 --dpi 1244 ptmb8r
mktexpk --mfmode / --bdpi 600 --mag 1+57/600 --dpi 657 ptmb8r
mktexpk --mfmode / --bdpi 600 --mag 1+0/600 --dpi 600 cmsy10
mktexpk --mfmode / --bdpi 600 --mag 1+0/600 --dpi 600 ptmr8r
mktexpk --mfmode / --bdpi 600 --mag 1+264/600 --dpi 864 ptmb8r
mktexpk --mfmode / --bdpi 600 --mag 0+480/600 --dpi 480 ptmro8r
mktexpk --mfmode / --bdpi 600 --mag 0+432/600 --dpi 432 phvro8r
mktexpk --mfmode / --bdpi 600 --mag 1+120/600 --dpi 720 ptmb8r
mktexpk --mfmode / --bdpi 600 --mag 1+57/600 --dpi 657 ptmr8r
mktexpk --mfmode / --bdpi 600 --mag 2+293/600 --dpi 1493 ptmb8r
mktexpk --mfmode / --bdpi 600 --mag 2+144/600 --dpi 1344 phvb8r
mktexpk --mfmode / --bdpi 600 --mag 0+591/600 --dpi 591 phvr8r
mktexpk --mfmode / --bdpi 600 --mag 1+57/600 --dpi 657 msbm10
mktexpk --mfmode / --bdpi 600 --mag 0+480/600 --dpi 480 cmsy10
mktexpk --mfmode / --bdpi 600 --mag 0+480/600 --dpi 480 cmmi10
mktexpk --mfmode / --bdpi 600 --mag 1+57/600 --dpi 657 psyr
mktexpk --mfmode / --bdpi 600 --mag 0+480/600 --dpi 480 cmr10
mktexpk --mfmode / --bdpi 600 --mag 0+480/600 --dpi 480 ptmri8r
mktexpk --mfmode / --bdpi 600 --mag 1+57/600 --dpi 657 cmsy10
mktexpk --mfmode / --bdpi 600 --mag 1+57/600 --dpi 657 cmmi10
mktexpk --mfmode / --bdpi 600 --mag 1+0/600 --dpi 600 pcrr8rn
mktexpk --mfmode / --bdpi 600 --mag 0+480/600 --dpi 480 ptmr8r
mktexpk --mfmode / --bdpi 600 --mag 1+57/600 --dpi 657 pcrro8r
mktexpk --mfmode / --bdpi 600 --mag 1+57/600 --dpi 657 msam10
mktexpk --mfmode / --bdpi 600 --mag 1+57/600 --dpi 657 cmr10
mktexpk --mfmode / --bdpi 600 --mag 1+57/600 --dpi 657 ptmri8r
mktexpk --mfmode / --bdpi 600 --mag 1+57/600 --dpi 657 ptmb8r
mktexpk --mfmode / --bdpi 600 --mag 1+57/600 --dpi 657 pcrr8rn
mktexpk --mfmode / --bdpi 600 --mag 2+44/600 --dpi 1244 ptmb8r
mktexpk --mfmode / --bdpi 600 --mag 1+0/600 --dpi 600 cmsy10
mktexpk --mfmode / --bdpi 600 --mag 1+0/600 --dpi 600 ptmr8r
mktexpk --mfmode / --bdpi 600 --mag 1+264/600 --dpi 864 ptmb8r
mktexpk --mfmode / --bdpi 600 --mag 0+480/600 --dpi 480 ptmro8r
mktexpk --mfmode / --bdpi 600 --mag 0+432/600 --dpi 432 phvro8r
mktexpk --mfmode / --bdpi 600 --mag 1+120/600 --dpi 720 ptmb8r
mktexpk --mfmode / --bdpi 600 --mag 1+57/600 --dpi 657 ptmr8r
mktexpk --mfmode / --bdpi 600 --mag 2+293/600 --dpi 1493 ptmb8r
mktexpk --mfmode / --bdpi 600 --mag 2+144/600 --dpi 1344 phvb8r
mktexpk --mfmode / --bdpi 600 --mag 0+591/600 --dpi 591 phvr8r
mktexpk --mfmode / --bdpi 600 --mag 1+57/600 --dpi 657 msbm10
mktexpk --mfmode / --bdpi 600 --mag 0+480/600 --dpi 480 cmsy10
mktexpk --mfmode / --bdpi 600 --mag 0+480/600 --dpi 480 cmmi10
mktexpk --mfmode / --bdpi 600 --mag 1+57/600 --dpi 657 psyr
mktexpk --mfmode / --bdpi 600 --mag 0+480/600 --dpi 480 cmr10
mktexpk --mfmode / --bdpi 600 --mag 0+480/600 --dpi 480 ptmri8r
mktexpk --mfmode / --bdpi 600 --mag 1+57/600 --dpi 657 cmsy10
mktexpk --mfmode / --bdpi 600 --mag 1+57/600 --dpi 657 cmmi10
mktexpk --mfmode / --bdpi 600 --mag 1+0/600 --dpi 600 pcrr8rn
mktexpk --mfmode / --bdpi 600 --mag 0+480/600 --dpi 480 ptmr8r
mktexpk --mfmode / --bdpi 600 --mag 1+57/600 --dpi 657 pcrro8r
mktexpk --mfmode / --bdpi 600 --mag 1+57/600 --dpi 657 msam10
mktexpk --mfmode / --bdpi 600 --mag 1+57/600 --dpi 657 cmr10
mktexpk --mfmode / --bdpi 600 --mag 1+57/600 --dpi 657 ptmri8r
mktexpk --mfmode / --bdpi 600 --mag 1+57/600 --dpi 657 pcrr8rn
mktexpk --mfmode / --bdpi 600 --mag 2+44/600 --dpi 1244 ptmb8r
mktexpk --mfmode / --bdpi 600 --mag 1+57/600 --dpi 657 ptmb8r
mktexpk --mfmode / --bdpi 600 --mag 1+0/600 --dpi 600 cmsy10
mktexpk --mfmode / --bdpi 600 --mag 1+0/600 --dpi 600 ptmr8r
mktexpk --mfmode / --bdpi 600 --mag 1+264/600 --dpi 864 ptmb8r
mktexpk --mfmode / --bdpi 600 --mag 0+480/600 --dpi 480 ptmro8r
mktexpk --mfmode / --bdpi 600 --mag 0+432/600 --dpi 432 phvro8r
mktexpk --mfmode / --bdpi 600 --mag 1+120/600 --dpi 720 ptmb8r
mktexpk --mfmode / --bdpi 600 --mag 1+57/600 --dpi 657 ptmr8r
mktexpk --mfmode / --bdpi 600 --mag 2+293/600 --dpi 1493 ptmb8r
mktexpk --mfmode / --bdpi 600 --mag 2+144/600 --dpi 1344 phvb8r
mktexpk --mfmode / --bdpi 600 --mag 0+591/600 --dpi 591 phvr8r
mktexpk --mfmode / --bdpi 600 --mag 1+57/600 --dpi 657 msbm10
mktexpk --mfmode / --bdpi 600 --mag 0+480/600 --dpi 480 cmsy10
mktexpk --mfmode / --bdpi 600 --mag 0+480/600 --dpi 480 cmmi10
mktexpk --mfmode / --bdpi 600 --mag 1+57/600 --dpi 657 psyr
mktexpk --mfmode / --bdpi 600 --mag 0+480/600 --dpi 480 cmr10
mktexpk --mfmode / --bdpi 600 --mag 0+480/600 --dpi 480 ptmri8r
mktexpk --mfmode / --bdpi 600 --mag 1+57/600 --dpi 657 cmsy10
mktexpk --mfmode / --bdpi 600 --mag 1+57/600 --dpi 657 cmmi10
mktexpk --mfmode / --bdpi 600 --mag 1+0/600 --dpi 600 pcrr8rn
mktexpk --mfmode / --bdpi 600 --mag 0+480/600 --dpi 480 ptmr8r
mktexpk --mfmode / --bdpi 600 --mag 1+57/600 --dpi 657 pcrro8r
mktexpk --mfmode / --bdpi 600 --mag 1+57/600 --dpi 657 msam10
mktexpk --mfmode / --bdpi 600 --mag 1+57/600 --dpi 657 cmr10
mktexpk --mfmode / --bdpi 600 --mag 1+57/600 --dpi 657 ptmri8r
mktexpk --mfmode / --bdpi 600 --mag 1+57/600 --dpi 657 pcrr8rn
mktexpk --mfmode / --bdpi 600 --mag 2+44/600 --dpi 1244 ptmb8r
mktexpk --mfmode / --bdpi 600 --mag 1+57/600 --dpi 657 ptmb8r
mktexpk --mfmode / --bdpi 600 --mag 1+0/600 --dpi 600 cmsy10
mktexpk --mfmode / --bdpi 600 --mag 1+0/600 --dpi 600 ptmr8r
mktexpk --mfmode / --bdpi 600 --mag 1+264/600 --dpi 864 ptmb8r
mktexpk --mfmode / --bdpi 600 --mag 0+480/600 --dpi 480 ptmro8r
mktexpk --mfmode / --bdpi 600 --mag 0+432/600 --dpi 432 phvro8r
mktexpk --mfmode / --bdpi 600 --mag 1+120/600 --dpi 720 ptmb8r
mktexpk --mfmode / --bdpi 600 --mag 1+57/600 --dpi 657 ptmr8r
mktexpk --mfmode / --bdpi 600 --mag 2+293/600 --dpi 1493 ptmb8r
mktexpk --mfmode / --bdpi 600 --mag 2+144/600 --dpi 1344 phvb8r
mktexpk --mfmode / --bdpi 600 --mag 0+591/600 --dpi 591 phvr8r
mktexpk --mfmode / --bdpi 600 --mag 1+57/600 --dpi 657 msbm10
mktexpk --mfmode / --bdpi 600 --mag 0+480/600 --dpi 480 cmsy10
mktexpk --mfmode / --bdpi 600 --mag 0+480/600 --dpi 480 cmmi10
mktexpk --mfmode / --bdpi 600 --mag 1+57/600 --dpi 657 psyr
mktexpk --mfmode / --bdpi 600 --mag 0+480/600 --dpi 480 cmr10
mktexpk --mfmode / --bdpi 600 --mag 1+57/600 --dpi 657 cmmi10
mktexpk --mfmode / --bdpi 600 --mag 1+0/600 --dpi 600 pcrr8rn
mktexpk --mfmode / --bdpi 600 --mag 0+480/600 --dpi 480 ptmr8r
mktexpk --mfmode / --bdpi 600 --mag 1+57/600 --dpi 657 pcrro8r
mktexpk --mfmode / --bdpi 600 --mag 1+57/600 --dpi 657 msam10
mktexpk --mfmode / --bdpi 600 --mag 1+57/600 --dpi 657 cmsy10
mktexpk --mfmode / --bdpi 600 --mag 0+360/600 --dpi 360 ptmri8r
mktexpk --mfmode / --bdpi 600 --mag 1+57/600 --dpi 657 cmr10
mktexpk --mfmode / --bdpi 600 --mag 1+57/600 --dpi 657 pcrr8rn
mktexpk --mfmode / --bdpi 600 --mag 1+57/600 --dpi 657 ptmb8r
mktexpk --mfmode / --bdpi 600 --mag 0+480/600 --dpi 480 ptmri8r
mktexpk --mfmode / --bdpi 600 --mag 1+57/600 --dpi 657 ptmri8r
mktexpk --mfmode / --bdpi 600 --mag 2+44/600 --dpi 1244 ptmb8r
mktexpk --mfmode / --bdpi 600 --mag 1+0/600 --dpi 600 cmsy10
mktexpk --mfmode / --bdpi 600 --mag 1+0/600 --dpi 600 ptmr8r
mktexpk --mfmode / --bdpi 600 --mag 1+264/600 --dpi 864 ptmb8r
mktexpk --mfmode / --bdpi 600 --mag 0+480/600 --dpi 480 ptmro8r
mktexpk --mfmode / --bdpi 600 --mag 0+432/600 --dpi 432 phvro8r
mktexpk --mfmode / --bdpi 600 --mag 1+120/600 --dpi 720 ptmb8r
mktexpk --mfmode / --bdpi 600 --mag 1+57/600 --dpi 657 ptmr8r
mktexpk --mfmode / --bdpi 600 --mag 2+293/600 --dpi 1493 ptmb8r
mktexpk --mfmode / --bdpi 600 --mag 2+144/600 --dpi 1344 phvb8r
mktexpk --mfmode / --bdpi 600 --mag 0+591/600 --dpi 591 phvr8r
mktexpk --mfmode / --bdpi 600 --mag 1+57/600 --dpi 657 msbm10
mktexpk --mfmode / --bdpi 600 --mag 0+480/600 --dpi 480 cmsy10
mktexpk --mfmode / --bdpi 600 --mag 0+480/600 --dpi 480 cmmi10
mktexpk --mfmode / --bdpi 600 --mag 1+57/600 --dpi 657 psyr
mktexpk --mfmode / --bdpi 600 --mag 0+480/600 --dpi 480 cmr10
mktexpk --mfmode / --bdpi 600 --mag 1+57/600 --dpi 657 cmmi10
mktexpk --mfmode / --bdpi 600 --mag 1+0/600 --dpi 600 pcrr8rn
mktexpk --mfmode / --bdpi 600 --mag 0+480/600 --dpi 480 ptmr8r
mktexpk --mfmode / --bdpi 600 --mag 1+57/600 --dpi 657 pcrro8r
mktexpk --mfmode / --bdpi 600 --mag 1+57/600 --dpi 657 msam10
mktexpk --mfmode / --bdpi 600 --mag 1+57/600 --dpi 657 cmsy10
mktexpk --mfmode / --bdpi 600 --mag 0+360/600 --dpi 360 ptmri8r
mktexpk --mfmode / --bdpi 600 --mag 1+57/600 --dpi 657 cmr10
mktexpk --mfmode / --bdpi 600 --mag 1+57/600 --dpi 657 pcrr8rn
mktexpk --mfmode / --bdpi 600 --mag 0+480/600 --dpi 480 ptmri8r
mktexpk --mfmode / --bdpi 600 --mag 1+57/600 --dpi 657 ptmri8r
mktexpk --mfmode / --bdpi 600 --mag 2+44/600 --dpi 1244 ptmb8r
mktexpk --mfmode / --bdpi 600 --mag 1+57/600 --dpi 657 ptmb8r
mktexpk --mfmode / --bdpi 600 --mag 1+0/600 --dpi 600 cmsy10
mktexpk --mfmode / --bdpi 600 --mag 1+0/600 --dpi 600 ptmr8r
mktexpk --mfmode / --bdpi 600 --mag 1+264/600 --dpi 864 ptmb8r
mktexpk --mfmode / --bdpi 600 --mag 0+480/600 --dpi 480 ptmro8r
mktexpk --mfmode / --bdpi 600 --mag 0+432/600 --dpi 432 phvro8r
mktexpk --mfmode / --bdpi 600 --mag 1+120/600 --dpi 720 ptmb8r
mktexpk --mfmode / --bdpi 600 --mag 1+57/600 --dpi 657 ptmr8r
mktexpk --mfmode / --bdpi 600 --mag 2+293/600 --dpi 1493 ptmb8r
mktexpk --mfmode / --bdpi 600 --mag 2+144/600 --dpi 1344 phvb8r
mktexpk --mfmode / --bdpi 600 --mag 0+591/600 --dpi 591 phvr8r
mktexpk --mfmode / --bdpi 600 --mag 1+57/600 --dpi 657 msbm10
mktexpk --mfmode / --bdpi 600 --mag 0+480/600 --dpi 480 cmsy10
mktexpk --mfmode / --bdpi 600 --mag 0+480/600 --dpi 480 cmmi10
mktexpk --mfmode / --bdpi 600 --mag 1+57/600 --dpi 657 psyr
mktexpk --mfmode / --bdpi 600 --mag 0+480/600 --dpi 480 cmr10
mktexpk --mfmode / --bdpi 600 --mag 1+57/600 --dpi 657 cmmi10
mktexpk --mfmode / --bdpi 600 --mag 1+0/600 --dpi 600 pcrr8rn
mktexpk --mfmode / --bdpi 600 --mag 0+480/600 --dpi 480 ptmr8r
mktexpk --mfmode / --bdpi 600 --mag 1+57/600 --dpi 657 pcrro8r
mktexpk --mfmode / --bdpi 600 --mag 1+57/600 --dpi 657 msam10
mktexpk --mfmode / --bdpi 600 --mag 1+57/600 --dpi 657 cmsy10
mktexpk --mfmode / --bdpi 600 --mag 0+360/600 --dpi 360 ptmri8r
mktexpk --mfmode / --bdpi 600 --mag 1+57/600 --dpi 657 cmr10
mktexpk --mfmode / --bdpi 600 --mag 1+57/600 --dpi 657 pcrr8rn
mktexpk --mfmode / --bdpi 600 --mag 0+480/600 --dpi 480 ptmri8r
mktexpk --mfmode / --bdpi 600 --mag 1+57/600 --dpi 657 ptmri8r
mktexpk --mfmode / --bdpi 600 --mag 2+44/600 --dpi 1244 ptmb8r
mktexpk --mfmode / --bdpi 600 --mag 1+57/600 --dpi 657 ptmb8r
mktexpk --mfmode / --bdpi 600 --mag 1+0/600 --dpi 600 cmsy10
mktexpk --mfmode / --bdpi 600 --mag 1+0/600 --dpi 600 ptmr8r
mktexpk --mfmode / --bdpi 600 --mag 1+264/600 --dpi 864 ptmb8r
mktexpk --mfmode / --bdpi 600 --mag 0+480/600 --dpi 480 ptmro8r
mktexpk --mfmode / --bdpi 600 --mag 0+432/600 --dpi 432 phvro8r
mktexpk --mfmode / --bdpi 600 --mag 1+120/600 --dpi 720 ptmb8r
mktexpk --mfmode / --bdpi 600 --mag 1+57/600 --dpi 657 ptmr8r
mktexpk --mfmode / --bdpi 600 --mag 2+293/600 --dpi 1493 ptmb8r
mktexpk --mfmode / --bdpi 600 --mag 2+144/600 --dpi 1344 phvb8r
mktexpk --mfmode / --bdpi 600 --mag 0+591/600 --dpi 591 phvr8r
mktexpk --mfmode / --bdpi 600 --mag 1+57/600 --dpi 657 msbm10
mktexpk --mfmode / --bdpi 600 --mag 0+480/600 --dpi 480 cmsy10
mktexpk --mfmode / --bdpi 600 --mag 0+480/600 --dpi 480 cmmi10
mktexpk --mfmode / --bdpi 600 --mag 1+57/600 --dpi 657 psyr
mktexpk --mfmode / --bdpi 600 --mag 0+480/600 --dpi 480 cmr10
mktexpk --mfmode / --bdpi 600 --mag 1+57/600 --dpi 657 cmmi10
mktexpk --mfmode / --bdpi 600 --mag 1+0/600 --dpi 600 pcrr8rn
mktexpk --mfmode / --bdpi 600 --mag 0+480/600 --dpi 480 ptmr8r
mktexpk --mfmode / --bdpi 600 --mag 1+57/600 --dpi 657 pcrro8r
mktexpk --mfmode / --bdpi 600 --mag 1+57/600 --dpi 657 msam10
mktexpk --mfmode / --bdpi 600 --mag 1+57/600 --dpi 657 cmsy10
mktexpk --mfmode / --bdpi 600 --mag 0+360/600 --dpi 360 ptmri8r
mktexpk --mfmode / --bdpi 600 --mag 1+57/600 --dpi 657 cmr10
mktexpk --mfmode / --bdpi 600 --mag 1+57/600 --dpi 657 pcrr8rn
mktexpk --mfmode / --bdpi 600 --mag 1+57/600 --dpi 657 ptmb8r
mktexpk --mfmode / --bdpi 600 --mag 0+480/600 --dpi 480 ptmri8r
mktexpk --mfmode / --bdpi 600 --mag 1+57/600 --dpi 657 ptmri8r
mktexpk --mfmode / --bdpi 600 --mag 2+44/600 --dpi 1244 ptmb8r
mktexpk --mfmode / --bdpi 600 --mag 1+0/600 --dpi 600 cmsy10
mktexpk --mfmode / --bdpi 600 --mag 1+0/600 --dpi 600 ptmr8r
mktexpk --mfmode / --bdpi 600 --mag 1+264/600 --dpi 864 ptmb8r
mktexpk --mfmode / --bdpi 600 --mag 0+480/600 --dpi 480 ptmro8r
mktexpk --mfmode / --bdpi 600 --mag 0+432/600 --dpi 432 phvro8r
mktexpk --mfmode / --bdpi 600 --mag 1+120/600 --dpi 720 ptmb8r
mktexpk --mfmode / --bdpi 600 --mag 1+57/600 --dpi 657 ptmr8r
mktexpk --mfmode / --bdpi 600 --mag 2+293/600 --dpi 1493 ptmb8r
mktexpk --mfmode / --bdpi 600 --mag 2+144/600 --dpi 1344 phvb8r
mktexpk --mfmode / --bdpi 600 --mag 0+591/600 --dpi 591 phvr8r
mktexpk --mfmode / --bdpi 600 --mag 1+57/600 --dpi 657 msbm10
mktexpk --mfmode / --bdpi 600 --mag 0+480/600 --dpi 480 cmsy10
mktexpk --mfmode / --bdpi 600 --mag 0+480/600 --dpi 480 cmmi10
mktexpk --mfmode / --bdpi 600 --mag 1+57/600 --dpi 657 psyr
mktexpk --mfmode / --bdpi 600 --mag 0+480/600 --dpi 480 cmr10
mktexpk --mfmode / --bdpi 600 --mag 1+57/600 --dpi 657 cmmi10
mktexpk --mfmode / --bdpi 600 --mag 1+0/600 --dpi 600 pcrr8rn
mktexpk --mfmode / --bdpi 600 --mag 0+480/600 --dpi 480 ptmr8r
mktexpk --mfmode / --bdpi 600 --mag 1+57/600 --dpi 657 pcrro8r
mktexpk --mfmode / --bdpi 600 --mag 1+57/600 --dpi 657 msam10
mktexpk --mfmode / --bdpi 600 --mag 1+57/600 --dpi 657 cmsy10
mktexpk --mfmode / --bdpi 600 --mag 0+360/600 --dpi 360 ptmri8r
mktexpk --mfmode / --bdpi 600 --mag 1+57/600 --dpi 657 cmr10
mktexpk --mfmode / --bdpi 600 --mag 1+57/600 --dpi 657 pcrr8rn
mktexpk --mfmode / --bdpi 600 --mag 0+480/600 --dpi 480 ptmri8r
mktexpk --mfmode / --bdpi 600 --mag 1+57/600 --dpi 657 ptmri8r
mktexpk --mfmode / --bdpi 600 --mag 2+44/600 --dpi 1244 ptmb8r
mktexpk --mfmode / --bdpi 600 --mag 1+57/600 --dpi 657 ptmb8r
mktexpk --mfmode / --bdpi 600 --mag 1+0/600 --dpi 600 cmsy10
mktexpk --mfmode / --bdpi 600 --mag 1+0/600 --dpi 600 ptmr8r
mktexpk --mfmode / --bdpi 600 --mag 1+264/600 --dpi 864 ptmb8r
mktexpk --mfmode / --bdpi 600 --mag 0+480/600 --dpi 480 ptmro8r
mktexpk --mfmode / --bdpi 600 --mag 0+432/600 --dpi 432 phvro8r
mktexpk --mfmode / --bdpi 600 --mag 1+120/600 --dpi 720 ptmb8r
mktexpk --mfmode / --bdpi 600 --mag 1+57/600 --dpi 657 ptmr8r
mktexpk --mfmode / --bdpi 600 --mag 2+293/600 --dpi 1493 ptmb8r
mktexpk --mfmode / --bdpi 600 --mag 2+144/600 --dpi 1344 phvb8r
mktexpk --mfmode / --bdpi 600 --mag 0+591/600 --dpi 591 phvr8r
mktexpk --mfmode / --bdpi 600 --mag 1+57/600 --dpi 657 msbm10
mktexpk --mfmode / --bdpi 600 --mag 0+480/600 --dpi 480 cmsy10
mktexpk --mfmode / --bdpi 600 --mag 0+480/600 --dpi 480 cmmi10
mktexpk --mfmode / --bdpi 600 --mag 1+57/600 --dpi 657 psyr
mktexpk --mfmode / --bdpi 600 --mag 0+480/600 --dpi 480 cmr10
mktexpk --mfmode / --bdpi 600 --mag 1+57/600 --dpi 657 cmmi10
mktexpk --mfmode / --bdpi 600 --mag 1+0/600 --dpi 600 pcrr8rn
mktexpk --mfmode / --bdpi 600 --mag 0+480/600 --dpi 480 ptmr8r
mktexpk --mfmode / --bdpi 600 --mag 1+57/600 --dpi 657 pcrro8r
mktexpk --mfmode / --bdpi 600 --mag 1+57/600 --dpi 657 msam10
mktexpk --mfmode / --bdpi 600 --mag 1+57/600 --dpi 657 cmsy10
mktexpk --mfmode / --bdpi 600 --mag 0+360/600 --dpi 360 ptmri8r
mktexpk --mfmode / --bdpi 600 --mag 1+57/600 --dpi 657 cmr10
mktexpk --mfmode / --bdpi 600 --mag 1+57/600 --dpi 657 pcrr8rn
mktexpk --mfmode / --bdpi 600 --mag 0+480/600 --dpi 480 ptmri8r
mktexpk --mfmode / --bdpi 600 --mag 1+57/600 --dpi 657 ptmri8r
mktexpk --mfmode / --bdpi 600 --mag 2+44/600 --dpi 1244 ptmb8r
mktexpk --mfmode / --bdpi 600 --mag 1+57/600 --dpi 657 ptmb8r
mktexpk --mfmode / --bdpi 600 --mag 1+0/600 --dpi 600 cmsy10
mktexpk --mfmode / --bdpi 600 --mag 1+0/600 --dpi 600 ptmr8r
mktexpk --mfmode / --bdpi 600 --mag 1+264/600 --dpi 864 ptmb8r
mktexpk --mfmode / --bdpi 600 --mag 0+480/600 --dpi 480 ptmro8r
mktexpk --mfmode / --bdpi 600 --mag 0+432/600 --dpi 432 phvro8r
mktexpk --mfmode / --bdpi 600 --mag 1+120/600 --dpi 720 ptmb8r
mktexpk --mfmode / --bdpi 600 --mag 1+57/600 --dpi 657 ptmr8r
mktexpk --mfmode / --bdpi 600 --mag 2+293/600 --dpi 1493 ptmb8r
mktexpk --mfmode / --bdpi 600 --mag 2+144/600 --dpi 1344 phvb8r
mktexpk --mfmode / --bdpi 600 --mag 0+591/600 --dpi 591 phvr8r
mktexpk --mfmode / --bdpi 600 --mag 1+57/600 --dpi 657 msbm10
mktexpk --mfmode / --bdpi 600 --mag 0+480/600 --dpi 480 cmsy10
mktexpk --mfmode / --bdpi 600 --mag 0+480/600 --dpi 480 cmmi10
mktexpk --mfmode / --bdpi 600 --mag 1+57/600 --dpi 657 psyr
mktexpk --mfmode / --bdpi 600 --mag 1+57/600 --dpi 657 cmmi10
mktexpk --mfmode / --bdpi 600 --mag 1+0/600 --dpi 600 pcrr8rn
mktexpk --mfmode / --bdpi 600 --mag 1+57/600 --dpi 657 pcrro8r
mktexpk --mfmode / --bdpi 600 --mag 1+57/600 --dpi 657 msam10
mktexpk --mfmode / --bdpi 600 --mag 1+57/600 --dpi 657 cmsy10
mktexpk --mfmode / --bdpi 600 --mag 0+480/600 --dpi 480 ptmr8r
mktexpk --mfmode / --bdpi 600 --mag 0+480/600 --dpi 480 cmr10
mktexpk --mfmode / --bdpi 600 --mag 1+57/600 --dpi 657 cmr10
mktexpk --mfmode / --bdpi 600 --mag 1+57/600 --dpi 657 pcrr8rn
mktexpk --mfmode / --bdpi 600 --mag 1+57/600 --dpi 657 ptmb8r
mktexpk --mfmode / --bdpi 600 --mag 0+480/600 --dpi 480 ptmri8r
mktexpk --mfmode / --bdpi 600 --mag 1+57/600 --dpi 657 ptmri8r
mktexpk --mfmode / --bdpi 600 --mag 2+44/600 --dpi 1244 ptmb8r
mktexpk --mfmode / --bdpi 600 --mag 1+0/600 --dpi 600 cmsy10
mktexpk --mfmode / --bdpi 600 --mag 1+0/600 --dpi 600 ptmr8r
mktexpk --mfmode / --bdpi 600 --mag 1+264/600 --dpi 864 ptmb8r
mktexpk --mfmode / --bdpi 600 --mag 0+480/600 --dpi 480 ptmro8r
mktexpk --mfmode / --bdpi 600 --mag 0+432/600 --dpi 432 phvro8r
mktexpk --mfmode / --bdpi 600 --mag 1+120/600 --dpi 720 ptmb8r
mktexpk --mfmode / --bdpi 600 --mag 1+57/600 --dpi 657 ptmr8r
mktexpk --mfmode / --bdpi 600 --mag 2+293/600 --dpi 1493 ptmb8r
mktexpk --mfmode / --bdpi 600 --mag 2+144/600 --dpi 1344 phvb8r
mktexpk --mfmode / --bdpi 600 --mag 0+591/600 --dpi 591 phvr8r
mktexpk --mfmode / --bdpi 600 --mag 1+57/600 --dpi 657 msbm10
mktexpk --mfmode / --bdpi 600 --mag 0+480/600 --dpi 480 cmsy10
mktexpk --mfmode / --bdpi 600 --mag 0+480/600 --dpi 480 cmmi10
mktexpk --mfmode / --bdpi 600 --mag 1+57/600 --dpi 657 psyr
mktexpk --mfmode / --bdpi 600 --mag 1+57/600 --dpi 657 cmmi10
mktexpk --mfmode / --bdpi 600 --mag 1+0/600 --dpi 600 pcrr8rn
mktexpk --mfmode / --bdpi 600 --mag 1+57/600 --dpi 657 pcrro8r
mktexpk --mfmode / --bdpi 600 --mag 1+57/600 --dpi 657 msam10
mktexpk --mfmode / --bdpi 600 --mag 1+57/600 --dpi 657 cmsy10
mktexpk --mfmode / --bdpi 600 --mag 0+480/600 --dpi 480 ptmr8r
mktexpk --mfmode / --bdpi 600 --mag 0+480/600 --dpi 480 cmr10
mktexpk --mfmode / --bdpi 600 --mag 1+57/600 --dpi 657 cmr10
mktexpk --mfmode / --bdpi 600 --mag 1+57/600 --dpi 657 pcrr8rn
mktexpk --mfmode / --bdpi 600 --mag 0+480/600 --dpi 480 ptmri8r
mktexpk --mfmode / --bdpi 600 --mag 1+57/600 --dpi 657 ptmri8r
mktexpk --mfmode / --bdpi 600 --mag 2+44/600 --dpi 1244 ptmb8r
mktexpk --mfmode / --bdpi 600 --mag 1+57/600 --dpi 657 ptmb8r
mktexpk --mfmode / --bdpi 600 --mag 1+0/600 --dpi 600 cmsy10
mktexpk --mfmode / --bdpi 600 --mag 1+0/600 --dpi 600 ptmr8r
mktexpk --mfmode / --bdpi 600 --mag 1+264/600 --dpi 864 ptmb8r
mktexpk --mfmode / --bdpi 600 --mag 0+480/600 --dpi 480 ptmro8r
mktexpk --mfmode / --bdpi 600 --mag 0+432/600 --dpi 432 phvro8r
mktexpk --mfmode / --bdpi 600 --mag 1+120/600 --dpi 720 ptmb8r
mktexpk --mfmode / --bdpi 600 --mag 1+57/600 --dpi 657 ptmr8r
mktexpk --mfmode / --bdpi 600 --mag 2+293/600 --dpi 1493 ptmb8r
mktexpk --mfmode / --bdpi 600 --mag 2+144/600 --dpi 1344 phvb8r
mktexpk --mfmode / --bdpi 600 --mag 0+591/600 --dpi 591 phvr8r
mktexpk --mfmode / --bdpi 600 --mag 1+57/600 --dpi 657 msbm10
mktexpk --mfmode / --bdpi 600 --mag 0+480/600 --dpi 480 cmsy10
mktexpk --mfmode / --bdpi 600 --mag 0+480/600 --dpi 480 cmmi10
mktexpk --mfmode / --bdpi 600 --mag 1+57/600 --dpi 657 psyr
mktexpk --mfmode / --bdpi 600 --mag 1+57/600 --dpi 657 cmmi10
mktexpk --mfmode / --bdpi 600 --mag 1+0/600 --dpi 600 pcrr8rn
mktexpk --mfmode / --bdpi 600 --mag 1+57/600 --dpi 657 pcrro8r
mktexpk --mfmode / --bdpi 600 --mag 1+57/600 --dpi 657 msam10
mktexpk --mfmode / --bdpi 600 --mag 1+57/600 --dpi 657 cmsy10
mktexpk --mfmode / --bdpi 600 --mag 0+480/600 --dpi 480 ptmr8r
mktexpk --mfmode / --bdpi 600 --mag 0+480/600 --dpi 480 cmr10
mktexpk --mfmode / --bdpi 600 --mag 1+57/600 --dpi 657 cmr10
mktexpk --mfmode / --bdpi 600 --mag 1+57/600 --dpi 657 pcrr8rn
mktexpk --mfmode / --bdpi 600 --mag 0+480/600 --dpi 480 ptmri8r
mktexpk --mfmode / --bdpi 600 --mag 1+57/600 --dpi 657 ptmri8r
mktexpk --mfmode / --bdpi 600 --mag 2+44/600 --dpi 1244 ptmb8r
mktexpk --mfmode / --bdpi 600 --mag 1+57/600 --dpi 657 ptmb8r
mktexpk --mfmode / --bdpi 600 --mag 1+0/600 --dpi 600 cmsy10
mktexpk --mfmode / --bdpi 600 --mag 1+0/600 --dpi 600 ptmr8r
mktexpk --mfmode / --bdpi 600 --mag 1+264/600 --dpi 864 ptmb8r
mktexpk --mfmode / --bdpi 600 --mag 0+480/600 --dpi 480 ptmro8r
mktexpk --mfmode / --bdpi 600 --mag 0+432/600 --dpi 432 phvro8r
mktexpk --mfmode / --bdpi 600 --mag 1+120/600 --dpi 720 ptmb8r
mktexpk --mfmode / --bdpi 600 --mag 1+57/600 --dpi 657 ptmr8r
mktexpk --mfmode / --bdpi 600 --mag 2+293/600 --dpi 1493 ptmb8r
mktexpk --mfmode / --bdpi 600 --mag 2+144/600 --dpi 1344 phvb8r
mktexpk --mfmode / --bdpi 600 --mag 0+591/600 --dpi 591 phvr8r
mktexpk --mfmode / --bdpi 600 --mag 1+57/600 --dpi 657 msbm10
mktexpk --mfmode / --bdpi 600 --mag 0+480/600 --dpi 480 cmsy10
mktexpk --mfmode / --bdpi 600 --mag 0+480/600 --dpi 480 cmmi10
mktexpk --mfmode / --bdpi 600 --mag 1+57/600 --dpi 657 psyr
mktexpk --mfmode / --bdpi 600 --mag 0+480/600 --dpi 480 cmr10
mktexpk --mfmode / --bdpi 600 --mag 1+57/600 --dpi 657 cmmi10
mktexpk --mfmode / --bdpi 600 --mag 1+0/600 --dpi 600 pcrr8rn
mktexpk --mfmode / --bdpi 600 --mag 1+57/600 --dpi 657 pcrro8r
mktexpk --mfmode / --bdpi 600 --mag 1+57/600 --dpi 657 msam10
mktexpk --mfmode / --bdpi 600 --mag 1+57/600 --dpi 657 cmsy10
mktexpk --mfmode / --bdpi 600 --mag 0+480/600 --dpi 480 ptmr8r
mktexpk --mfmode / --bdpi 600 --mag 0+360/600 --dpi 360 ptmri8r
mktexpk --mfmode / --bdpi 600 --mag 1+57/600 --dpi 657 cmr10
mktexpk --mfmode / --bdpi 600 --mag 1+57/600 --dpi 657 pcrr8rn
mktexpk --mfmode / --bdpi 600 --mag 1+57/600 --dpi 657 ptmb8r
mktexpk --mfmode / --bdpi 600 --mag 0+480/600 --dpi 480 ptmri8r
mktexpk --mfmode / --bdpi 600 --mag 1+57/600 --dpi 657 ptmri8r
mktexpk --mfmode / --bdpi 600 --mag 2+44/600 --dpi 1244 ptmb8r
mktexpk --mfmode / --bdpi 600 --mag 1+0/600 --dpi 600 cmsy10
mktexpk --mfmode / --bdpi 600 --mag 1+0/600 --dpi 600 ptmr8r
mktexpk --mfmode / --bdpi 600 --mag 1+264/600 --dpi 864 ptmb8r
mktexpk --mfmode / --bdpi 600 --mag 0+480/600 --dpi 480 ptmro8r
mktexpk --mfmode / --bdpi 600 --mag 0+432/600 --dpi 432 phvro8r
mktexpk --mfmode / --bdpi 600 --mag 1+120/600 --dpi 720 ptmb8r
mktexpk --mfmode / --bdpi 600 --mag 1+57/600 --dpi 657 ptmr8r
mktexpk --mfmode / --bdpi 600 --mag 2+293/600 --dpi 1493 ptmb8r
mktexpk --mfmode / --bdpi 600 --mag 2+144/600 --dpi 1344 phvb8r
mktexpk --mfmode / --bdpi 600 --mag 0+591/600 --dpi 591 phvr8r
mktexpk --mfmode / --bdpi 600 --mag 1+57/600 --dpi 657 msbm10
mktexpk --mfmode / --bdpi 600 --mag 0+480/600 --dpi 480 cmsy10
mktexpk --mfmode / --bdpi 600 --mag 0+480/600 --dpi 480 cmmi10
mktexpk --mfmode / --bdpi 600 --mag 1+57/600 --dpi 657 psyr
mktexpk --mfmode / --bdpi 600 --mag 0+480/600 --dpi 480 cmr10
mktexpk --mfmode / --bdpi 600 --mag 1+57/600 --dpi 657 cmmi10
mktexpk --mfmode / --bdpi 600 --mag 1+0/600 --dpi 600 pcrr8rn
mktexpk --mfmode / --bdpi 600 --mag 1+57/600 --dpi 657 pcrro8r
mktexpk --mfmode / --bdpi 600 --mag 1+57/600 --dpi 657 msam10
mktexpk --mfmode / --bdpi 600 --mag 1+57/600 --dpi 657 cmsy10
mktexpk --mfmode / --bdpi 600 --mag 0+480/600 --dpi 480 ptmr8r
mktexpk --mfmode / --bdpi 600 --mag 0+360/600 --dpi 360 ptmri8r
mktexpk --mfmode / --bdpi 600 --mag 1+57/600 --dpi 657 cmr10
mktexpk --mfmode / --bdpi 600 --mag 1+57/600 --dpi 657 pcrr8rn
mktexpk --mfmode / --bdpi 600 --mag 0+480/600 --dpi 480 ptmri8r
mktexpk --mfmode / --bdpi 600 --mag 1+57/600 --dpi 657 ptmri8r
mktexpk --mfmode / --bdpi 600 --mag 2+44/600 --dpi 1244 ptmb8r
mktexpk --mfmode / --bdpi 600 --mag 1+57/600 --dpi 657 ptmb8r
mktexpk --mfmode / --bdpi 600 --mag 1+0/600 --dpi 600 cmsy10
mktexpk --mfmode / --bdpi 600 --mag 1+0/600 --dpi 600 ptmr8r
mktexpk --mfmode / --bdpi 600 --mag 1+264/600 --dpi 864 ptmb8r
mktexpk --mfmode / --bdpi 600 --mag 0+480/600 --dpi 480 ptmro8r
mktexpk --mfmode / --bdpi 600 --mag 0+432/600 --dpi 432 phvro8r
mktexpk --mfmode / --bdpi 600 --mag 1+120/600 --dpi 720 ptmb8r
mktexpk --mfmode / --bdpi 600 --mag 1+57/600 --dpi 657 ptmr8r
mktexpk --mfmode / --bdpi 600 --mag 2+293/600 --dpi 1493 ptmb8r
mktexpk --mfmode / --bdpi 600 --mag 2+144/600 --dpi 1344 phvb8r
mktexpk --mfmode / --bdpi 600 --mag 0+591/600 --dpi 591 phvr8r
mktexpk --mfmode / --bdpi 600 --mag 1+57/600 --dpi 657 msbm10
mktexpk --mfmode / --bdpi 600 --mag 0+480/600 --dpi 480 cmsy10
mktexpk --mfmode / --bdpi 600 --mag 0+480/600 --dpi 480 cmmi10
mktexpk --mfmode / --bdpi 600 --mag 1+57/600 --dpi 657 psyr
mktexpk --mfmode / --bdpi 600 --mag 0+480/600 --dpi 480 cmr10
mktexpk --mfmode / --bdpi 600 --mag 1+57/600 --dpi 657 cmmi10
mktexpk --mfmode / --bdpi 600 --mag 1+0/600 --dpi 600 pcrr8rn
mktexpk --mfmode / --bdpi 600 --mag 1+57/600 --dpi 657 pcrro8r
mktexpk --mfmode / --bdpi 600 --mag 1+57/600 --dpi 657 msam10
mktexpk --mfmode / --bdpi 600 --mag 1+57/600 --dpi 657 cmsy10
mktexpk --mfmode / --bdpi 600 --mag 0+480/600 --dpi 480 ptmr8r
mktexpk --mfmode / --bdpi 600 --mag 0+360/600 --dpi 360 ptmri8r
mktexpk --mfmode / --bdpi 600 --mag 1+57/600 --dpi 657 cmr10
mktexpk --mfmode / --bdpi 600 --mag 1+57/600 --dpi 657 pcrr8rn
mktexpk --mfmode / --bdpi 600 --mag 0+480/600 --dpi 480 ptmri8r
mktexpk --mfmode / --bdpi 600 --mag 1+57/600 --dpi 657 ptmri8r
mktexpk --mfmode / --bdpi 600 --mag 2+44/600 --dpi 1244 ptmb8r
mktexpk --mfmode / --bdpi 600 --mag 1+57/600 --dpi 657 ptmb8r
mktexpk --mfmode / --bdpi 600 --mag 1+0/600 --dpi 600 cmsy10
mktexpk --mfmode / --bdpi 600 --mag 1+0/600 --dpi 600 ptmr8r
mktexpk --mfmode / --bdpi 600 --mag 1+264/600 --dpi 864 ptmb8r
mktexpk --mfmode / --bdpi 600 --mag 0+480/600 --dpi 480 ptmro8r
mktexpk --mfmode / --bdpi 600 --mag 0+432/600 --dpi 432 phvro8r
mktexpk --mfmode / --bdpi 600 --mag 1+120/600 --dpi 720 ptmb8r
mktexpk --mfmode / --bdpi 600 --mag 1+57/600 --dpi 657 ptmr8r
mktexpk --mfmode / --bdpi 600 --mag 2+293/600 --dpi 1493 ptmb8r
mktexpk --mfmode / --bdpi 600 --mag 2+144/600 --dpi 1344 phvb8r
mktexpk --mfmode / --bdpi 600 --mag 0+591/600 --dpi 591 phvr8r
mktexpk --mfmode / --bdpi 600 --mag 1+57/600 --dpi 657 msbm10
mktexpk --mfmode / --bdpi 600 --mag 0+480/600 --dpi 480 cmsy10
mktexpk --mfmode / --bdpi 600 --mag 0+480/600 --dpi 480 cmmi10
mktexpk --mfmode / --bdpi 600 --mag 1+57/600 --dpi 657 psyr
mktexpk --mfmode / --bdpi 600 --mag 0+480/600 --dpi 480 cmr10
mktexpk --mfmode / --bdpi 600 --mag 1+57/600 --dpi 657 cmmi10
mktexpk --mfmode / --bdpi 600 --mag 1+0/600 --dpi 600 pcrr8rn
mktexpk --mfmode / --bdpi 600 --mag 0+480/600 --dpi 480 ptmr8r
mktexpk --mfmode / --bdpi 600 --mag 1+57/600 --dpi 657 pcrro8r
mktexpk --mfmode / --bdpi 600 --mag 1+57/600 --dpi 657 msam10
mktexpk --mfmode / --bdpi 600 --mag 1+57/600 --dpi 657 cmsy10
mktexpk --mfmode / --bdpi 600 --mag 0+360/600 --dpi 360 ptmri8r
mktexpk --mfmode / --bdpi 600 --mag 1+57/600 --dpi 657 cmr10
mktexpk --mfmode / --bdpi 600 --mag 1+57/600 --dpi 657 pcrr8rn
mktexpk --mfmode / --bdpi 600 --mag 1+57/600 --dpi 657 ptmb8r
mktexpk --mfmode / --bdpi 600 --mag 0+480/600 --dpi 480 ptmri8r
mktexpk --mfmode / --bdpi 600 --mag 1+57/600 --dpi 657 ptmri8r
mktexpk --mfmode / --bdpi 600 --mag 2+44/600 --dpi 1244 ptmb8r
mktexpk --mfmode / --bdpi 600 --mag 1+0/600 --dpi 600 cmsy10
mktexpk --mfmode / --bdpi 600 --mag 1+0/600 --dpi 600 ptmr8r
mktexpk --mfmode / --bdpi 600 --mag 1+264/600 --dpi 864 ptmb8r
mktexpk --mfmode / --bdpi 600 --mag 0+480/600 --dpi 480 ptmro8r
mktexpk --mfmode / --bdpi 600 --mag 0+432/600 --dpi 432 phvro8r
mktexpk --mfmode / --bdpi 600 --mag 1+120/600 --dpi 720 ptmb8r
mktexpk --mfmode / --bdpi 600 --mag 1+57/600 --dpi 657 ptmr8r
mktexpk --mfmode / --bdpi 600 --mag 2+293/600 --dpi 1493 ptmb8r
mktexpk --mfmode / --bdpi 600 --mag 2+144/600 --dpi 1344 phvb8r
mktexpk --mfmode / --bdpi 600 --mag 0+591/600 --dpi 591 phvr8r
mktexpk --mfmode / --bdpi 600 --mag 1+57/600 --dpi 657 msbm10
mktexpk --mfmode / --bdpi 600 --mag 0+480/600 --dpi 480 cmsy10
mktexpk --mfmode / --bdpi 600 --mag 0+480/600 --dpi 480 cmmi10
mktexpk --mfmode / --bdpi 600 --mag 1+57/600 --dpi 657 psyr
mktexpk --mfmode / --bdpi 600 --mag 0+480/600 --dpi 480 cmr10
mktexpk --mfmode / --bdpi 600 --mag 1+57/600 --dpi 657 cmmi10
mktexpk --mfmode / --bdpi 600 --mag 1+0/600 --dpi 600 pcrr8rn
mktexpk --mfmode / --bdpi 600 --mag 0+480/600 --dpi 480 ptmr8r
mktexpk --mfmode / --bdpi 600 --mag 1+57/600 --dpi 657 pcrro8r
mktexpk --mfmode / --bdpi 600 --mag 1+57/600 --dpi 657 msam10
mktexpk --mfmode / --bdpi 600 --mag 1+57/600 --dpi 657 cmsy10
mktexpk --mfmode / --bdpi 600 --mag 0+360/600 --dpi 360 ptmri8r
mktexpk --mfmode / --bdpi 600 --mag 1+57/600 --dpi 657 cmr10
mktexpk --mfmode / --bdpi 600 --mag 1+57/600 --dpi 657 pcrr8rn
mktexpk --mfmode / --bdpi 600 --mag 0+480/600 --dpi 480 ptmri8r
mktexpk --mfmode / --bdpi 600 --mag 1+57/600 --dpi 657 ptmri8r
mktexpk --mfmode / --bdpi 600 --mag 2+44/600 --dpi 1244 ptmb8r
mktexpk --mfmode / --bdpi 600 --mag 1+57/600 --dpi 657 ptmb8r
mktexpk --mfmode / --bdpi 600 --mag 1+0/600 --dpi 600 cmsy10
mktexpk --mfmode / --bdpi 600 --mag 1+0/600 --dpi 600 ptmr8r
mktexpk --mfmode / --bdpi 600 --mag 1+264/600 --dpi 864 ptmb8r
mktexpk --mfmode / --bdpi 600 --mag 0+480/600 --dpi 480 ptmro8r
mktexpk --mfmode / --bdpi 600 --mag 0+432/600 --dpi 432 phvro8r
mktexpk --mfmode / --bdpi 600 --mag 1+120/600 --dpi 720 ptmb8r
mktexpk --mfmode / --bdpi 600 --mag 1+57/600 --dpi 657 ptmr8r
mktexpk --mfmode / --bdpi 600 --mag 2+293/600 --dpi 1493 ptmb8r
mktexpk --mfmode / --bdpi 600 --mag 2+144/600 --dpi 1344 phvb8r
mktexpk --mfmode / --bdpi 600 --mag 0+591/600 --dpi 591 phvr8r
mktexpk --mfmode / --bdpi 600 --mag 1+57/600 --dpi 657 msbm10
mktexpk --mfmode / --bdpi 600 --mag 0+480/600 --dpi 480 cmsy10
mktexpk --mfmode / --bdpi 600 --mag 0+480/600 --dpi 480 cmmi10
mktexpk --mfmode / --bdpi 600 --mag 1+57/600 --dpi 657 psyr
mktexpk --mfmode / --bdpi 600 --mag 0+480/600 --dpi 480 cmr10
mktexpk --mfmode / --bdpi 600 --mag 1+57/600 --dpi 657 cmmi10
mktexpk --mfmode / --bdpi 600 --mag 1+0/600 --dpi 600 pcrr8rn
mktexpk --mfmode / --bdpi 600 --mag 0+480/600 --dpi 480 ptmr8r
mktexpk --mfmode / --bdpi 600 --mag 1+57/600 --dpi 657 pcrro8r
mktexpk --mfmode / --bdpi 600 --mag 1+57/600 --dpi 657 msam10
mktexpk --mfmode / --bdpi 600 --mag 1+57/600 --dpi 657 cmsy10
mktexpk --mfmode / --bdpi 600 --mag 0+360/600 --dpi 360 ptmri8r
mktexpk --mfmode / --bdpi 600 --mag 1+57/600 --dpi 657 cmr10
mktexpk --mfmode / --bdpi 600 --mag 1+57/600 --dpi 657 pcrr8rn
mktexpk --mfmode / --bdpi 600 --mag 0+480/600 --dpi 480 ptmri8r
mktexpk --mfmode / --bdpi 600 --mag 1+57/600 --dpi 657 ptmri8r
mktexpk --mfmode / --bdpi 600 --mag 2+44/600 --dpi 1244 ptmb8r
mktexpk --mfmode / --bdpi 600 --mag 1+57/600 --dpi 657 ptmb8r
mktexpk --mfmode / --bdpi 600 --mag 1+0/600 --dpi 600 cmsy10
mktexpk --mfmode / --bdpi 600 --mag 1+0/600 --dpi 600 ptmr8r
mktexpk --mfmode / --bdpi 600 --mag 1+264/600 --dpi 864 ptmb8r
mktexpk --mfmode / --bdpi 600 --mag 0+480/600 --dpi 480 ptmro8r
mktexpk --mfmode / --bdpi 600 --mag 0+432/600 --dpi 432 phvro8r
mktexpk --mfmode / --bdpi 600 --mag 1+120/600 --dpi 720 ptmb8r
mktexpk --mfmode / --bdpi 600 --mag 1+57/600 --dpi 657 ptmr8r
mktexpk --mfmode / --bdpi 600 --mag 2+293/600 --dpi 1493 ptmb8r
mktexpk --mfmode / --bdpi 600 --mag 2+144/600 --dpi 1344 phvb8r
mktexpk --mfmode / --bdpi 600 --mag 0+591/600 --dpi 591 phvr8r
mktexpk --mfmode / --bdpi 600 --mag 1+57/600 --dpi 657 msbm10
mktexpk --mfmode / --bdpi 600 --mag 0+480/600 --dpi 480 cmsy10
mktexpk --mfmode / --bdpi 600 --mag 0+480/600 --dpi 480 cmmi10
mktexpk --mfmode / --bdpi 600 --mag 1+57/600 --dpi 657 psyr
mktexpk --mfmode / --bdpi 600 --mag 0+480/600 --dpi 480 cmr10
mktexpk --mfmode / --bdpi 600 --mag 1+57/600 --dpi 657 cmmi10
mktexpk --mfmode / --bdpi 600 --mag 1+0/600 --dpi 600 pcrr8rn
mktexpk --mfmode / --bdpi 600 --mag 0+480/600 --dpi 480 ptmr8r
mktexpk --mfmode / --bdpi 600 --mag 1+57/600 --dpi 657 pcrro8r
mktexpk --mfmode / --bdpi 600 --mag 1+57/600 --dpi 657 msam10
mktexpk --mfmode / --bdpi 600 --mag 1+57/600 --dpi 657 cmsy10
mktexpk --mfmode / --bdpi 600 --mag 1+57/600 --dpi 657 cmr10
mktexpk --mfmode / --bdpi 600 --mag 1+57/600 --dpi 657 pcrr8rn
mktexpk --mfmode / --bdpi 600 --mag 1+57/600 --dpi 657 ptmb8r
mktexpk --mfmode / --bdpi 600 --mag 0+480/600 --dpi 480 ptmri8r
mktexpk --mfmode / --bdpi 600 --mag 1+57/600 --dpi 657 ptmri8r
mktexpk --mfmode / --bdpi 600 --mag 2+44/600 --dpi 1244 ptmb8r
mktexpk --mfmode / --bdpi 600 --mag 1+0/600 --dpi 600 cmsy10
mktexpk --mfmode / --bdpi 600 --mag 1+0/600 --dpi 600 ptmr8r
mktexpk --mfmode / --bdpi 600 --mag 1+264/600 --dpi 864 ptmb8r
mktexpk --mfmode / --bdpi 600 --mag 0+480/600 --dpi 480 ptmro8r
mktexpk --mfmode / --bdpi 600 --mag 0+432/600 --dpi 432 phvro8r
mktexpk --mfmode / --bdpi 600 --mag 1+120/600 --dpi 720 ptmb8r
mktexpk --mfmode / --bdpi 600 --mag 1+57/600 --dpi 657 ptmr8r
mktexpk --mfmode / --bdpi 600 --mag 2+293/600 --dpi 1493 ptmb8r
mktexpk --mfmode / --bdpi 600 --mag 2+144/600 --dpi 1344 phvb8r
mktexpk --mfmode / --bdpi 600 --mag 0+591/600 --dpi 591 phvr8r
mktexpk --mfmode / --bdpi 600 --mag 1+57/600 --dpi 657 msbm10
mktexpk --mfmode / --bdpi 600 --mag 0+480/600 --dpi 480 cmsy10
mktexpk --mfmode / --bdpi 600 --mag 0+480/600 --dpi 480 cmmi10
mktexpk --mfmode / --bdpi 600 --mag 1+57/600 --dpi 657 psyr
mktexpk --mfmode / --bdpi 600 --mag 0+480/600 --dpi 480 cmr10
mktexpk --mfmode / --bdpi 600 --mag 1+57/600 --dpi 657 cmmi10
mktexpk --mfmode / --bdpi 600 --mag 1+0/600 --dpi 600 pcrr8rn
mktexpk --mfmode / --bdpi 600 --mag 0+480/600 --dpi 480 ptmr8r
mktexpk --mfmode / --bdpi 600 --mag 1+57/600 --dpi 657 pcrro8r
mktexpk --mfmode / --bdpi 600 --mag 1+57/600 --dpi 657 msam10
mktexpk --mfmode / --bdpi 600 --mag 1+57/600 --dpi 657 cmsy10
mktexpk --mfmode / --bdpi 600 --mag 1+57/600 --dpi 657 cmr10
mktexpk --mfmode / --bdpi 600 --mag 1+57/600 --dpi 657 pcrr8rn
mktexpk --mfmode / --bdpi 600 --mag 0+480/600 --dpi 480 ptmri8r
mktexpk --mfmode / --bdpi 600 --mag 1+57/600 --dpi 657 ptmri8r
mktexpk --mfmode / --bdpi 600 --mag 2+44/600 --dpi 1244 ptmb8r
mktexpk --mfmode / --bdpi 600 --mag 1+57/600 --dpi 657 ptmb8r
mktexpk --mfmode / --bdpi 600 --mag 1+0/600 --dpi 600 cmsy10
mktexpk --mfmode / --bdpi 600 --mag 1+0/600 --dpi 600 ptmr8r
mktexpk --mfmode / --bdpi 600 --mag 1+264/600 --dpi 864 ptmb8r
mktexpk --mfmode / --bdpi 600 --mag 0+480/600 --dpi 480 ptmro8r
mktexpk --mfmode / --bdpi 600 --mag 0+432/600 --dpi 432 phvro8r
mktexpk --mfmode / --bdpi 600 --mag 1+120/600 --dpi 720 ptmb8r
mktexpk --mfmode / --bdpi 600 --mag 1+57/600 --dpi 657 ptmr8r
mktexpk --mfmode / --bdpi 600 --mag 2+293/600 --dpi 1493 ptmb8r
mktexpk --mfmode / --bdpi 600 --mag 2+144/600 --dpi 1344 phvb8r
mktexpk --mfmode / --bdpi 600 --mag 0+591/600 --dpi 591 phvr8r
mktexpk --mfmode / --bdpi 600 --mag 1+57/600 --dpi 657 msbm10
mktexpk --mfmode / --bdpi 600 --mag 0+480/600 --dpi 480 cmsy10
mktexpk --mfmode / --bdpi 600 --mag 0+480/600 --dpi 480 cmmi10
mktexpk --mfmode / --bdpi 600 --mag 1+57/600 --dpi 657 psyr
mktexpk --mfmode / --bdpi 600 --mag 0+480/600 --dpi 480 cmr10
mktexpk --mfmode / --bdpi 600 --mag 1+57/600 --dpi 657 cmmi10
mktexpk --mfmode / --bdpi 600 --mag 1+0/600 --dpi 600 pcrr8rn
mktexpk --mfmode / --bdpi 600 --mag 0+480/600 --dpi 480 ptmr8r
mktexpk --mfmode / --bdpi 600 --mag 1+57/600 --dpi 657 pcrro8r
mktexpk --mfmode / --bdpi 600 --mag 1+57/600 --dpi 657 msam10
mktexpk --mfmode / --bdpi 600 --mag 1+57/600 --dpi 657 cmsy10
mktexpk --mfmode / --bdpi 600 --mag 1+57/600 --dpi 657 cmr10
mktexpk --mfmode / --bdpi 600 --mag 1+57/600 --dpi 657 pcrr8rn
mktexpk --mfmode / --bdpi 600 --mag 0+480/600 --dpi 480 ptmri8r
mktexpk --mfmode / --bdpi 600 --mag 1+57/600 --dpi 657 ptmri8r
mktexpk --mfmode / --bdpi 600 --mag 2+44/600 --dpi 1244 ptmb8r
mktexpk --mfmode / --bdpi 600 --mag 1+57/600 --dpi 657 ptmb8r
mktexpk --mfmode / --bdpi 600 --mag 1+0/600 --dpi 600 cmsy10
mktexpk --mfmode / --bdpi 600 --mag 1+0/600 --dpi 600 ptmr8r
mktexpk --mfmode / --bdpi 600 --mag 1+264/600 --dpi 864 ptmb8r
mktexpk --mfmode / --bdpi 600 --mag 0+480/600 --dpi 480 ptmro8r
mktexpk --mfmode / --bdpi 600 --mag 0+432/600 --dpi 432 phvro8r
mktexpk --mfmode / --bdpi 600 --mag 1+120/600 --dpi 720 ptmb8r
mktexpk --mfmode / --bdpi 600 --mag 1+57/600 --dpi 657 ptmr8r
mktexpk --mfmode / --bdpi 600 --mag 2+293/600 --dpi 1493 ptmb8r
mktexpk --mfmode / --bdpi 600 --mag 2+144/600 --dpi 1344 phvb8r
mktexpk --mfmode / --bdpi 600 --mag 0+591/600 --dpi 591 phvr8r
mktexpk --mfmode / --bdpi 600 --mag 1+57/600 --dpi 657 msbm10
mktexpk --mfmode / --bdpi 600 --mag 0+480/600 --dpi 480 cmsy10
mktexpk --mfmode / --bdpi 600 --mag 0+480/600 --dpi 480 cmmi10
mktexpk --mfmode / --bdpi 600 --mag 1+57/600 --dpi 657 psyr
mktexpk --mfmode / --bdpi 600 --mag 0+480/600 --dpi 480 cmr10
mktexpk --mfmode / --bdpi 600 --mag 1+57/600 --dpi 657 cmmi10
mktexpk --mfmode / --bdpi 600 --mag 1+0/600 --dpi 600 pcrr8rn
mktexpk --mfmode / --bdpi 600 --mag 1+57/600 --dpi 657 pcrro8r
mktexpk --mfmode / --bdpi 600 --mag 1+57/600 --dpi 657 msam10
mktexpk --mfmode / --bdpi 600 --mag 0+480/600 --dpi 480 ptmr8r
mktexpk --mfmode / --bdpi 600 --mag 1+57/600 --dpi 657 cmsy10
mktexpk --mfmode / --bdpi 600 --mag 1+57/600 --dpi 657 cmr10
mktexpk --mfmode / --bdpi 600 --mag 1+57/600 --dpi 657 pcrr8rn
mktexpk --mfmode / --bdpi 600 --mag 1+57/600 --dpi 657 ptmb8r
mktexpk --mfmode / --bdpi 600 --mag 0+480/600 --dpi 480 ptmri8r
mktexpk --mfmode / --bdpi 600 --mag 1+57/600 --dpi 657 ptmri8r
mktexpk --mfmode / --bdpi 600 --mag 2+44/600 --dpi 1244 ptmb8r
mktexpk --mfmode / --bdpi 600 --mag 1+0/600 --dpi 600 cmsy10
mktexpk --mfmode / --bdpi 600 --mag 1+0/600 --dpi 600 ptmr8r
mktexpk --mfmode / --bdpi 600 --mag 1+264/600 --dpi 864 ptmb8r
mktexpk --mfmode / --bdpi 600 --mag 0+480/600 --dpi 480 ptmro8r
mktexpk --mfmode / --bdpi 600 --mag 0+432/600 --dpi 432 phvro8r
mktexpk --mfmode / --bdpi 600 --mag 1+120/600 --dpi 720 ptmb8r
mktexpk --mfmode / --bdpi 600 --mag 1+57/600 --dpi 657 ptmr8r
mktexpk --mfmode / --bdpi 600 --mag 2+293/600 --dpi 1493 ptmb8r
mktexpk --mfmode / --bdpi 600 --mag 2+144/600 --dpi 1344 phvb8r
mktexpk --mfmode / --bdpi 600 --mag 0+591/600 --dpi 591 phvr8r
mktexpk --mfmode / --bdpi 600 --mag 1+57/600 --dpi 657 msbm10
mktexpk --mfmode / --bdpi 600 --mag 0+480/600 --dpi 480 cmsy10
mktexpk --mfmode / --bdpi 600 --mag 0+480/600 --dpi 480 cmmi10
mktexpk --mfmode / --bdpi 600 --mag 1+57/600 --dpi 657 psyr
mktexpk --mfmode / --bdpi 600 --mag 0+480/600 --dpi 480 cmr10
mktexpk --mfmode / --bdpi 600 --mag 1+57/600 --dpi 657 cmmi10
mktexpk --mfmode / --bdpi 600 --mag 1+0/600 --dpi 600 pcrr8rn
mktexpk --mfmode / --bdpi 600 --mag 1+57/600 --dpi 657 pcrro8r
mktexpk --mfmode / --bdpi 600 --mag 1+57/600 --dpi 657 msam10
mktexpk --mfmode / --bdpi 600 --mag 0+480/600 --dpi 480 ptmr8r
mktexpk --mfmode / --bdpi 600 --mag 1+57/600 --dpi 657 cmsy10
mktexpk --mfmode / --bdpi 600 --mag 1+57/600 --dpi 657 cmr10
mktexpk --mfmode / --bdpi 600 --mag 1+57/600 --dpi 657 pcrr8rn
mktexpk --mfmode / --bdpi 600 --mag 0+480/600 --dpi 480 ptmri8r
mktexpk --mfmode / --bdpi 600 --mag 1+57/600 --dpi 657 ptmri8r
mktexpk --mfmode / --bdpi 600 --mag 2+44/600 --dpi 1244 ptmb8r
mktexpk --mfmode / --bdpi 600 --mag 1+57/600 --dpi 657 ptmb8r
mktexpk --mfmode / --bdpi 600 --mag 1+0/600 --dpi 600 cmsy10
mktexpk --mfmode / --bdpi 600 --mag 1+0/600 --dpi 600 ptmr8r
mktexpk --mfmode / --bdpi 600 --mag 1+264/600 --dpi 864 ptmb8r
mktexpk --mfmode / --bdpi 600 --mag 0+480/600 --dpi 480 ptmro8r
mktexpk --mfmode / --bdpi 600 --mag 0+432/600 --dpi 432 phvro8r
mktexpk --mfmode / --bdpi 600 --mag 1+120/600 --dpi 720 ptmb8r
mktexpk --mfmode / --bdpi 600 --mag 1+57/600 --dpi 657 ptmr8r
mktexpk --mfmode / --bdpi 600 --mag 2+293/600 --dpi 1493 ptmb8r
mktexpk --mfmode / --bdpi 600 --mag 2+144/600 --dpi 1344 phvb8r
mktexpk --mfmode / --bdpi 600 --mag 0+591/600 --dpi 591 phvr8r
mktexpk --mfmode / --bdpi 600 --mag 1+57/600 --dpi 657 msbm10
mktexpk --mfmode / --bdpi 600 --mag 0+480/600 --dpi 480 cmsy10
mktexpk --mfmode / --bdpi 600 --mag 0+480/600 --dpi 480 cmmi10
mktexpk --mfmode / --bdpi 600 --mag 1+57/600 --dpi 657 psyr
mktexpk --mfmode / --bdpi 600 --mag 0+480/600 --dpi 480 cmr10
mktexpk --mfmode / --bdpi 600 --mag 1+57/600 --dpi 657 cmmi10
mktexpk --mfmode / --bdpi 600 --mag 1+0/600 --dpi 600 pcrr8rn
mktexpk --mfmode / --bdpi 600 --mag 1+57/600 --dpi 657 pcrro8r
mktexpk --mfmode / --bdpi 600 --mag 1+57/600 --dpi 657 msam10
mktexpk --mfmode / --bdpi 600 --mag 0+480/600 --dpi 480 ptmr8r
mktexpk --mfmode / --bdpi 600 --mag 1+57/600 --dpi 657 cmsy10
mktexpk --mfmode / --bdpi 600 --mag 1+57/600 --dpi 657 cmr10
mktexpk --mfmode / --bdpi 600 --mag 1+57/600 --dpi 657 pcrr8rn
mktexpk --mfmode / --bdpi 600 --mag 0+480/600 --dpi 480 ptmri8r
mktexpk --mfmode / --bdpi 600 --mag 1+57/600 --dpi 657 ptmri8r
mktexpk --mfmode / --bdpi 600 --mag 2+44/600 --dpi 1244 ptmb8r
mktexpk --mfmode / --bdpi 600 --mag 1+57/600 --dpi 657 ptmb8r
mktexpk --mfmode / --bdpi 600 --mag 1+0/600 --dpi 600 cmsy10
mktexpk --mfmode / --bdpi 600 --mag 1+0/600 --dpi 600 ptmr8r
mktexpk --mfmode / --bdpi 600 --mag 1+264/600 --dpi 864 ptmb8r
mktexpk --mfmode / --bdpi 600 --mag 0+480/600 --dpi 480 ptmro8r
mktexpk --mfmode / --bdpi 600 --mag 0+432/600 --dpi 432 phvro8r
mktexpk --mfmode / --bdpi 600 --mag 1+120/600 --dpi 720 ptmb8r
mktexpk --mfmode / --bdpi 600 --mag 1+57/600 --dpi 657 ptmr8r
mktexpk --mfmode / --bdpi 600 --mag 2+293/600 --dpi 1493 ptmb8r
mktexpk --mfmode / --bdpi 600 --mag 2+144/600 --dpi 1344 phvb8r
mktexpk --mfmode / --bdpi 600 --mag 0+591/600 --dpi 591 phvr8r
mktexpk --mfmode / --bdpi 600 --mag 1+57/600 --dpi 657 msbm10
mktexpk --mfmode / --bdpi 600 --mag 0+480/600 --dpi 480 cmsy10
mktexpk --mfmode / --bdpi 600 --mag 0+480/600 --dpi 480 cmmi10
mktexpk --mfmode / --bdpi 600 --mag 1+57/600 --dpi 657 psyr
mktexpk --mfmode / --bdpi 600 --mag 0+480/600 --dpi 480 cmr10
mktexpk --mfmode / --bdpi 600 --mag 1+57/600 --dpi 657 cmmi10
mktexpk --mfmode / --bdpi 600 --mag 1+0/600 --dpi 600 pcrr8rn
mktexpk --mfmode / --bdpi 600 --mag 0+480/600 --dpi 480 ptmr8r
mktexpk --mfmode / --bdpi 600 --mag 1+57/600 --dpi 657 pcrro8r
mktexpk --mfmode / --bdpi 600 --mag 1+57/600 --dpi 657 msam10
mktexpk --mfmode / --bdpi 600 --mag 1+57/600 --dpi 657 cmsy10
mktexpk --mfmode / --bdpi 600 --mag 1+57/600 --dpi 657 cmr10
mktexpk --mfmode / --bdpi 600 --mag 1+57/600 --dpi 657 pcrr8rn
mktexpk --mfmode / --bdpi 600 --mag 1+57/600 --dpi 657 ptmb8r
mktexpk --mfmode / --bdpi 600 --mag 0+480/600 --dpi 480 ptmri8r
mktexpk --mfmode / --bdpi 600 --mag 1+57/600 --dpi 657 ptmri8r
mktexpk --mfmode / --bdpi 600 --mag 2+44/600 --dpi 1244 ptmb8r
mktexpk --mfmode / --bdpi 600 --mag 1+0/600 --dpi 600 cmsy10
mktexpk --mfmode / --bdpi 600 --mag 1+0/600 --dpi 600 ptmr8r
mktexpk --mfmode / --bdpi 600 --mag 1+264/600 --dpi 864 ptmb8r
mktexpk --mfmode / --bdpi 600 --mag 0+480/600 --dpi 480 ptmro8r
mktexpk --mfmode / --bdpi 600 --mag 0+432/600 --dpi 432 phvro8r
mktexpk --mfmode / --bdpi 600 --mag 1+120/600 --dpi 720 ptmb8r
mktexpk --mfmode / --bdpi 600 --mag 1+57/600 --dpi 657 ptmr8r
mktexpk --mfmode / --bdpi 600 --mag 2+293/600 --dpi 1493 ptmb8r
mktexpk --mfmode / --bdpi 600 --mag 2+144/600 --dpi 1344 phvb8r
mktexpk --mfmode / --bdpi 600 --mag 0+591/600 --dpi 591 phvr8r
mktexpk --mfmode / --bdpi 600 --mag 1+57/600 --dpi 657 msbm10
mktexpk --mfmode / --bdpi 600 --mag 0+480/600 --dpi 480 cmsy10
mktexpk --mfmode / --bdpi 600 --mag 0+480/600 --dpi 480 cmmi10
mktexpk --mfmode / --bdpi 600 --mag 1+57/600 --dpi 657 psyr
mktexpk --mfmode / --bdpi 600 --mag 0+480/600 --dpi 480 cmr10
mktexpk --mfmode / --bdpi 600 --mag 1+57/600 --dpi 657 cmmi10
mktexpk --mfmode / --bdpi 600 --mag 1+0/600 --dpi 600 pcrr8rn
mktexpk --mfmode / --bdpi 600 --mag 0+480/600 --dpi 480 ptmr8r
mktexpk --mfmode / --bdpi 600 --mag 1+57/600 --dpi 657 pcrro8r
mktexpk --mfmode / --bdpi 600 --mag 1+57/600 --dpi 657 msam10
mktexpk --mfmode / --bdpi 600 --mag 1+57/600 --dpi 657 cmsy10
mktexpk --mfmode / --bdpi 600 --mag 1+57/600 --dpi 657 cmr10
mktexpk --mfmode / --bdpi 600 --mag 1+57/600 --dpi 657 pcrr8rn
mktexpk --mfmode / --bdpi 600 --mag 0+480/600 --dpi 480 ptmri8r
mktexpk --mfmode / --bdpi 600 --mag 1+57/600 --dpi 657 ptmri8r
mktexpk --mfmode / --bdpi 600 --mag 2+44/600 --dpi 1244 ptmb8r
mktexpk --mfmode / --bdpi 600 --mag 1+57/600 --dpi 657 ptmb8r
mktexpk --mfmode / --bdpi 600 --mag 1+0/600 --dpi 600 cmsy10
mktexpk --mfmode / --bdpi 600 --mag 1+0/600 --dpi 600 ptmr8r
mktexpk --mfmode / --bdpi 600 --mag 1+264/600 --dpi 864 ptmb8r
mktexpk --mfmode / --bdpi 600 --mag 0+480/600 --dpi 480 ptmro8r
mktexpk --mfmode / --bdpi 600 --mag 0+432/600 --dpi 432 phvro8r
mktexpk --mfmode / --bdpi 600 --mag 1+120/600 --dpi 720 ptmb8r
mktexpk --mfmode / --bdpi 600 --mag 1+57/600 --dpi 657 ptmr8r
mktexpk --mfmode / --bdpi 600 --mag 2+293/600 --dpi 1493 ptmb8r
mktexpk --mfmode / --bdpi 600 --mag 2+144/600 --dpi 1344 phvb8r
mktexpk --mfmode / --bdpi 600 --mag 0+591/600 --dpi 591 phvr8r
mktexpk --mfmode / --bdpi 600 --mag 1+57/600 --dpi 657 msbm10
mktexpk --mfmode / --bdpi 600 --mag 0+480/600 --dpi 480 cmsy10
mktexpk --mfmode / --bdpi 600 --mag 0+480/600 --dpi 480 cmmi10
mktexpk --mfmode / --bdpi 600 --mag 1+57/600 --dpi 657 psyr
mktexpk --mfmode / --bdpi 600 --mag 0+480/600 --dpi 480 cmr10
mktexpk --mfmode / --bdpi 600 --mag 1+57/600 --dpi 657 cmmi10
mktexpk --mfmode / --bdpi 600 --mag 1+0/600 --dpi 600 pcrr8rn
mktexpk --mfmode / --bdpi 600 --mag 0+480/600 --dpi 480 ptmr8r
mktexpk --mfmode / --bdpi 600 --mag 1+57/600 --dpi 657 pcrro8r
mktexpk --mfmode / --bdpi 600 --mag 1+57/600 --dpi 657 msam10
mktexpk --mfmode / --bdpi 600 --mag 1+57/600 --dpi 657 cmsy10
mktexpk --mfmode / --bdpi 600 --mag 1+57/600 --dpi 657 cmr10
mktexpk --mfmode / --bdpi 600 --mag 1+57/600 --dpi 657 pcrr8rn
mktexpk --mfmode / --bdpi 600 --mag 0+480/600 --dpi 480 ptmri8r
mktexpk --mfmode / --bdpi 600 --mag 1+57/600 --dpi 657 ptmri8r
mktexpk --mfmode / --bdpi 600 --mag 2+44/600 --dpi 1244 ptmb8r
mktexpk --mfmode / --bdpi 600 --mag 1+57/600 --dpi 657 ptmb8r
mktexpk --mfmode / --bdpi 600 --mag 1+0/600 --dpi 600 cmsy10
mktexpk --mfmode / --bdpi 600 --mag 1+0/600 --dpi 600 ptmr8r
mktexpk --mfmode / --bdpi 600 --mag 1+264/600 --dpi 864 ptmb8r
mktexpk --mfmode / --bdpi 600 --mag 0+480/600 --dpi 480 ptmro8r
mktexpk --mfmode / --bdpi 600 --mag 0+432/600 --dpi 432 phvro8r
mktexpk --mfmode / --bdpi 600 --mag 1+120/600 --dpi 720 ptmb8r
mktexpk --mfmode / --bdpi 600 --mag 1+57/600 --dpi 657 ptmr8r
mktexpk --mfmode / --bdpi 600 --mag 2+293/600 --dpi 1493 ptmb8r
mktexpk --mfmode / --bdpi 600 --mag 2+144/600 --dpi 1344 phvb8r
mktexpk --mfmode / --bdpi 600 --mag 0+591/600 --dpi 591 phvr8r
mktexpk --mfmode / --bdpi 600 --mag 1+57/600 --dpi 657 msbm10
mktexpk --mfmode / --bdpi 600 --mag 0+480/600 --dpi 480 cmsy10
mktexpk --mfmode / --bdpi 600 --mag 0+480/600 --dpi 480 cmmi10
mktexpk --mfmode / --bdpi 600 --mag 1+57/600 --dpi 657 psyr
mktexpk --mfmode / --bdpi 600 --mag 0+480/600 --dpi 480 cmr10
mktexpk --mfmode / --bdpi 600 --mag 1+57/600 --dpi 657 cmmi10
mktexpk --mfmode / --bdpi 600 --mag 1+0/600 --dpi 600 pcrr8rn
mktexpk --mfmode / --bdpi 600 --mag 0+480/600 --dpi 480 ptmr8r
mktexpk --mfmode / --bdpi 600 --mag 1+57/600 --dpi 657 pcrro8r
mktexpk --mfmode / --bdpi 600 --mag 1+57/600 --dpi 657 msam10
mktexpk --mfmode / --bdpi 600 --mag 1+57/600 --dpi 657 cmsy10
mktexpk --mfmode / --bdpi 600 --mag 1+57/600 --dpi 657 cmr10
mktexpk --mfmode / --bdpi 600 --mag 1+57/600 --dpi 657 pcrr8rn
mktexpk --mfmode / --bdpi 600 --mag 1+57/600 --dpi 657 ptmb8r
mktexpk --mfmode / --bdpi 600 --mag 0+480/600 --dpi 480 ptmri8r
mktexpk --mfmode / --bdpi 600 --mag 1+57/600 --dpi 657 ptmri8r
mktexpk --mfmode / --bdpi 600 --mag 2+44/600 --dpi 1244 ptmb8r
mktexpk --mfmode / --bdpi 600 --mag 1+0/600 --dpi 600 cmsy10
mktexpk --mfmode / --bdpi 600 --mag 1+0/600 --dpi 600 ptmr8r
mktexpk --mfmode / --bdpi 600 --mag 1+264/600 --dpi 864 ptmb8r
mktexpk --mfmode / --bdpi 600 --mag 0+480/600 --dpi 480 ptmro8r
mktexpk --mfmode / --bdpi 600 --mag 0+432/600 --dpi 432 phvro8r
mktexpk --mfmode / --bdpi 600 --mag 1+120/600 --dpi 720 ptmb8r
mktexpk --mfmode / --bdpi 600 --mag 1+57/600 --dpi 657 ptmr8r
mktexpk --mfmode / --bdpi 600 --mag 2+293/600 --dpi 1493 ptmb8r
mktexpk --mfmode / --bdpi 600 --mag 2+144/600 --dpi 1344 phvb8r
mktexpk --mfmode / --bdpi 600 --mag 0+591/600 --dpi 591 phvr8r
mktexpk --mfmode / --bdpi 600 --mag 1+57/600 --dpi 657 msbm10
mktexpk --mfmode / --bdpi 600 --mag 0+480/600 --dpi 480 cmsy10
mktexpk --mfmode / --bdpi 600 --mag 0+480/600 --dpi 480 cmmi10
mktexpk --mfmode / --bdpi 600 --mag 1+57/600 --dpi 657 psyr
mktexpk --mfmode / --bdpi 600 --mag 0+480/600 --dpi 480 cmr10
mktexpk --mfmode / --bdpi 600 --mag 1+57/600 --dpi 657 cmmi10
mktexpk --mfmode / --bdpi 600 --mag 1+0/600 --dpi 600 pcrr8rn
mktexpk --mfmode / --bdpi 600 --mag 0+480/600 --dpi 480 ptmr8r
mktexpk --mfmode / --bdpi 600 --mag 1+57/600 --dpi 657 pcrro8r
mktexpk --mfmode / --bdpi 600 --mag 1+57/600 --dpi 657 msam10
mktexpk --mfmode / --bdpi 600 --mag 1+57/600 --dpi 657 cmsy10
mktexpk --mfmode / --bdpi 600 --mag 1+57/600 --dpi 657 cmr10
mktexpk --mfmode / --bdpi 600 --mag 1+57/600 --dpi 657 pcrr8rn
mktexpk --mfmode / --bdpi 600 --mag 0+480/600 --dpi 480 ptmri8r
mktexpk --mfmode / --bdpi 600 --mag 1+57/600 --dpi 657 ptmri8r
mktexpk --mfmode / --bdpi 600 --mag 2+44/600 --dpi 1244 ptmb8r
mktexpk --mfmode / --bdpi 600 --mag 1+57/600 --dpi 657 ptmb8r
mktexpk --mfmode / --bdpi 600 --mag 1+0/600 --dpi 600 cmsy10
mktexpk --mfmode / --bdpi 600 --mag 1+0/600 --dpi 600 ptmr8r
mktexpk --mfmode / --bdpi 600 --mag 1+264/600 --dpi 864 ptmb8r
mktexpk --mfmode / --bdpi 600 --mag 0+480/600 --dpi 480 ptmro8r
mktexpk --mfmode / --bdpi 600 --mag 0+432/600 --dpi 432 phvro8r
mktexpk --mfmode / --bdpi 600 --mag 1+120/600 --dpi 720 ptmb8r
mktexpk --mfmode / --bdpi 600 --mag 1+57/600 --dpi 657 ptmr8r
mktexpk --mfmode / --bdpi 600 --mag 2+293/600 --dpi 1493 ptmb8r
mktexpk --mfmode / --bdpi 600 --mag 2+144/600 --dpi 1344 phvb8r
mktexpk --mfmode / --bdpi 600 --mag 0+591/600 --dpi 591 phvr8r
mktexpk --mfmode / --bdpi 600 --mag 1+57/600 --dpi 657 msbm10
mktexpk --mfmode / --bdpi 600 --mag 0+480/600 --dpi 480 cmsy10
mktexpk --mfmode / --bdpi 600 --mag 0+480/600 --dpi 480 cmmi10
mktexpk --mfmode / --bdpi 600 --mag 1+57/600 --dpi 657 psyr
mktexpk --mfmode / --bdpi 600 --mag 0+480/600 --dpi 480 cmr10
mktexpk --mfmode / --bdpi 600 --mag 1+57/600 --dpi 657 cmmi10
mktexpk --mfmode / --bdpi 600 --mag 1+0/600 --dpi 600 pcrr8rn
mktexpk --mfmode / --bdpi 600 --mag 0+480/600 --dpi 480 ptmr8r
mktexpk --mfmode / --bdpi 600 --mag 1+57/600 --dpi 657 pcrro8r
mktexpk --mfmode / --bdpi 600 --mag 1+57/600 --dpi 657 msam10
mktexpk --mfmode / --bdpi 600 --mag 1+57/600 --dpi 657 cmsy10
mktexpk --mfmode / --bdpi 600 --mag 1+57/600 --dpi 657 cmr10
mktexpk --mfmode / --bdpi 600 --mag 1+57/600 --dpi 657 pcrr8rn
mktexpk --mfmode / --bdpi 600 --mag 0+480/600 --dpi 480 ptmri8r
mktexpk --mfmode / --bdpi 600 --mag 1+57/600 --dpi 657 ptmri8r
mktexpk --mfmode / --bdpi 600 --mag 2+44/600 --dpi 1244 ptmb8r
mktexpk --mfmode / --bdpi 600 --mag 1+57/600 --dpi 657 ptmb8r
mktexpk --mfmode / --bdpi 600 --mag 1+0/600 --dpi 600 cmsy10
mktexpk --mfmode / --bdpi 600 --mag 1+0/600 --dpi 600 ptmr8r
mktexpk --mfmode / --bdpi 600 --mag 1+264/600 --dpi 864 ptmb8r
mktexpk --mfmode / --bdpi 600 --mag 0+480/600 --dpi 480 ptmro8r
mktexpk --mfmode / --bdpi 600 --mag 0+432/600 --dpi 432 phvro8r
mktexpk --mfmode / --bdpi 600 --mag 1+120/600 --dpi 720 ptmb8r
mktexpk --mfmode / --bdpi 600 --mag 1+57/600 --dpi 657 ptmr8r
mktexpk --mfmode / --bdpi 600 --mag 2+293/600 --dpi 1493 ptmb8r
mktexpk --mfmode / --bdpi 600 --mag 2+144/600 --dpi 1344 phvb8r
mktexpk --mfmode / --bdpi 600 --mag 0+591/600 --dpi 591 phvr8r
mktexpk --mfmode / --bdpi 600 --mag 1+57/600 --dpi 657 msbm10
mktexpk --mfmode / --bdpi 600 --mag 0+480/600 --dpi 480 cmsy10
mktexpk --mfmode / --bdpi 600 --mag 0+480/600 --dpi 480 cmmi10
mktexpk --mfmode / --bdpi 600 --mag 1+57/600 --dpi 657 psyr
mktexpk --mfmode / --bdpi 600 --mag 0+480/600 --dpi 480 cmr10
mktexpk --mfmode / --bdpi 600 --mag 1+57/600 --dpi 657 cmmi10
mktexpk --mfmode / --bdpi 600 --mag 1+0/600 --dpi 600 pcrr8rn
mktexpk --mfmode / --bdpi 600 --mag 0+480/600 --dpi 480 ptmr8r
mktexpk --mfmode / --bdpi 600 --mag 1+57/600 --dpi 657 pcrro8r
mktexpk --mfmode / --bdpi 600 --mag 1+57/600 --dpi 657 msam10
mktexpk --mfmode / --bdpi 600 --mag 1+57/600 --dpi 657 cmsy10
mktexpk --mfmode / --bdpi 600 --mag 1+57/600 --dpi 657 cmr10
mktexpk --mfmode / --bdpi 600 --mag 1+57/600 --dpi 657 pcrr8rn
mktexpk --mfmode / --bdpi 600 --mag 1+57/600 --dpi 657 ptmb8r
mktexpk --mfmode / --bdpi 600 --mag 0+480/600 --dpi 480 ptmri8r
mktexpk --mfmode / --bdpi 600 --mag 1+57/600 --dpi 657 ptmri8r
mktexpk --mfmode / --bdpi 600 --mag 2+44/600 --dpi 1244 ptmb8r
mktexpk --mfmode / --bdpi 600 --mag 1+0/600 --dpi 600 cmsy10
mktexpk --mfmode / --bdpi 600 --mag 1+0/600 --dpi 600 ptmr8r
mktexpk --mfmode / --bdpi 600 --mag 1+264/600 --dpi 864 ptmb8r
mktexpk --mfmode / --bdpi 600 --mag 0+480/600 --dpi 480 ptmro8r
mktexpk --mfmode / --bdpi 600 --mag 0+432/600 --dpi 432 phvro8r
mktexpk --mfmode / --bdpi 600 --mag 1+120/600 --dpi 720 ptmb8r
mktexpk --mfmode / --bdpi 600 --mag 1+57/600 --dpi 657 ptmr8r
mktexpk --mfmode / --bdpi 600 --mag 2+293/600 --dpi 1493 ptmb8r
mktexpk --mfmode / --bdpi 600 --mag 2+144/600 --dpi 1344 phvb8r
mktexpk --mfmode / --bdpi 600 --mag 0+591/600 --dpi 591 phvr8r
mktexpk --mfmode / --bdpi 600 --mag 1+57/600 --dpi 657 msbm10
mktexpk --mfmode / --bdpi 600 --mag 0+480/600 --dpi 480 cmsy10
mktexpk --mfmode / --bdpi 600 --mag 0+480/600 --dpi 480 cmmi10
mktexpk --mfmode / --bdpi 600 --mag 1+57/600 --dpi 657 psyr
mktexpk --mfmode / --bdpi 600 --mag 0+480/600 --dpi 480 cmr10
mktexpk --mfmode / --bdpi 600 --mag 1+57/600 --dpi 657 cmmi10
mktexpk --mfmode / --bdpi 600 --mag 1+0/600 --dpi 600 pcrr8rn
mktexpk --mfmode / --bdpi 600 --mag 0+480/600 --dpi 480 ptmr8r
mktexpk --mfmode / --bdpi 600 --mag 1+57/600 --dpi 657 pcrro8r
mktexpk --mfmode / --bdpi 600 --mag 1+57/600 --dpi 657 msam10
mktexpk --mfmode / --bdpi 600 --mag 1+57/600 --dpi 657 cmsy10
mktexpk --mfmode / --bdpi 600 --mag 1+57/600 --dpi 657 cmr10
mktexpk --mfmode / --bdpi 600 --mag 1+57/600 --dpi 657 pcrr8rn
mktexpk --mfmode / --bdpi 600 --mag 0+480/600 --dpi 480 ptmri8r
mktexpk --mfmode / --bdpi 600 --mag 1+57/600 --dpi 657 ptmri8r
mktexpk --mfmode / --bdpi 600 --mag 2+44/600 --dpi 1244 ptmb8r
mktexpk --mfmode / --bdpi 600 --mag 1+57/600 --dpi 657 ptmb8r
mktexpk --mfmode / --bdpi 600 --mag 1+0/600 --dpi 600 cmsy10
mktexpk --mfmode / --bdpi 600 --mag 1+0/600 --dpi 600 ptmr8r
mktexpk --mfmode / --bdpi 600 --mag 1+264/600 --dpi 864 ptmb8r
mktexpk --mfmode / --bdpi 600 --mag 0+480/600 --dpi 480 ptmro8r
mktexpk --mfmode / --bdpi 600 --mag 0+432/600 --dpi 432 phvro8r
mktexpk --mfmode / --bdpi 600 --mag 1+120/600 --dpi 720 ptmb8r
mktexpk --mfmode / --bdpi 600 --mag 1+57/600 --dpi 657 ptmr8r
mktexpk --mfmode / --bdpi 600 --mag 2+293/600 --dpi 1493 ptmb8r
mktexpk --mfmode / --bdpi 600 --mag 2+144/600 --dpi 1344 phvb8r
mktexpk --mfmode / --bdpi 600 --mag 0+591/600 --dpi 591 phvr8r
mktexpk --mfmode / --bdpi 600 --mag 1+57/600 --dpi 657 msbm10
mktexpk --mfmode / --bdpi 600 --mag 0+480/600 --dpi 480 cmsy10
mktexpk --mfmode / --bdpi 600 --mag 0+480/600 --dpi 480 cmmi10
mktexpk --mfmode / --bdpi 600 --mag 1+57/600 --dpi 657 psyr
mktexpk --mfmode / --bdpi 600 --mag 0+480/600 --dpi 480 cmr10
mktexpk --mfmode / --bdpi 600 --mag 1+57/600 --dpi 657 cmmi10
mktexpk --mfmode / --bdpi 600 --mag 1+0/600 --dpi 600 pcrr8rn
mktexpk --mfmode / --bdpi 600 --mag 0+480/600 --dpi 480 ptmr8r
mktexpk --mfmode / --bdpi 600 --mag 1+57/600 --dpi 657 pcrro8r
mktexpk --mfmode / --bdpi 600 --mag 1+57/600 --dpi 657 msam10
mktexpk --mfmode / --bdpi 600 --mag 1+57/600 --dpi 657 cmsy10
mktexpk --mfmode / --bdpi 600 --mag 1+57/600 --dpi 657 cmr10
mktexpk --mfmode / --bdpi 600 --mag 1+57/600 --dpi 657 pcrr8rn
mktexpk --mfmode / --bdpi 600 --mag 0+480/600 --dpi 480 ptmri8r
mktexpk --mfmode / --bdpi 600 --mag 1+57/600 --dpi 657 ptmri8r
mktexpk --mfmode / --bdpi 600 --mag 2+44/600 --dpi 1244 ptmb8r
mktexpk --mfmode / --bdpi 600 --mag 1+57/600 --dpi 657 ptmb8r
mktexpk --mfmode / --bdpi 600 --mag 1+0/600 --dpi 600 cmsy10
mktexpk --mfmode / --bdpi 600 --mag 1+0/600 --dpi 600 ptmr8r
mktexpk --mfmode / --bdpi 600 --mag 1+264/600 --dpi 864 ptmb8r
mktexpk --mfmode / --bdpi 600 --mag 0+480/600 --dpi 480 ptmro8r
mktexpk --mfmode / --bdpi 600 --mag 0+432/600 --dpi 432 phvro8r
mktexpk --mfmode / --bdpi 600 --mag 1+120/600 --dpi 720 ptmb8r
mktexpk --mfmode / --bdpi 600 --mag 1+57/600 --dpi 657 ptmr8r
mktexpk --mfmode / --bdpi 600 --mag 2+293/600 --dpi 1493 ptmb8r
mktexpk --mfmode / --bdpi 600 --mag 2+144/600 --dpi 1344 phvb8r
mktexpk --mfmode / --bdpi 600 --mag 0+591/600 --dpi 591 phvr8r
mktexpk --mfmode / --bdpi 600 --mag 1+57/600 --dpi 657 msbm10
mktexpk --mfmode / --bdpi 600 --mag 0+480/600 --dpi 480 cmsy10
mktexpk --mfmode / --bdpi 600 --mag 0+480/600 --dpi 480 cmmi10
mktexpk --mfmode / --bdpi 600 --mag 1+57/600 --dpi 657 psyr
mktexpk --mfmode / --bdpi 600 --mag 0+480/600 --dpi 480 cmr10
mktexpk --mfmode / --bdpi 600 --mag 1+57/600 --dpi 657 cmmi10
mktexpk --mfmode / --bdpi 600 --mag 1+0/600 --dpi 600 pcrr8rn
mktexpk --mfmode / --bdpi 600 --mag 0+480/600 --dpi 480 ptmr8r
mktexpk --mfmode / --bdpi 600 --mag 1+57/600 --dpi 657 pcrro8r
mktexpk --mfmode / --bdpi 600 --mag 1+57/600 --dpi 657 msam10
mktexpk --mfmode / --bdpi 600 --mag 1+57/600 --dpi 657 cmsy10
mktexpk --mfmode / --bdpi 600 --mag 1+57/600 --dpi 657 cmr10
mktexpk --mfmode / --bdpi 600 --mag 1+57/600 --dpi 657 pcrr8rn
mktexpk --mfmode / --bdpi 600 --mag 1+57/600 --dpi 657 ptmb8r
mktexpk --mfmode / --bdpi 600 --mag 0+480/600 --dpi 480 ptmri8r
mktexpk --mfmode / --bdpi 600 --mag 1+57/600 --dpi 657 ptmri8r
mktexpk --mfmode / --bdpi 600 --mag 2+44/600 --dpi 1244 ptmb8r
mktexpk --mfmode / --bdpi 600 --mag 2+293/600 --dpi 1493 ptmb8r
mktexpk --mfmode / --bdpi 600 --mag 1+0/600 --dpi 600 cmsy10
mktexpk --mfmode / --bdpi 600 --mag 1+0/600 --dpi 600 ptmr8r
mktexpk --mfmode / --bdpi 600 --mag 0+432/600 --dpi 432 phvro8r
mktexpk --mfmode / --bdpi 600 --mag 1+120/600 --dpi 720 ptmb8r
mktexpk --mfmode / --bdpi 600 --mag 1+57/600 --dpi 657 ptmr8r
mktexpk --mfmode / --bdpi 600 --mag 1+264/600 --dpi 864 ptmb8r
mktexpk --mfmode / --bdpi 600 --mag 2+144/600 --dpi 1344 phvb8r
mktexpk --mfmode / --bdpi 600 --mag 0+591/600 --dpi 591 phvr8r
mktexpk --mfmode / --bdpi 600 --mag 1+57/600 --dpi 657 msbm10
mktexpk --mfmode / --bdpi 600 --mag 0+480/600 --dpi 480 cmsy10
mktexpk --mfmode / --bdpi 600 --mag 0+480/600 --dpi 480 cmmi10
mktexpk --mfmode / --bdpi 600 --mag 1+57/600 --dpi 657 psyr
mktexpk --mfmode / --bdpi 600 --mag 0+480/600 --dpi 480 cmr10
mktexpk --mfmode / --bdpi 600 --mag 1+57/600 --dpi 657 cmmi10
mktexpk --mfmode / --bdpi 600 --mag 1+0/600 --dpi 600 pcrr8rn
mktexpk --mfmode / --bdpi 600 --mag 0+480/600 --dpi 480 ptmr8r
mktexpk --mfmode / --bdpi 600 --mag 1+57/600 --dpi 657 pcrro8r
mktexpk --mfmode / --bdpi 600 --mag 1+57/600 --dpi 657 msam10
mktexpk --mfmode / --bdpi 600 --mag 1+57/600 --dpi 657 cmsy10
mktexpk --mfmode / --bdpi 600 --mag 1+57/600 --dpi 657 cmr10
mktexpk --mfmode / --bdpi 600 --mag 1+57/600 --dpi 657 pcrr8rn
mktexpk --mfmode / --bdpi 600 --mag 0+480/600 --dpi 480 ptmri8r
mktexpk --mfmode / --bdpi 600 --mag 1+57/600 --dpi 657 ptmri8r
mktexpk --mfmode / --bdpi 600 --mag 2+44/600 --dpi 1244 ptmb8r
mktexpk --mfmode / --bdpi 600 --mag 1+57/600 --dpi 657 ptmb8r
mktexpk --mfmode / --bdpi 600 --mag 2+293/600 --dpi 1493 ptmb8r
mktexpk --mfmode / --bdpi 600 --mag 1+0/600 --dpi 600 cmsy10
mktexpk --mfmode / --bdpi 600 --mag 1+0/600 --dpi 600 ptmr8r
mktexpk --mfmode / --bdpi 600 --mag 0+432/600 --dpi 432 phvro8r
mktexpk --mfmode / --bdpi 600 --mag 1+120/600 --dpi 720 ptmb8r
mktexpk --mfmode / --bdpi 600 --mag 1+57/600 --dpi 657 ptmr8r
mktexpk --mfmode / --bdpi 600 --mag 1+264/600 --dpi 864 ptmb8r
mktexpk --mfmode / --bdpi 600 --mag 2+144/600 --dpi 1344 phvb8r
mktexpk --mfmode / --bdpi 600 --mag 0+591/600 --dpi 591 phvr8r
mktexpk --mfmode / --bdpi 600 --mag 1+57/600 --dpi 657 msbm10
mktexpk --mfmode / --bdpi 600 --mag 0+480/600 --dpi 480 cmsy10
mktexpk --mfmode / --bdpi 600 --mag 0+480/600 --dpi 480 cmmi10
mktexpk --mfmode / --bdpi 600 --mag 1+57/600 --dpi 657 psyr
mktexpk --mfmode / --bdpi 600 --mag 0+480/600 --dpi 480 cmr10
mktexpk --mfmode / --bdpi 600 --mag 1+57/600 --dpi 657 cmmi10
mktexpk --mfmode / --bdpi 600 --mag 1+0/600 --dpi 600 pcrr8rn
mktexpk --mfmode / --bdpi 600 --mag 0+480/600 --dpi 480 ptmr8r
mktexpk --mfmode / --bdpi 600 --mag 1+57/600 --dpi 657 pcrro8r
mktexpk --mfmode / --bdpi 600 --mag 1+57/600 --dpi 657 msam10
mktexpk --mfmode / --bdpi 600 --mag 1+57/600 --dpi 657 cmsy10
mktexpk --mfmode / --bdpi 600 --mag 1+57/600 --dpi 657 cmr10
mktexpk --mfmode / --bdpi 600 --mag 1+57/600 --dpi 657 pcrr8rn
mktexpk --mfmode / --bdpi 600 --mag 0+480/600 --dpi 480 ptmri8r
mktexpk --mfmode / --bdpi 600 --mag 1+57/600 --dpi 657 ptmri8r
mktexpk --mfmode / --bdpi 600 --mag 2+44/600 --dpi 1244 ptmb8r
mktexpk --mfmode / --bdpi 600 --mag 1+57/600 --dpi 657 ptmb8r
mktexpk --mfmode / --bdpi 600 --mag 2+293/600 --dpi 1493 ptmb8r
mktexpk --mfmode / --bdpi 600 --mag 1+0/600 --dpi 600 cmsy10
mktexpk --mfmode / --bdpi 600 --mag 1+0/600 --dpi 600 ptmr8r
mktexpk --mfmode / --bdpi 600 --mag 0+432/600 --dpi 432 phvro8r
mktexpk --mfmode / --bdpi 600 --mag 1+120/600 --dpi 720 ptmb8r
mktexpk --mfmode / --bdpi 600 --mag 1+57/600 --dpi 657 ptmr8r
mktexpk --mfmode / --bdpi 600 --mag 1+264/600 --dpi 864 ptmb8r
mktexpk --mfmode / --bdpi 600 --mag 2+144/600 --dpi 1344 phvb8r
mktexpk --mfmode / --bdpi 600 --mag 0+591/600 --dpi 591 phvr8r
mktexpk --mfmode / --bdpi 600 --mag 1+57/600 --dpi 657 msbm10
mktexpk --mfmode / --bdpi 600 --mag 0+480/600 --dpi 480 cmsy10
mktexpk --mfmode / --bdpi 600 --mag 0+480/600 --dpi 480 cmmi10
mktexpk --mfmode / --bdpi 600 --mag 1+57/600 --dpi 657 psyr
mktexpk --mfmode / --bdpi 600 --mag 0+480/600 --dpi 480 cmr10
mktexpk --mfmode / --bdpi 600 --mag 1+57/600 --dpi 657 cmmi10
mktexpk --mfmode / --bdpi 600 --mag 1+0/600 --dpi 600 pcrr8rn
mktexpk --mfmode / --bdpi 600 --mag 0+480/600 --dpi 480 ptmr8r
mktexpk --mfmode / --bdpi 600 --mag 1+57/600 --dpi 657 pcrro8r
mktexpk --mfmode / --bdpi 600 --mag 1+57/600 --dpi 657 msam10
mktexpk --mfmode / --bdpi 600 --mag 1+57/600 --dpi 657 cmsy10
mktexpk --mfmode / --bdpi 600 --mag 1+57/600 --dpi 657 cmr10
mktexpk --mfmode / --bdpi 600 --mag 1+57/600 --dpi 657 pcrr8rn
mktexpk --mfmode / --bdpi 600 --mag 1+57/600 --dpi 657 ptmb8r
mktexpk --mfmode / --bdpi 600 --mag 0+480/600 --dpi 480 ptmri8r
mktexpk --mfmode / --bdpi 600 --mag 1+57/600 --dpi 657 ptmri8r
mktexpk --mfmode / --bdpi 600 --mag 2+44/600 --dpi 1244 ptmb8r
mktexpk --mfmode / --bdpi 600 --mag 2+293/600 --dpi 1493 ptmb8r
mktexpk --mfmode / --bdpi 600 --mag 1+0/600 --dpi 600 cmsy10
mktexpk --mfmode / --bdpi 600 --mag 1+0/600 --dpi 600 ptmr8r
mktexpk --mfmode / --bdpi 600 --mag 0+432/600 --dpi 432 phvro8r
mktexpk --mfmode / --bdpi 600 --mag 1+120/600 --dpi 720 ptmb8r
mktexpk --mfmode / --bdpi 600 --mag 1+57/600 --dpi 657 ptmr8r
mktexpk --mfmode / --bdpi 600 --mag 1+264/600 --dpi 864 ptmb8r
mktexpk --mfmode / --bdpi 600 --mag 2+144/600 --dpi 1344 phvb8r
mktexpk --mfmode / --bdpi 600 --mag 0+591/600 --dpi 591 phvr8r
mktexpk --mfmode / --bdpi 600 --mag 1+57/600 --dpi 657 msbm10
mktexpk --mfmode / --bdpi 600 --mag 0+480/600 --dpi 480 cmsy10
mktexpk --mfmode / --bdpi 600 --mag 0+480/600 --dpi 480 cmmi10
mktexpk --mfmode / --bdpi 600 --mag 1+57/600 --dpi 657 psyr
mktexpk --mfmode / --bdpi 600 --mag 0+480/600 --dpi 480 cmr10
mktexpk --mfmode / --bdpi 600 --mag 1+57/600 --dpi 657 cmmi10
mktexpk --mfmode / --bdpi 600 --mag 1+0/600 --dpi 600 pcrr8rn
mktexpk --mfmode / --bdpi 600 --mag 0+480/600 --dpi 480 ptmr8r
mktexpk --mfmode / --bdpi 600 --mag 1+57/600 --dpi 657 pcrro8r
mktexpk --mfmode / --bdpi 600 --mag 1+57/600 --dpi 657 msam10
mktexpk --mfmode / --bdpi 600 --mag 1+57/600 --dpi 657 cmsy10
mktexpk --mfmode / --bdpi 600 --mag 1+57/600 --dpi 657 cmr10
mktexpk --mfmode / --bdpi 600 --mag 1+57/600 --dpi 657 pcrr8rn
mktexpk --mfmode / --bdpi 600 --mag 0+480/600 --dpi 480 ptmri8r
mktexpk --mfmode / --bdpi 600 --mag 1+57/600 --dpi 657 ptmri8r
mktexpk --mfmode / --bdpi 600 --mag 2+44/600 --dpi 1244 ptmb8r
mktexpk --mfmode / --bdpi 600 --mag 1+57/600 --dpi 657 ptmb8r
mktexpk --mfmode / --bdpi 600 --mag 2+293/600 --dpi 1493 ptmb8r
mktexpk --mfmode / --bdpi 600 --mag 1+0/600 --dpi 600 cmsy10
mktexpk --mfmode / --bdpi 600 --mag 1+0/600 --dpi 600 ptmr8r
mktexpk --mfmode / --bdpi 600 --mag 0+432/600 --dpi 432 phvro8r
mktexpk --mfmode / --bdpi 600 --mag 1+120/600 --dpi 720 ptmb8r
mktexpk --mfmode / --bdpi 600 --mag 1+57/600 --dpi 657 ptmr8r
mktexpk --mfmode / --bdpi 600 --mag 1+264/600 --dpi 864 ptmb8r
mktexpk --mfmode / --bdpi 600 --mag 2+144/600 --dpi 1344 phvb8r
mktexpk --mfmode / --bdpi 600 --mag 0+591/600 --dpi 591 phvr8r
mktexpk --mfmode / --bdpi 600 --mag 1+57/600 --dpi 657 msbm10
mktexpk --mfmode / --bdpi 600 --mag 0+480/600 --dpi 480 cmsy10
mktexpk --mfmode / --bdpi 600 --mag 0+480/600 --dpi 480 cmmi10
mktexpk --mfmode / --bdpi 600 --mag 1+57/600 --dpi 657 psyr
mktexpk --mfmode / --bdpi 600 --mag 0+480/600 --dpi 480 cmr10
mktexpk --mfmode / --bdpi 600 --mag 1+57/600 --dpi 657 cmmi10
mktexpk --mfmode / --bdpi 600 --mag 1+0/600 --dpi 600 pcrr8rn
mktexpk --mfmode / --bdpi 600 --mag 0+480/600 --dpi 480 ptmr8r
mktexpk --mfmode / --bdpi 600 --mag 1+57/600 --dpi 657 pcrro8r
mktexpk --mfmode / --bdpi 600 --mag 1+57/600 --dpi 657 msam10
mktexpk --mfmode / --bdpi 600 --mag 1+57/600 --dpi 657 cmsy10
mktexpk --mfmode / --bdpi 600 --mag 1+57/600 --dpi 657 cmr10
mktexpk --mfmode / --bdpi 600 --mag 1+57/600 --dpi 657 pcrr8rn
mktexpk --mfmode / --bdpi 600 --mag 0+480/600 --dpi 480 ptmri8r
mktexpk --mfmode / --bdpi 600 --mag 1+57/600 --dpi 657 ptmri8r
mktexpk --mfmode / --bdpi 600 --mag 2+44/600 --dpi 1244 ptmb8r
mktexpk --mfmode / --bdpi 600 --mag 1+57/600 --dpi 657 ptmb8r
mktexpk --mfmode / --bdpi 600 --mag 2+293/600 --dpi 1493 ptmb8r
mktexpk --mfmode / --bdpi 600 --mag 1+0/600 --dpi 600 cmsy10
mktexpk --mfmode / --bdpi 600 --mag 1+0/600 --dpi 600 ptmr8r
mktexpk --mfmode / --bdpi 600 --mag 0+432/600 --dpi 432 phvro8r
mktexpk --mfmode / --bdpi 600 --mag 1+120/600 --dpi 720 ptmb8r
mktexpk --mfmode / --bdpi 600 --mag 1+57/600 --dpi 657 ptmr8r
mktexpk --mfmode / --bdpi 600 --mag 1+264/600 --dpi 864 ptmb8r
mktexpk --mfmode / --bdpi 600 --mag 2+144/600 --dpi 1344 phvb8r
