This is pdfTeX, Version 3.1415926-2.5-1.40.14 (TeX Live 2013/Debian) (format=pdflatex 2015.3.16)  4 JUN 2015 09:52
entering extended mode
 restricted \write18 enabled.
 %&-line parsing enabled.
**simpcomp
(./simpcomp.tex
LaTeX2e <2011/06/27>
Babel <3.9h> and hyphenation patterns for 2 languages loaded.
(/usr/share/texlive/texmf-dist/tex/latex/base/report.cls
Document Class: report 2007/10/19 v1.4h Standard LaTeX document class
(/usr/share/texlive/texmf-dist/tex/latex/base/size11.clo
File: size11.clo 2007/10/19 v1.4h Standard LaTeX file (size option)
)
\c@part=\count79
\c@chapter=\count80
\c@section=\count81
\c@subsection=\count82
\c@subsubsection=\count83
\c@paragraph=\count84
\c@subparagraph=\count85
\c@figure=\count86
\c@table=\count87
\abovecaptionskip=\skip41
\belowcaptionskip=\skip42
\bibindent=\dimen102
)
(/usr/share/texlive/texmf-dist/tex/latex/a4wide/a4wide.sty
Package: a4wide 1994/08/30

(/usr/share/texlive/texmf-dist/tex/latex/ntgclass/a4.sty
Package: a4 2004/04/15 v1.2g A4 based page layout
))
(/usr/share/texlive/texmf-dist/tex/latex/amsfonts/amssymb.sty
Package: amssymb 2013/01/14 v3.01 AMS font symbols

(/usr/share/texlive/texmf-dist/tex/latex/amsfonts/amsfonts.sty
Package: amsfonts 2013/01/14 v3.01 Basic AMSFonts support
\@emptytoks=\toks14
\symAMSa=\mathgroup4
\symAMSb=\mathgroup5
LaTeX Font Info:    Overwriting math alphabet `\mathfrak' in version `bold'
(Font)                  U/euf/m/n --> U/euf/b/n on input line 106.
))
(/usr/share/texlive/texmf-dist/tex/latex/base/inputenc.sty
Package: inputenc 2008/03/30 v1.1d Input encoding file
\inpenc@prehook=\toks15
\inpenc@posthook=\toks16

(/usr/share/texlive/texmf-dist/tex/latex/base/latin1.def
File: latin1.def 2008/03/30 v1.1d Input encoding file
))
(/usr/share/texlive/texmf-dist/tex/latex/base/makeidx.sty
Package: makeidx 2000/03/29 v1.0m Standard LaTeX package
)
\@indexfile=\write3
\openout3 = `simpcomp.idx'.


Writing index file simpcomp.idx
(/usr/share/texlive/texmf-dist/tex/latex/graphics/color.sty
Package: color 2005/11/14 v1.0j Standard LaTeX Color (DPC)

(/etc/texmf/tex/latex/config/color.cfg
File: color.cfg 2007/01/18 v1.5 color configuration of teTeX/TeXLive
)
Package color Info: Driver file: pdftex.def on input line 130.

(/usr/share/texlive/texmf-dist/tex/latex/pdftex-def/pdftex.def
File: pdftex.def 2011/05/27 v0.06d Graphics/color for pdfTeX

(/usr/share/texlive/texmf-dist/tex/generic/oberdiek/infwarerr.sty
Package: infwarerr 2010/04/08 v1.3 Providing info/warning/error messages (HO)
)
(/usr/share/texlive/texmf-dist/tex/generic/oberdiek/ltxcmds.sty
Package: ltxcmds 2011/11/09 v1.22 LaTeX kernel commands for general use (HO)
)
\Gread@gobject=\count88
))
(/usr/share/texlive/texmf-dist/tex/latex/fancyvrb/fancyvrb.sty
Package: fancyvrb 2008/02/07

Style option: `fancyvrb' v2.7a, with DG/SPQR fixes, and firstline=lastline fix 
<2008/02/07> (tvz) (/usr/share/texlive/texmf-dist/tex/latex/graphics/keyval.sty
Package: keyval 1999/03/16 v1.13 key=value parser (DPC)
\KV@toks@=\toks17
)
\FV@CodeLineNo=\count89
\FV@InFile=\read1
\FV@TabBox=\box26
\c@FancyVerbLine=\count90
\FV@StepNumber=\count91
\FV@OutFile=\write4
) (/usr/share/texlive/texmf-dist/tex/latex/psnfss/mathptmx.sty
Package: mathptmx 2005/04/12 PSNFSS-v9.2a Times w/ Math, improved (SPQR, WaS) 
LaTeX Font Info:    Redeclaring symbol font `operators' on input line 28.
LaTeX Font Info:    Overwriting symbol font `operators' in version `normal'
(Font)                  OT1/cmr/m/n --> OT1/ztmcm/m/n on input line 28.
LaTeX Font Info:    Overwriting symbol font `operators' in version `bold'
(Font)                  OT1/cmr/bx/n --> OT1/ztmcm/m/n on input line 28.
LaTeX Font Info:    Redeclaring symbol font `letters' on input line 29.
LaTeX Font Info:    Overwriting symbol font `letters' in version `normal'
(Font)                  OML/cmm/m/it --> OML/ztmcm/m/it on input line 29.
LaTeX Font Info:    Overwriting symbol font `letters' in version `bold'
(Font)                  OML/cmm/b/it --> OML/ztmcm/m/it on input line 29.
LaTeX Font Info:    Redeclaring symbol font `symbols' on input line 30.
LaTeX Font Info:    Overwriting symbol font `symbols' in version `normal'
(Font)                  OMS/cmsy/m/n --> OMS/ztmcm/m/n on input line 30.
LaTeX Font Info:    Overwriting symbol font `symbols' in version `bold'
(Font)                  OMS/cmsy/b/n --> OMS/ztmcm/m/n on input line 30.
LaTeX Font Info:    Redeclaring symbol font `largesymbols' on input line 31.
LaTeX Font Info:    Overwriting symbol font `largesymbols' in version `normal'
(Font)                  OMX/cmex/m/n --> OMX/ztmcm/m/n on input line 31.
LaTeX Font Info:    Overwriting symbol font `largesymbols' in version `bold'
(Font)                  OMX/cmex/m/n --> OMX/ztmcm/m/n on input line 31.
\symbold=\mathgroup6
\symitalic=\mathgroup7
LaTeX Font Info:    Redeclaring math alphabet \mathbf on input line 34.
LaTeX Font Info:    Overwriting math alphabet `\mathbf' in version `normal'
(Font)                  OT1/cmr/bx/n --> OT1/ptm/bx/n on input line 34.
LaTeX Font Info:    Overwriting math alphabet `\mathbf' in version `bold'
(Font)                  OT1/cmr/bx/n --> OT1/ptm/bx/n on input line 34.
LaTeX Font Info:    Redeclaring math alphabet \mathit on input line 35.
LaTeX Font Info:    Overwriting math alphabet `\mathit' in version `normal'
(Font)                  OT1/cmr/m/it --> OT1/ptm/m/it on input line 35.
LaTeX Font Info:    Overwriting math alphabet `\mathit' in version `bold'
(Font)                  OT1/cmr/bx/it --> OT1/ptm/m/it on input line 35.
LaTeX Info: Redefining \hbar on input line 50.
)
(/usr/share/texlive/texmf-dist/tex/latex/psnfss/helvet.sty
Package: helvet 2005/04/12 PSNFSS-v9.2a (WaS) 
)
(/usr/share/texlive/texmf-dist/tex/latex/base/fontenc.sty
Package: fontenc 2005/09/27 v1.99g Standard LaTeX package

(/usr/share/texlive/texmf-dist/tex/latex/base/t1enc.def
File: t1enc.def 2005/09/27 v1.99g Standard LaTeX file
LaTeX Font Info:    Redeclaring font encoding T1 on input line 43.
))
(/usr/share/texlive/texmf-dist/tex/latex/base/textcomp.sty
Package: textcomp 2005/09/27 v1.99g Standard LaTeX package
Package textcomp Info: Sub-encoding information:
(textcomp)               5 = only ISO-Adobe without \textcurrency
(textcomp)               4 = 5 + \texteuro
(textcomp)               3 = 4 + \textohm
(textcomp)               2 = 3 + \textestimated + \textcurrency
(textcomp)               1 = TS1 - \textcircled - \t
(textcomp)               0 = TS1 (full)
(textcomp)             Font families with sub-encoding setting implement
(textcomp)             only a restricted character set as indicated.
(textcomp)             Family '?' is the default used for unknown fonts.
(textcomp)             See the documentation for details.
Package textcomp Info: Setting ? sub-encoding to TS1/1 on input line 71.

(/usr/share/texlive/texmf-dist/tex/latex/base/ts1enc.def
File: ts1enc.def 2001/06/05 v3.0e (jk/car/fm) Standard LaTeX file
)
LaTeX Info: Redefining \oldstylenums on input line 266.
Package textcomp Info: Setting cmr sub-encoding to TS1/0 on input line 281.
Package textcomp Info: Setting cmss sub-encoding to TS1/0 on input line 282.
Package textcomp Info: Setting cmtt sub-encoding to TS1/0 on input line 283.
Package textcomp Info: Setting cmvtt sub-encoding to TS1/0 on input line 284.
Package textcomp Info: Setting cmbr sub-encoding to TS1/0 on input line 285.
Package textcomp Info: Setting cmtl sub-encoding to TS1/0 on input line 286.
Package textcomp Info: Setting ccr sub-encoding to TS1/0 on input line 287.
Package textcomp Info: Setting ptm sub-encoding to TS1/4 on input line 288.
Package textcomp Info: Setting pcr sub-encoding to TS1/4 on input line 289.
Package textcomp Info: Setting phv sub-encoding to TS1/4 on input line 290.
Package textcomp Info: Setting ppl sub-encoding to TS1/3 on input line 291.
Package textcomp Info: Setting pag sub-encoding to TS1/4 on input line 292.
Package textcomp Info: Setting pbk sub-encoding to TS1/4 on input line 293.
Package textcomp Info: Setting pnc sub-encoding to TS1/4 on input line 294.
Package textcomp Info: Setting pzc sub-encoding to TS1/4 on input line 295.
Package textcomp Info: Setting bch sub-encoding to TS1/4 on input line 296.
Package textcomp Info: Setting put sub-encoding to TS1/5 on input line 297.
Package textcomp Info: Setting uag sub-encoding to TS1/5 on input line 298.
Package textcomp Info: Setting ugq sub-encoding to TS1/5 on input line 299.
Package textcomp Info: Setting ul8 sub-encoding to TS1/4 on input line 300.
Package textcomp Info: Setting ul9 sub-encoding to TS1/4 on input line 301.
Package textcomp Info: Setting augie sub-encoding to TS1/5 on input line 302.
Package textcomp Info: Setting dayrom sub-encoding to TS1/3 on input line 303.
Package textcomp Info: Setting dayroms sub-encoding to TS1/3 on input line 304.

Package textcomp Info: Setting pxr sub-encoding to TS1/0 on input line 305.
Package textcomp Info: Setting pxss sub-encoding to TS1/0 on input line 306.
Package textcomp Info: Setting pxtt sub-encoding to TS1/0 on input line 307.
Package textcomp Info: Setting txr sub-encoding to TS1/0 on input line 308.
Package textcomp Info: Setting txss sub-encoding to TS1/0 on input line 309.
Package textcomp Info: Setting txtt sub-encoding to TS1/0 on input line 310.
Package textcomp Info: Setting lmr sub-encoding to TS1/0 on input line 311.
Package textcomp Info: Setting lmdh sub-encoding to TS1/0 on input line 312.
Package textcomp Info: Setting lmss sub-encoding to TS1/0 on input line 313.
Package textcomp Info: Setting lmssq sub-encoding to TS1/0 on input line 314.
Package textcomp Info: Setting lmvtt sub-encoding to TS1/0 on input line 315.
Package textcomp Info: Setting qhv sub-encoding to TS1/0 on input line 316.
Package textcomp Info: Setting qag sub-encoding to TS1/0 on input line 317.
Package textcomp Info: Setting qbk sub-encoding to TS1/0 on input line 318.
Package textcomp Info: Setting qcr sub-encoding to TS1/0 on input line 319.
Package textcomp Info: Setting qcs sub-encoding to TS1/0 on input line 320.
Package textcomp Info: Setting qpl sub-encoding to TS1/0 on input line 321.
Package textcomp Info: Setting qtm sub-encoding to TS1/0 on input line 322.
Package textcomp Info: Setting qzc sub-encoding to TS1/0 on input line 323.
Package textcomp Info: Setting qhvc sub-encoding to TS1/0 on input line 324.
Package textcomp Info: Setting futs sub-encoding to TS1/4 on input line 325.
Package textcomp Info: Setting futx sub-encoding to TS1/4 on input line 326.
Package textcomp Info: Setting futj sub-encoding to TS1/4 on input line 327.
Package textcomp Info: Setting hlh sub-encoding to TS1/3 on input line 328.
Package textcomp Info: Setting hls sub-encoding to TS1/3 on input line 329.
Package textcomp Info: Setting hlst sub-encoding to TS1/3 on input line 330.
Package textcomp Info: Setting hlct sub-encoding to TS1/5 on input line 331.
Package textcomp Info: Setting hlx sub-encoding to TS1/5 on input line 332.
Package textcomp Info: Setting hlce sub-encoding to TS1/5 on input line 333.
Package textcomp Info: Setting hlcn sub-encoding to TS1/5 on input line 334.
Package textcomp Info: Setting hlcw sub-encoding to TS1/5 on input line 335.
Package textcomp Info: Setting hlcf sub-encoding to TS1/5 on input line 336.
Package textcomp Info: Setting pplx sub-encoding to TS1/3 on input line 337.
Package textcomp Info: Setting pplj sub-encoding to TS1/3 on input line 338.
Package textcomp Info: Setting ptmx sub-encoding to TS1/4 on input line 339.
Package textcomp Info: Setting ptmj sub-encoding to TS1/4 on input line 340.
)
(/usr/share/texlive/texmf-dist/tex/latex/hyperref/hyperref.sty
Package: hyperref 2012/11/06 v6.83m Hypertext links for LaTeX

(/usr/share/texlive/texmf-dist/tex/generic/oberdiek/hobsub-hyperref.sty
Package: hobsub-hyperref 2012/05/28 v1.13 Bundle oberdiek, subset hyperref (HO)


(/usr/share/texlive/texmf-dist/tex/generic/oberdiek/hobsub-generic.sty
Package: hobsub-generic 2012/05/28 v1.13 Bundle oberdiek, subset generic (HO)
Package: hobsub 2012/05/28 v1.13 Construct package bundles (HO)
Package hobsub Info: Skipping package `infwarerr' (already loaded).
Package hobsub Info: Skipping package `ltxcmds' (already loaded).
Package: ifluatex 2010/03/01 v1.3 Provides the ifluatex switch (HO)
Package ifluatex Info: LuaTeX not detected.
Package: ifvtex 2010/03/01 v1.5 Detect VTeX and its facilities (HO)
Package ifvtex Info: VTeX not detected.
Package: intcalc 2007/09/27 v1.1 Expandable calculations with integers (HO)
Package: ifpdf 2011/01/30 v2.3 Provides the ifpdf switch (HO)
Package ifpdf Info: pdfTeX in PDF mode is detected.
Package: etexcmds 2011/02/16 v1.5 Avoid name clashes with e-TeX commands (HO)
Package etexcmds Info: Could not find \expanded.
(etexcmds)             That can mean that you are not using pdfTeX 1.50 or
(etexcmds)             that some package has redefined \expanded.
(etexcmds)             In the latter case, load this package earlier.
Package: kvsetkeys 2012/04/25 v1.16 Key value parser (HO)
Package: kvdefinekeys 2011/04/07 v1.3 Define keys (HO)
Package: pdftexcmds 2011/11/29 v0.20 Utility functions of pdfTeX for LuaTeX (HO
)
Package pdftexcmds Info: LuaTeX not detected.
Package pdftexcmds Info: \pdf@primitive is available.
Package pdftexcmds Info: \pdf@ifprimitive is available.
Package pdftexcmds Info: \pdfdraftmode found.
Package: pdfescape 2011/11/25 v1.13 Implements pdfTeX's escape features (HO)
Package: bigintcalc 2012/04/08 v1.3 Expandable calculations on big integers (HO
)
Package: bitset 2011/01/30 v1.1 Handle bit-vector datatype (HO)
Package: uniquecounter 2011/01/30 v1.2 Provide unlimited unique counter (HO)
)
Package hobsub Info: Skipping package `hobsub' (already loaded).
Package: letltxmacro 2010/09/02 v1.4 Let assignment for LaTeX macros (HO)
Package: hopatch 2012/05/28 v1.2 Wrapper for package hooks (HO)
Package: xcolor-patch 2011/01/30 xcolor patch
Package: atveryend 2011/06/30 v1.8 Hooks at the very end of document (HO)
Package atveryend Info: \enddocument detected (standard20110627).
Package: atbegshi 2011/10/05 v1.16 At begin shipout hook (HO)
Package: refcount 2011/10/16 v3.4 Data extraction from label references (HO)
Package: hycolor 2011/01/30 v1.7 Color options for hyperref/bookmark (HO)
)
(/usr/share/texlive/texmf-dist/tex/generic/ifxetex/ifxetex.sty
Package: ifxetex 2010/09/12 v0.6 Provides ifxetex conditional
)
(/usr/share/texlive/texmf-dist/tex/latex/oberdiek/auxhook.sty
Package: auxhook 2011/03/04 v1.3 Hooks for auxiliary files (HO)
)
(/usr/share/texlive/texmf-dist/tex/latex/oberdiek/kvoptions.sty
Package: kvoptions 2011/06/30 v3.11 Key value format for package options (HO)
)
\@linkdim=\dimen103
\Hy@linkcounter=\count92
\Hy@pagecounter=\count93

(/usr/share/texlive/texmf-dist/tex/latex/hyperref/pd1enc.def
File: pd1enc.def 2012/11/06 v6.83m Hyperref: PDFDocEncoding definition (HO)
)
\Hy@SavedSpaceFactor=\count94

(/usr/share/texlive/texmf-dist/tex/latex/latexconfig/hyperref.cfg
File: hyperref.cfg 2002/06/06 v1.2 hyperref configuration of TeXLive
)

Package hyperref Warning: Unexpected value for option `pdftex'
(hyperref)                is ignored on input line 4319.

Package hyperref Info: Option `bookmarks' set `true' on input line 4319.

Package hyperref Warning: Option `a4paper' is no longer used.

Package hyperref Info: Option `colorlinks' set `true' on input line 4319.
Package hyperref Info: Option `breaklinks' set `true' on input line 4319.
Package hyperref Info: Hyper figures OFF on input line 4443.
Package hyperref Info: Link nesting OFF on input line 4448.
Package hyperref Info: Hyper index ON on input line 4451.
Package hyperref Info: Plain pages OFF on input line 4458.
Package hyperref Info: Backreferencing ON on input line 4461.
Package hyperref Info: Implicit mode ON; LaTeX internals redefined.
Package hyperref Info: Bookmarks ON on input line 4688.
(/usr/share/texlive/texmf-dist/tex/latex/hyperref/backref.sty
Package: backref 2012/07/25 v1.38 Bibliographical back referencing

(/usr/share/texlive/texmf-dist/tex/latex/oberdiek/rerunfilecheck.sty
Package: rerunfilecheck 2011/04/15 v1.7 Rerun checks for auxiliary files (HO)
Package uniquecounter Info: New unique counter `rerunfilecheck' on input line 2
82.
))
\c@Hy@tempcnt=\count95

(/usr/share/texlive/texmf-dist/tex/latex/url/url.sty
\Urlmuskip=\muskip10
Package: url 2013/09/16  ver 3.4  Verb mode for urls, etc.
)
LaTeX Info: Redefining \url on input line 5041.
\XeTeXLinkMargin=\dimen104
\Fld@menulength=\count96
\Field@Width=\dimen105
\Fld@charsize=\dimen106
Package hyperref Info: Hyper figures OFF on input line 6295.
Package hyperref Info: Link nesting OFF on input line 6300.
Package hyperref Info: Hyper index ON on input line 6303.
Package hyperref Info: backreferencing ON on input line 6308.
Package hyperref Info: Link coloring ON on input line 6313.
Package hyperref Info: Link coloring with OCG OFF on input line 6320.
Package hyperref Info: PDF/A mode OFF on input line 6325.
LaTeX Info: Redefining \ref on input line 6365.
LaTeX Info: Redefining \pageref on input line 6369.
\Hy@abspage=\count97
\c@Item=\count98
\c@Hfootnote=\count99
)

Package hyperref Message: Driver: hpdftex.

(/usr/share/texlive/texmf-dist/tex/latex/hyperref/hpdftex.def
File: hpdftex.def 2012/11/06 v6.83m Hyperref driver for pdfTeX
\Fld@listcount=\count100
\c@bookmark@seq@number=\count101
\Hy@SectionHShift=\skip43
)
\pagenrlog=\write5
\openout5 = `simpcomp.pnr'.


(/usr/share/texlive/texmf-dist/tex/latex/enumitem/enumitem.sty
Package: enumitem 2011/09/28 v3.5.2 Customized lists
\labelindent=\skip44
\enit@outerparindent=\dimen107
\enit@toks=\toks18
\enit@inbox=\box27
\enitdp@description=\count102
)
(/usr/share/texlive/texmf-dist/tex/latex/amsmath/amsmath.sty
Package: amsmath 2013/01/14 v2.14 AMS math features
\@mathmargin=\skip45

For additional information on amsmath, use the `?' option.
(/usr/share/texlive/texmf-dist/tex/latex/amsmath/amstext.sty
Package: amstext 2000/06/29 v2.01

(/usr/share/texlive/texmf-dist/tex/latex/amsmath/amsgen.sty
File: amsgen.sty 1999/11/30 v2.0
\@emptytoks=\toks19
\ex@=\dimen108
))
(/usr/share/texlive/texmf-dist/tex/latex/amsmath/amsbsy.sty
Package: amsbsy 1999/11/29 v1.2d
\pmbraise@=\dimen109
)
(/usr/share/texlive/texmf-dist/tex/latex/amsmath/amsopn.sty
Package: amsopn 1999/12/14 v2.01 operator names
)
\inf@bad=\count103
LaTeX Info: Redefining \frac on input line 210.
\uproot@=\count104
\leftroot@=\count105
LaTeX Info: Redefining \overline on input line 306.
\classnum@=\count106
\DOTSCASE@=\count107
LaTeX Info: Redefining \ldots on input line 378.
LaTeX Info: Redefining \dots on input line 381.
LaTeX Info: Redefining \cdots on input line 466.
\Mathstrutbox@=\box28
\strutbox@=\box29
\big@size=\dimen110
LaTeX Font Info:    Redeclaring font encoding OML on input line 566.
LaTeX Font Info:    Redeclaring font encoding OMS on input line 567.
\macc@depth=\count108
\c@MaxMatrixCols=\count109
\dotsspace@=\muskip11
\c@parentequation=\count110
\dspbrk@lvl=\count111
\tag@help=\toks20
\row@=\count112
\column@=\count113
\maxfields@=\count114
\andhelp@=\toks21
\eqnshift@=\dimen111
\alignsep@=\dimen112
\tagshift@=\dimen113
\tagwidth@=\dimen114
\totwidth@=\dimen115
\lineht@=\dimen116
\@envbody=\toks22
\multlinegap=\skip46
\multlinetaggap=\skip47
\mathdisplay@stack=\toks23
LaTeX Info: Redefining \[ on input line 2665.
LaTeX Info: Redefining \] on input line 2666.
)
(/usr/share/texlive/texmf-dist/tex/latex/graphics/graphicx.sty
Package: graphicx 1999/02/16 v1.0f Enhanced LaTeX Graphics (DPC,SPQR)

(/usr/share/texlive/texmf-dist/tex/latex/graphics/graphics.sty
Package: graphics 2009/02/05 v1.0o Standard LaTeX Graphics (DPC,SPQR)

(/usr/share/texlive/texmf-dist/tex/latex/graphics/trig.sty
Package: trig 1999/03/16 v1.09 sin cos tan (DPC)
)
(/etc/texmf/tex/latex/config/graphics.cfg
File: graphics.cfg 2009/08/28 v1.8 graphics configuration of TeX Live
)
Package graphics Info: Driver file: pdftex.def on input line 91.
)
\Gin@req@height=\dimen117
\Gin@req@width=\dimen118
)
(/usr/share/texlive/texmf-dist/tex/latex/mnsymbol/MnSymbol.sty
Package: MnSymbol 2007/01/21 v1.4 support for the MnSymbol font
LaTeX Info: Redefining \dagger on input line 84.
LaTeX Info: Redefining \ddagger on input line 84.
LaTeX Info: Redefining \mathparagraph on input line 84.
LaTeX Info: Redefining \mathsection on input line 84.
LaTeX Info: Redefining \mathdollar on input line 84.
LaTeX Info: Redefining \mathsterling on input line 84.
LaTeX Info: Redefining \yen on input line 84.
LaTeX Info: Redefining \circledR on input line 84.
LaTeX Info: Redefining \circledS on input line 84.
LaTeX Info: Redefining \Re on input line 84.
LaTeX Info: Redefining \Im on input line 84.
LaTeX Info: Redefining \dotplus on input line 84.
LaTeX Info: Redefining \thicksim on input line 84.
LaTeX Info: Redefining \thickapprox on input line 84.
LaTeX Info: Redefining \veebar on input line 84.
LaTeX Info: Redefining \barwedge on input line 84.
LaTeX Info: Redefining \doublebarwedge on input line 84.
LaTeX Info: Redefining \centerdot on input line 84.
LaTeX Info: Redefining \divideontimes on input line 84.
\symMnSyA=\mathgroup8
\symMnSyB=\mathgroup9
\symMnSyC=\mathgroup10
\symMnSyD=\mathgroup11
LaTeX Font Info:    Redeclaring symbol font `largesymbols' on input line 119.
LaTeX Font Info:    Overwriting symbol font `largesymbols' in version `normal'
(Font)                  OMX/ztmcm/m/n --> OMX/MnSymbolE/m/n on input line 119.
LaTeX Font Info:    Overwriting symbol font `largesymbols' in version `bold'
(Font)                  OMX/ztmcm/m/n --> OMX/MnSymbolE/m/n on input line 119.
LaTeX Font Info:    Redeclaring symbol font `symbols' on input line 120.
LaTeX Font Info:    Encoding `OMS' has changed to `U' for symbol font
(Font)              `symbols' in the math version `normal' on input line 120.
LaTeX Font Info:    Overwriting symbol font `symbols' in version `normal'
(Font)                  OMS/ztmcm/m/n --> U/MnSymbolF/m/n on input line 120.
LaTeX Font Info:    Encoding `OMS' has changed to `U' for symbol font
(Font)              `symbols' in the math version `bold' on input line 120.
LaTeX Font Info:    Overwriting symbol font `symbols' in version `bold'
(Font)                  OMS/ztmcm/m/n --> U/MnSymbolF/m/n on input line 120.
LaTeX Font Info:    Overwriting symbol font `MnSyA' in version `bold'
(Font)                  U/MnSymbolA/m/n --> U/MnSymbolA/b/n on input line 121.
LaTeX Font Info:    Overwriting symbol font `MnSyB' in version `bold'
(Font)                  U/MnSymbolB/m/n --> U/MnSymbolB/b/n on input line 122.
LaTeX Font Info:    Overwriting symbol font `MnSyC' in version `bold'
(Font)                  U/MnSymbolC/m/n --> U/MnSymbolC/b/n on input line 123.
LaTeX Font Info:    Overwriting symbol font `MnSyD' in version `bold'
(Font)                  U/MnSymbolD/m/n --> U/MnSymbolD/b/n on input line 124.
LaTeX Font Info:    Overwriting symbol font `largesymbols' in version `bold'
(Font)                  OMX/MnSymbolE/m/n --> OMX/MnSymbolE/b/n on input line 1
25.
LaTeX Font Info:    Overwriting symbol font `symbols' in version `bold'
(Font)                  U/MnSymbolF/m/n --> U/MnSymbolF/b/n on input line 126.
LaTeX Font Info:    Redeclaring math alphabet \mathcal on input line 241.
LaTeX Font Info:    Overwriting math alphabet `\mathcal' in version `bold'
(Font)                  OMS/MnSymbolS/m/n --> OMS/MnSymbolS/b/n on input line 2
41.
LaTeX Info: Redefining \longrightarrow on input line 548.
LaTeX Info: Redefining \longleftarrow on input line 549.
LaTeX Info: Redefining \longleftrightarrow on input line 550.
LaTeX Info: Redefining \Longrightarrow on input line 551.
LaTeX Info: Redefining \Longleftarrow on input line 552.
LaTeX Info: Redefining \Longleftrightarrow on input line 553.
LaTeX Info: Redefining \longmapsto on input line 554.
LaTeX Info: Redefining \vdots on input line 868.
LaTeX Font Info:    Redeclaring math symbol \braceld on input line 1721.
LaTeX Font Info:    Redeclaring math symbol \bracelu on input line 1722.
LaTeX Font Info:    Redeclaring math symbol \bracerd on input line 1723.
LaTeX Font Info:    Redeclaring math symbol \braceru on input line 1724.
LaTeX Info: Redefining \downbracefill on input line 1799.
LaTeX Info: Redefining \upbracefill on input line 1800.
LaTeX Info: Redefining \overbrace on input line 1819.
LaTeX Info: Redefining \underbrace on input line 1820.
LaTeX Info: Redefining \surd on input line 1843.
LaTeX Font Info:    Redeclaring math accent \widehat on input line 1845.
LaTeX Font Info:    Redeclaring math accent \widetilde on input line 1846.
LaTeX Font Info:    Redeclaring math accent \vec on input line 1848.
)
(/usr/share/texlive/texmf-dist/tex/latex/tools/longtable.sty
Package: longtable 2004/02/01 v4.11 Multi-page Table package (DPC)
\LTleft=\skip48
\LTright=\skip49
\LTpre=\skip50
\LTpost=\skip51
\LTchunksize=\count115
\LTcapwidth=\dimen119
\LT@head=\box30
\LT@firsthead=\box31
\LT@foot=\box32
\LT@lastfoot=\box33
\LT@cols=\count116
\LT@rows=\count117
\c@LT@tables=\count118
\c@LT@chunks=\count119
\LT@p@ftn=\toks24
)
Package color Info: Redefining color FuncColor on input line 85.
Package color Info: Redefining color RoyalGreen on input line 86.
Package color Info: Redefining color RoyalRed on input line 87.
Package color Info: Redefining color RoyalBlue on input line 88.
Package color Info: Redefining color LightBlue on input line 89.
Package color Info: Redefining color Chapter  on input line 90.
 (./simpcomp.aux

LaTeX Warning: Label `SCFacets' multiply defined.


LaTeX Warning: Label `SCFacetsEx' multiply defined.


LaTeX Warning: Label `SCCopy' multiply defined.


LaTeX Warning: Label `SCConnectedComponents' multiply defined.


LaTeX Warning: Label `SCDim' multiply defined.


LaTeX Warning: Label `SCEulerCharacteristic' multiply defined.


LaTeX Warning: Label `SCFVector' multiply defined.


LaTeX Warning: Label `SCFaceLattice' multiply defined.


LaTeX Warning: Label `SCFaceLatticeEx' multiply defined.


LaTeX Warning: Label `SCFpBettiNumbers' multiply defined.


LaTeX Warning: Label `SCIsConnected' multiply defined.


LaTeX Warning: Label `SCIsEmpty' multiply defined.


LaTeX Warning: Label `SCIsOrientable' multiply defined.


LaTeX Warning: Label `SCSkel' multiply defined.


LaTeX Warning: Label `SCSkelEx' multiply defined.


LaTeX Warning: Label `SCUnion' multiply defined.


LaTeX Warning: Label `SCHomology' multiply defined.


LaTeX Warning: Label `SCExportPolymake' multiply defined.

)
\openout1 = `simpcomp.aux'.

LaTeX Font Info:    Checking defaults for OML/cmm/m/it on input line 99.
LaTeX Font Info:    ... okay on input line 99.
LaTeX Font Info:    Checking defaults for T1/cmr/m/n on input line 99.
LaTeX Font Info:    ... okay on input line 99.
LaTeX Font Info:    Checking defaults for OT1/cmr/m/n on input line 99.
LaTeX Font Info:    ... okay on input line 99.
LaTeX Font Info:    Checking defaults for OMS/cmsy/m/n on input line 99.
LaTeX Font Info:    ... okay on input line 99.
LaTeX Font Info:    Checking defaults for OMX/cmex/m/n on input line 99.
LaTeX Font Info:    ... okay on input line 99.
LaTeX Font Info:    Checking defaults for U/cmr/m/n on input line 99.
LaTeX Font Info:    ... okay on input line 99.
LaTeX Font Info:    Checking defaults for TS1/cmr/m/n on input line 99.
LaTeX Font Info:    Try loading font information for TS1+cmr on input line 99.
 (/usr/share/texlive/texmf-dist/tex/latex/base/ts1cmr.fd
File: ts1cmr.fd 1999/05/25 v2.5h Standard LaTeX font definitions
)
LaTeX Font Info:    ... okay on input line 99.
LaTeX Font Info:    Checking defaults for PD1/pdf/m/n on input line 99.
LaTeX Font Info:    ... okay on input line 99.
LaTeX Font Info:    Try loading font information for T1+ptm on input line 99.

(/usr/share/texlive/texmf-dist/tex/latex/psnfss/t1ptm.fd
File: t1ptm.fd 2001/06/04 font definitions for T1/ptm.
)
(/usr/share/texlive/texmf-dist/tex/context/base/supp-pdf.mkii
[Loading MPS to PDF converter (version 2006.09.02).]
\scratchcounter=\count120
\scratchdimen=\dimen120
\scratchbox=\box34
\nofMPsegments=\count121
\nofMParguments=\count122
\everyMPshowfont=\toks25
\MPscratchCnt=\count123
\MPscratchDim=\dimen121
\MPnumerator=\count124
\makeMPintoPDFobject=\count125
\everyMPtoPDFconversion=\toks26
)
\AtBeginShipoutBox=\box35
Package hyperref Info: Link coloring ON on input line 99.
 (/usr/share/texlive/texmf-dist/tex/latex/hyperref/nameref.sty
Package: nameref 2012/10/27 v2.43 Cross-referencing by name of section

(/usr/share/texlive/texmf-dist/tex/generic/oberdiek/gettitlestring.sty
Package: gettitlestring 2010/12/03 v1.4 Cleanup title references (HO)
)
\c@section@level=\count126
)
LaTeX Info: Redefining \ref on input line 99.
LaTeX Info: Redefining \pageref on input line 99.
LaTeX Info: Redefining \nameref on input line 99.

(./simpcomp.out) (./simpcomp.out)
\@outlinefile=\write6
\openout6 = `simpcomp.out'.

LaTeX Font Info:    Font shape `T1/ptm/bx/n' in size <50> not available
(Font)              Font shape `T1/ptm/b/n' tried instead on input line 105.
LaTeX Font Info:    Try loading font information for T1+phv on input line 105.

(/usr/share/texlive/texmf-dist/tex/latex/psnfss/t1phv.fd
File: t1phv.fd 2001/06/04 scalable font definitions for T1/phv.
)
LaTeX Font Info:    Font shape `T1/phv/bx/n' in size <50> not available
(Font)              Font shape `T1/phv/b/n' tried instead on input line 105.
LaTeX Font Info:    Font shape `T1/ptm/bx/n' in size <24.88> not available
(Font)              Font shape `T1/ptm/b/n' tried instead on input line 110.
LaTeX Font Info:    Font shape `T1/phv/bx/n' in size <24.88> not available
(Font)              Font shape `T1/phv/b/n' tried instead on input line 110.

<figures/shrimpmanual.pdf, id=351, 271.0125pt x 174.6525pt>
File: figures/shrimpmanual.pdf Graphic file (type pdf)

<use figures/shrimpmanual.pdf>
Package pdftex.def Info: figures/shrimpmanual.pdf used on input line 115.
(pdftex.def)             Requested size: 177.05879pt x 114.10907pt.
LaTeX Font Info:    Font shape `T1/ptm/bx/n' in size <14.4> not available
(Font)              Font shape `T1/ptm/b/n' tried instead on input line 117.
LaTeX Font Info:    Font shape `T1/ptm/bx/n' in size <10> not available
(Font)              Font shape `T1/ptm/b/n' tried instead on input line 124.
LaTeX Font Info:    Try loading font information for T1+cmtt on input line 124.


(/usr/share/texlive/texmf-dist/tex/latex/base/t1cmtt.fd
File: t1cmtt.fd 1999/05/25 v2.5h Standard LaTeX font definitions
)
Underfull \hbox (badness 10000) in paragraph at lines 122--137

 []

[1

{/var/lib/texmf/fonts/map/pdftex/updmap/pdftex.map} <./figures/shrimpmanual.pdf
>]
LaTeX Font Info:    Try loading font information for OT1+ztmcm on input line 14
5.
 (/usr/share/texlive/texmf-dist/tex/latex/psnfss/ot1ztmcm.fd
File: ot1ztmcm.fd 2000/01/03 Fontinst v1.801 font definitions for OT1/ztmcm.
)
LaTeX Font Info:    Try loading font information for OML+ztmcm on input line 14
5.

(/usr/share/texlive/texmf-dist/tex/latex/psnfss/omlztmcm.fd
File: omlztmcm.fd 2000/01/03 Fontinst v1.801 font definitions for OML/ztmcm.
)
LaTeX Font Info:    Try loading font information for OT1+ptm on input line 145.


(/usr/share/texlive/texmf-dist/tex/latex/psnfss/ot1ptm.fd
File: ot1ptm.fd 2001/06/04 font definitions for OT1/ptm.
)
LaTeX Font Info:    Font shape `OT1/ptm/bx/n' in size <10> not available
(Font)              Font shape `OT1/ptm/b/n' tried instead on input line 145.
LaTeX Font Info:    Font shape `OT1/ptm/bx/n' in size <7.4> not available
(Font)              Font shape `OT1/ptm/b/n' tried instead on input line 145.
LaTeX Font Info:    Font shape `OT1/ptm/bx/n' in size <6> not available
(Font)              Font shape `OT1/ptm/b/n' tried instead on input line 145.

Underfull \hbox (badness 10000) in paragraph at lines 143--164

 []

LaTeX Font Info:    Try loading font information for TS1+ptm on input line 166.

(/usr/share/texlive/texmf-dist/tex/latex/psnfss/ts1ptm.fd
File: ts1ptm.fd 2001/06/04 font definitions for TS1/ptm.
)
Underfull \hbox (badness 10000) in paragraph at lines 171--174

 []


Underfull \hbox (badness 10000) in paragraph at lines 185--186

 []

[2] [3] (./simpcomp.toc
LaTeX Font Info:    Font shape `T1/ptm/bx/n' in size <10.95> not available
(Font)              Font shape `T1/ptm/b/n' tried instead on input line 1.
LaTeX Font Info:    Font shape `OT1/ptm/bx/n' in size <10.95> not available
(Font)              Font shape `OT1/ptm/b/n' tried instead on input line 2.
LaTeX Font Info:    Font shape `OT1/ptm/bx/n' in size <8> not available
(Font)              Font shape `OT1/ptm/b/n' tried instead on input line 2.
LaTeX Font Info:    Font shape `T1/phv/bx/n' in size <10.95> not available
(Font)              Font shape `T1/phv/b/n' tried instead on input line 18.
LaTeX Font Info:    Font shape `T1/cmtt/bx/n' in size <10.95> not available
(Font)              Font shape `T1/cmtt/m/n' tried instead on input line 20.
 [4

] [5])
\tf@toc=\write7
\openout7 = `simpcomp.toc'.

 [6]
Chapter 1.
LaTeX Font Info:    Font shape `T1/ptm/bx/n' in size <20.74> not available
(Font)              Font shape `T1/ptm/b/n' tried instead on input line 194.
LaTeX Font Info:    Font shape `T1/phv/bx/n' in size <14.4> not available
(Font)              Font shape `T1/phv/b/n' tried instead on input line 229.
[7

]
Underfull \hbox (badness 1546) in paragraph at lines 266--268
[]\T1/ptm/m/n/10.95 The next ad-vised step is to have a look at the func-tions 
for cre-at-ing ob-jects of type
 []

[8]
Underfull \hbox (badness 1521) in paragraph at lines 291--292
[]\T1/ptm/m/n/10.95 In Chap-ter [][]10[][] sim-pli-cial blowups and res-o-lu-ti
ons of sin-gu-lar-i-ties of com-bi-na-to-rial $\OT1/ztmcm/m/n/10.95 4$\T1/ptm/m
/n/10.95 -
 []


Underfull \hbox (badness 1024) in paragraph at lines 296--297
[]\T1/ptm/m/n/10.95 Chapter [][]16[][] con-tains a list of all prop-erty han-dl
ers al-low-ing to ac-cess prop-er-ties of a
 []

LaTeX Font Info:    Font shape `T1/cmtt/bx/n' in size <10> not available
(Font)              Font shape `T1/cmtt/m/n' tried instead on input line 315.
[9] [10]
Chapter 2.
<figures/platonicsolids1.pdf, id=582, 90.3375pt x 93.34875pt>
File: figures/platonicsolids1.pdf Graphic file (type pdf)

<use figures/platonicsolids1.pdf>
Package pdftex.def Info: figures/platonicsolids1.pdf used on input line 392.
(pdftex.def)             Requested size: 56.9055pt x 58.80289pt.

<figures/platonicsolids2.pdf, id=583, 113.42375pt x 114.4275pt>
File: figures/platonicsolids2.pdf Graphic file (type pdf)

<use figures/platonicsolids2.pdf>
Package pdftex.def Info: figures/platonicsolids2.pdf used on input line 393.
(pdftex.def)             Requested size: 56.9055pt x 57.40915pt.

<figures/platonicsolids3.pdf, id=584, 114.4275pt x 114.4275pt>
File: figures/platonicsolids3.pdf Graphic file (type pdf)

<use figures/platonicsolids3.pdf>
Package pdftex.def Info: figures/platonicsolids3.pdf used on input line 394.
(pdftex.def)             Requested size: 56.9055pt x 56.90456pt.

<figures/platonicsolids4.pdf, id=585, 240.9pt x 225.84375pt>
File: figures/platonicsolids4.pdf Graphic file (type pdf)

<use figures/platonicsolids4.pdf>
Package pdftex.def Info: figures/platonicsolids4.pdf used on input line 395.
(pdftex.def)             Requested size: 56.9055pt x 53.34897pt.

<figures/platonicsolids5.pdf, id=586, 211.79124pt x 228.855pt>
File: figures/platonicsolids5.pdf Graphic file (type pdf)

<use figures/platonicsolids5.pdf>
Package pdftex.def Info: figures/platonicsolids5.pdf used on input line 396.
(pdftex.def)             Requested size: 56.9055pt x 61.48785pt.

<figures/skelcube.pdf, id=587, 335.2525pt x 103.38625pt>
File: figures/skelcube.pdf Graphic file (type pdf)

<use figures/skelcube.pdf>
Package pdftex.def Info: figures/skelcube.pdf used on input line 400.
(pdftex.def)             Requested size: 227.62204pt x 70.19443pt.
 [11

 <./figures/platonicsolids1.pdf> <./figures/platonicsolids2.pdf> <./figures/pla
tonicsolids3.pdf> <./figures/platonicsolids4.pdf> <./figures/platonicsolids5.pd
f>]
<figures/cubecomplex.pdf, id=614, 235.88126pt x 106.3975pt>
File: figures/cubecomplex.pdf Graphic file (type pdf)

<use figures/cubecomplex.pdf>
Package pdftex.def Info: figures/cubecomplex.pdf used on input line 411.
(pdftex.def)             Requested size: 227.62204pt x 102.67293pt.

<figures/simplices.pdf, id=615, 624.3325pt x 122.4575pt>
File: figures/simplices.pdf Graphic file (type pdf)

<use figures/simplices.pdf>
Package pdftex.def Info: figures/simplices.pdf used on input line 424.
(pdftex.def)             Requested size: 284.52756pt x 55.80792pt.

<figures/simplcompl.pdf, id=616, 281.05pt x 121.45375pt>
File: figures/simplcompl.pdf Graphic file (type pdf)

<use figures/simplcompl.pdf>
Package pdftex.def Info: figures/simplcompl.pdf used on input line 432.
(pdftex.def)             Requested size: 263.36363pt x 113.81102pt.
 [12 <./figures/skelcube.pdf> <./figures/cubecomplex.pdf> <./figures/simplices.
pdf>]
<figures/hasse_complex.pdf, id=629, 95.35625pt x 83.31125pt>
File: figures/hasse_complex.pdf Graphic file (type pdf)

<use figures/hasse_complex.pdf>
Package pdftex.def Info: figures/hasse_complex.pdf used on input line 456.
(pdftex.def)             Requested size: 113.9904pt x 99.58464pt.

<figures/hasse_diagram.pdf, id=630, 264.99pt x 90.3375pt>
File: figures/hasse_diagram.pdf Graphic file (type pdf)

<use figures/hasse_diagram.pdf>
Package pdftex.def Info: figures/hasse_diagram.pdf used on input line 457.
(pdftex.def)             Requested size: 292.11662pt x 99.58464pt.

<figures/moebius.pdf, id=631, 187.70125pt x 190.7125pt>
File: figures/moebius.pdf Graphic file (type pdf)

<use figures/moebius.pdf>
Package pdftex.def Info: figures/moebius.pdf used on input line 468.
(pdftex.def)             Requested size: 217.83957pt x 221.32687pt.
 [13 <./figures/simplcompl.pdf> <./figures/hasse_complex.pdf> <./figures/hasse_
diagram.pdf>]
Underfull \hbox (badness 10000) in paragraph at lines 502--515

 []


Underfull \hbox (badness 10000) in paragraph at lines 502--515

 []


Underfull \hbox (badness 10000) in paragraph at lines 502--515

 []


Underfull \hbox (badness 10000) in paragraph at lines 502--515

 []


Underfull \hbox (badness 1184) in paragraph at lines 502--515
\T1/ptm/m/n/10.95 The sec-ond au-thor has re-cently in-ves-ti-gated on the com-
bi-na-to-rial the-ory of dis-crete nor-mal
 []

[14 <./figures/moebius.pdf>] <figures/haken.pdf, id=868, 550.055pt x 273.02pt>
File: figures/haken.pdf Graphic file (type pdf)

<use figures/haken.pdf>
Package pdftex.def Info: figures/haken.pdf used on input line 519.
(pdftex.def)             Requested size: 354.12434pt x 175.77368pt.

Underfull \hbox (badness 10000) in paragraph at lines 529--560

 []


Underfull \hbox (badness 10000) in paragraph at lines 529--560

 []


Underfull \hbox (badness 10000) in paragraph at lines 529--560

 []


Underfull \hbox (badness 10000) in paragraph at lines 529--560

 []


Underfull \hbox (badness 10000) in paragraph at lines 529--560

 []


Underfull \hbox (badness 10000) in paragraph at lines 529--560

 []


Underfull \hbox (badness 10000) in paragraph at lines 529--560

 []


Underfull \hbox (badness 10000) in paragraph at lines 529--560

 []


Underfull \hbox (badness 10000) in paragraph at lines 529--560

 []

[15 <./figures/haken.pdf>]
<figures/slicing.pdf, id=899, 424.58624pt x 126.4725pt>
File: figures/slicing.pdf Graphic file (type pdf)

<use figures/slicing.pdf>
Package pdftex.def Info: figures/slicing.pdf used on input line 564.
(pdftex.def)             Requested size: 354.12434pt x 105.48932pt.
 [16]
<figures/3x3gridtorus.pdf, id=907, 246.9225pt x 207.77625pt>
File: figures/3x3gridtorus.pdf Graphic file (type pdf)

<use figures/3x3gridtorus.pdf>
Package pdftex.def Info: figures/3x3gridtorus.pdf used on input line 570.
(pdftex.def)             Requested size: 177.05879pt x 148.98688pt.

<figures/titlepicture.pdf, id=908, 290.08376pt x 287.0725pt>
File: figures/titlepicture.pdf Graphic file (type pdf)

<use figures/titlepicture.pdf>
Package pdftex.def Info: figures/titlepicture.pdf used on input line 575.
(pdftex.def)             Requested size: 221.32687pt x 219.03152pt.

Underfull \hbox (badness 10000) in paragraph at lines 585--589

 []


Underfull \hbox (badness 10000) in paragraph at lines 585--589

 []

[17 <./figures/slicing.pdf> <./figures/3x3gridtorus.pdf> <./figures/titlepictur
e.pdf>]
Underfull \hbox (badness 10000) in paragraph at lines 595--605

 []


Underfull \hbox (badness 10000) in paragraph at lines 605--630

 []


Underfull \hbox (badness 10000) in paragraph at lines 605--630

 []


Underfull \hbox (badness 10000) in paragraph at lines 605--630

 []


Underfull \hbox (badness 10000) in paragraph at lines 605--630

 []


Underfull \hbox (badness 10000) in paragraph at lines 605--630

 []


Underfull \hbox (badness 10000) in paragraph at lines 605--630

 []

[18]
Underfull \hbox (badness 10000) in paragraph at lines 636--661

 []


Underfull \hbox (badness 10000) in paragraph at lines 636--661

 []


Underfull \hbox (badness 10000) in paragraph at lines 636--661

 []


Underfull \hbox (badness 10000) in paragraph at lines 636--661

 []

[19] [20]
Chapter 3.

Underfull \hbox (badness 1221) in paragraph at lines 683--686
[]\T1/ptm/m/n/10.95 To re-al-ize its com-plex li-brary (see Sec-tion [][]13[][]
), \T1/phv/m/n/10.95 sim-p-comp \T1/ptm/m/n/10.95 de-fines a \T1/phv/m/n/10.95 
GAP \T1/ptm/m/n/10.95 ob-ject type
 []

LaTeX Font Info:    Font shape `T1/cmtt/bx/n' in size <14.4> not available
(Font)              Font shape `T1/cmtt/m/n' tried instead on input line 695.
[21

]
Underfull \hbox (badness 1014) in paragraph at lines 717--720
\T1/ptm/m/n/10.95 ob-ject. Apart from this (stan-dard) method of call-ing the p
rop-erty han-dlers di-rectly with a
 []

<figures/flowchart.pdf, id=1027, 428.60126pt x 228.855pt>
File: figures/flowchart.pdf Graphic file (type pdf)

<use figures/flowchart.pdf>
Package pdftex.def Info: figures/flowchart.pdf used on input line 741.
(pdftex.def)             Requested size: 442.65375pt x 236.35883pt.
 [22] [23 <./figures/flowchart.pdf>]
Chapter 4.
LaTeX Font Info:    Font shape `T1/cmtt/bx/n' in size <24.88> not available
(Font)              Font shape `T1/cmtt/m/n' tried instead on input line 748.
LaTeX Font Info:    Font shape `T1/ptm/bx/n' in size <12> not available
(Font)              Font shape `T1/ptm/b/n' tried instead on input line 768.
[24

] [25] [26] [27]
Underfull \hbox (badness 10000) in paragraph at lines 1086--1088
[]\T1/ptm/m/n/10.95 The func-tion is equiv-a-lent to \T1/cmtt/m/n/10.95 SCRelab
el \T1/ptm/m/n/10.95 ([][]4.2.6[][]) with [] $\U/MnSymbolD/m/n/10.95 ^^@
 []


Underfull \hbox (badness 10000) in paragraph at lines 1086--1088
\OMX/MnSymbolE/m/n/10.95 ^^@\OML/ztmcm/m/it/10.95 SCVertices\OMX/MnSymbolE/m/n/
10.95 ^^@\OT1/ztmcm/m/n/10.95 1\OMX/MnSymbolE/m/n/10.95 ^^E\OML/ztmcm/m/it/10.9
5 ; [] ; SCVertices\OMX/MnSymbolE/m/n/10.95 ^^@\OML/ztmcm/m/it/10.95 j\OMX/MnSy
mbolE/m/n/10.95 ^^E\OML/ztmcm/m/it/10.95 ; [] ; SCVertices\OMX/MnSymbolE/m/n/10
.95 ^^@\OML/ztmcm/m/it/10.95 i\OMX/MnSymbolE/m/n/10.95 ^^E\OML/ztmcm/m/it/10.95
 ; [] ; SCVertices\OMX/MnSymbolE/m/n/10.95 ^^@\OML/ztmcm/m/it/10.95 n\OMX/MnSym
bolE/m/n/10.95 ^^E^^E$ \T1/ptm/m/n/10.95 if [] $\U/MnSymbolD/m/n/10.95 ^^@
 []

[28] [29] [30] [31] [32] [33] [34]
Chapter 5.
[35

] [36] [37]
LaTeX Font Info:    Font shape `T1/cmtt/bx/n' in size <12> not available
(Font)              Font shape `T1/cmtt/m/n' tried instead on input line 1714.
 [38]
Underfull \hbox (badness 2478) in paragraph at lines 1810--1811
[]\T1/ptm/m/n/10.95 Forms the sim-pli-cial carte-sian prod-uct of [] and []. In
-ter-nally calls
 []

[39]
Underfull \hbox (badness 10000) in paragraph at lines 1865--1870
[]$\U/MnSymbolC/m/n/10.95 P$  \T1/cmtt/m/n/10.95 Operation Union (SCSimplicialC
omplex, SCSimplicialComplex)(\T1/cmtt/m/sl/10.95 complex1,
 []


Underfull \hbox (badness 10000) in paragraph at lines 1893--1898
[]$\U/MnSymbolC/m/n/10.95 P$  \T1/cmtt/m/n/10.95 Operation Difference (SCSimpli
cialComplex, SCSimplicialComplex)(\T1/cmtt/m/sl/10.95 complex1,
 []

[40] [41] [42] [43]
Underfull \hbox (badness 10000) in paragraph at lines 2185--2190
[]$\U/MnSymbolC/m/n/10.95 P$  \T1/cmtt/m/n/10.95 Operation Union (SCNormalSurfa
ce, SCNormalSurface)(\T1/cmtt/m/sl/10.95 complex1, complex2\T1/cmtt/m/n/10.95 )
[] []
 []

[44] [45]
Chapter 6.
[46

] [47] [48] [49] [50] [51] [52] [53] [54] [55] [56] [57] [58]
! Missing { inserted.
<to be read again> 
                   ##
l.3149 ...natorial manifold of type $(S^2 x S^1)^#
                                                  k$ for $k$ even. The compl...
A left brace was mandatory here, so I've put one in.
You might want to delete and/or insert some corrections
so that I will find a matching right brace soon.
(If you're confused by all this, try typing `I}' now.)

! You can't use `macro parameter character #' in math mode.
<recently read> ##
                  
l.3149 ...natorial manifold of type $(S^2 x S^1)^#
                                                  k$ for $k$ even. The compl...
Sorry, but I'm not programmed to handle this case;
I'll just pretend that you didn't ask for it.
If you're in the wrong mode, you might be able to
return to the right one by typing `I}' or `I$' or `I\par'.

! Missing } inserted.
<inserted text> 
                }
l.3149 ...torial manifold of type $(S^2 x S^1)^#k$
                                                   for $k$ even. The complex...
I've inserted something that you may have forgotten.
(See the <inserted text> above.)
With luck, this will get me unwedged. But if you
really didn't forget anything, try typing `2' now; then
my insertion and my current dilemma will both disappear.

[59]
Underfull \hbox (badness 1571) in paragraph at lines 3187--3188
[]\T1/cmtt/m/n/10.95 SCSeriesCSTSurface(l,j,2k) \T1/ptm/m/n/10.95 gen-er-ates t
he cen-trally sym-met-ric tran-si-tive (cst) sur-face
 []

[60] [61] [62] [63] [64] [65]
Underfull \hbox (badness 10000) in paragraph at lines 3598--3600
\T1/ptm/m/n/10.95 This $\OT1/ztmcm/m/n/10.95 3$\T1/ptm/m/n/10.95 -parameter fam
-ily of com-bi-na-to-rial $\OT1/ztmcm/m/n/10.95 3$\T1/ptm/m/n/10.95 -manifolds 
con-tains the fam-i-lies gen-er-ated
 []


Underfull \hbox (badness 10000) in paragraph at lines 3598--3600
\T1/ptm/m/n/10.95 by \T1/cmtt/m/n/10.95 SCSeriesHomologySphere \T1/ptm/m/n/10.9
5 ([][]6.4.10[][]), \T1/cmtt/m/n/10.95 SCSeriesConnectedSum \T1/ptm/m/n/10.95 (
[][]6.4.6[][]) and parts of
 []


Underfull \hbox (badness 10000) in paragraph at lines 3598--3600
\T1/cmtt/m/n/10.95 SCSeriesLensSpace \T1/ptm/m/n/10.95 ([][]6.4.15[][]), in-ter
-nally calls \T1/cmtt/m/n/10.95 SCIntFunc.SeifertFibredSpace(p,q,r)\T1/ptm/m/n/
10.95 .
 []

[66] [67] [68] [69] [70] [71]

Package amsmath Warning: Foreign command \atopwithdelims;
(amsmath)                \frac or \genfrac should be used instead
(amsmath)                 on input line 4020.

[72] [73]
Underfull \hbox (badness 7451) in paragraph at lines 4111--4112
[]\T1/ptm/m/n/10.95 If $\OML/ztmcm/m/it/10.95 n \U/MnSymbolD/m/n/10.95 C \OT1/z
tmcm/m/n/10.95 2$\T1/ptm/m/n/10.95 , the func-tion in-ter-nally calls $\OT1/ztm
cm/m/n/10.95 1\U/MnSymbolC/m/n/10.95 ^^U$ \T1/cmtt/m/n/10.95 SCConnectedSum \T1
/ptm/m/n/10.95 ([][]6.6.5[][]) and $\OMX/MnSymbolE/m/n/10.95 à\OML/ztmcm/m/it/1
0.95 n \U/MnSymbolC/m/n/10.95 ^^P \OT1/ztmcm/m/n/10.95 2\OMX/MnSymbolE/m/n/10.9
5 ç\U/MnSymbolC/m/n/10.95 ^^U$
 []

[74] [75] [76] [77]
Underfull \hbox (badness 10000) in paragraph at lines 4366--4371
[]$\U/MnSymbolC/m/n/10.95 P$  \T1/cmtt/m/n/10.95 SCsFromGroupExt(\T1/cmtt/m/sl/
10.95 G, n, d, objectType, cache, removeDoubleEntries, outfile,
 []

[78]
Underfull \hbox (badness 10000) in paragraph at lines 4429--4434
[]$\U/MnSymbolC/m/n/10.95 P$  \T1/cmtt/m/n/10.95 SCsFromGroupByTransitivity(\T1
/cmtt/m/sl/10.95 n, d, k, maniflag, computeAutGroup,
 []

[79] [80]
Underfull \hbox (badness 10000) in paragraph at lines 4620--4624
\T1/ptm/m/n/10.95 The fol-low-ing func-tions com-pute ba-sic prop-er-ties of si
m-pli-cial com-plexes of type
 []

[81] [82] [83] [84] [85] [86] [87]pdfTeX warning (ext4): destination with the s
ame identifier (name{L.X7BDD568184E3419D}) has been already used, duplicate ign
ored
<to be read again> 
                   \relax 
l.5148 \hyperdef{L}{X7BDD568184E3419D}{}
                                         [88]pdfTeX warning (ext4): destination
 with the same identifier (name{L.X87DC942881235E25}) has been already used, du
plicate ignored
<to be read again> 
                   \relax 
l.5170 \hyperdef{L}{X87DC942881235E25}{}
                                         [89] [90] [91] [92]
Underfull \hbox (badness 3557) in paragraph at lines 5475--5476
[]\T1/ptm/m/n/10.95 Computes the $\OML/ztmcm/m/it/10.95 h$\T1/ptm/m/n/10.95 -ve
ctor of a sim-pli-cial com-plex. The $\OML/ztmcm/m/it/10.95 h$\T1/ptm/m/n/10.95
 -vector is de-fined as $\OML/ztmcm/m/it/10.95 h[] \U/MnSymbolC/m/n/10.95 ^^B\U
/MnSymbolD/m/n/10.95 ^^@
 []

[93] [94] [95] [96] [97] [98] [99] [100] [101]
Underfull \hbox (badness 10000) in paragraph at lines 6145--6146
[]\T1/ptm/m/n/10.95 Computes all miss-ing proper faces of a sim-pli-cial com-pl
ex [] by call-ing
 []

[102] [103] [104] [105] [106] [107] [108] [109] [110] [111] [112] [113]
[114] [115] [116] [117] [118]
Chapter 7.
[119

] [120] [121]pdfTeX warning (ext4): destination with the same identifier (name{
L.X80F13BB484B3E9B2}) has been already used, duplicate ignored
<to be read again> 
                   \relax 
l.7421 \hyperdef{L}{X80F13BB484B3E9B2}{}
                                         [122]pdfTeX warning (ext4): destinatio
n with the same identifier (name{L.X82C9F57780C0B7F8}) has been already used, d
uplicate ignored
<to be read again> 
                   \relax 
l.7509 \hyperdef{L}{X82C9F57780C0B7F8}{}
                                         [123]pdfTeX warning (ext4): destinatio
n with the same identifier (name{L.X82351AAE793DCB68}) has been already used, d
uplicate ignored
<to be read again> 
                   \relax 
l.7569 \hyperdef{L}{X82351AAE793DCB68}{}
                                        pdfTeX warning (ext4): destination with
 the same identifier (name{L.X788BAE187D584103}) has been already used, duplica
te ignored
<to be read again> 
                   \relax 
l.7594 \hyperdef{L}{X788BAE187D584103}{}
                                         [124]pdfTeX warning (ext4): destinatio
n with the same identifier (name{L.X81F8071385FD9C1D}) has been already used, d
uplicate ignored
<to be read again> 
                   \relax 
l.7618 \hyperdef{L}{X81F8071385FD9C1D}{}
                                        pdfTeX warning (ext4): destination with
 the same identifier (name{L.X7F8B561C823DDDBA}) has been already used, duplica
te ignored
<to be read again> 
                   \relax 
l.7643 \hyperdef{L}{X7F8B561C823DDDBA}{}
                                        pdfTeX warning (ext4): destination with
 the same identifier (name{L.X7AE0029985BD0775}) has been already used, duplica
te ignored
<to be read again> 
                   \relax 
l.7677 \hyperdef{L}{X7AE0029985BD0775}{}
                                         [125]pdfTeX warning (ext4): destinatio
n with the same identifier (name{L.X79F60850875BB683}) has been already used, d
uplicate ignored
<to be read again> 
                   \relax 
l.7706 \hyperdef{L}{X79F60850875BB683}{}
                                         [126]pdfTeX warning (ext4): destinatio
n with the same identifier (name{L.X81AF20DC814B51A6}) has been already used, d
uplicate ignored
<to be read again> 
                   \relax 
l.7792 \hyperdef{L}{X81AF20DC814B51A6}{}
                                         [127]pdfTeX warning (ext4): destinatio
n with the same identifier (name{L.X860375D980E9A801}) has been already used, d
uplicate ignored
<to be read again> 
                   \relax 
l.7868 \hyperdef{L}{X860375D980E9A801}{}
                                        pdfTeX warning (ext4): destination with
 the same identifier (name{L.X78C860DC851167F7}) has been already used, duplica
te ignored
<to be read again> 
                   \relax 
l.7890 \hyperdef{L}{X78C860DC851167F7}{}
                                         [128]pdfTeX warning (ext4): destinatio
n with the same identifier (name{L.X8026B46F8236124D}) has been already used, d
uplicate ignored
<to be read again> 
                   \relax 
l.7927 \hyperdef{L}{X8026B46F8236124D}{}
                                        pdfTeX warning (ext4): destination with
 the same identifier (name{L.X84ACF7D580FE8B76}) has been already used, duplica
te ignored
<to be read again> 
                   \relax 
l.7964 \hyperdef{L}{X84ACF7D580FE8B76}{}
                                         [129] [130]pdfTeX warning (ext4): dest
ination with the same identifier (name{L.X81DA367A813F7599}) has been already u
sed, duplicate ignored
<to be read again> 
                   \relax 
l.8054 \hyperdef{L}{X81DA367A813F7599}{}
                                         [131] [132]
Chapter 8.

Underfull \hbox (badness 1052) in paragraph at lines 8126--8128
\T1/ptm/m/n/10.95 By de-fault, \T1/phv/m/n/10.95 sim-p-comp \T1/ptm/m/n/10.95 u
ses an al-go-rithm based on dis-crete Morse the-ory (see Chap-ter [][]12[][],
 []

[133

] [134] [135] [136] [137] [138] [139] [140]
Underfull \hbox (badness 3260) in paragraph at lines 8653--8655
[]\T1/ptm/m/n/10.95 Internally calls the \T1/phv/m/n/10.95 GAP\T1/ptm/m/n/10.95
 -functions \T1/cmtt/m/n/10.95 Matrix_CharacteristicPolynomialSameField \T1/ptm
/m/n/10.95 and
 []

[141] [142]
Chapter 9.

Underfull \hbox (badness 10000) in paragraph at lines 8699--8716

 []


Underfull \hbox (badness 4341) in paragraph at lines 8699--8716
\T1/ptm/m/n/10.95 Let $\OML/ztmcm/m/it/10.95 M$ \T1/ptm/m/n/10.95 be a com-bi-n
a-to-rial $\OML/ztmcm/m/it/10.95 d$\T1/ptm/m/n/10.95 -manifold ($\OML/ztmcm/m/i
t/10.95 d$\T1/ptm/m/n/10.95 -pseudomanifold), $\OML/ztmcm/m/it/10.95 ^^M \U/MnS
ymbolD/m/n/10.95 ^^@ \OMX/MnSymbolE/m/n/10.95 `\OML/ztmcm/m/it/10.95 v[]; [] ; 
v[]\OMX/MnSymbolE/m/n/10.95 e$ \T1/ptm/m/n/10.95 a $\OML/ztmcm/m/it/10.95 k$\T1
/ptm/m/n/10.95 -face and
 []


Underfull \hbox (badness 10000) in paragraph at lines 8699--8716

 []


Underfull \hbox (badness 10000) in paragraph at lines 8699--8716

 []


Underfull \hbox (badness 10000) in paragraph at lines 8699--8716

 []

<figures/bistellar.pdf, id=2192, 423.5825pt x 170.6375pt>
File: figures/bistellar.pdf Graphic file (type pdf)

<use figures/bistellar.pdf>
Package pdftex.def Info: figures/bistellar.pdf used on input line 8720.
(pdftex.def)             Requested size: 354.12434pt x 142.66275pt.
 [143

]
<figures/dreiFlips.pdf, id=2199, 578.16pt x 144.54pt>
File: figures/dreiFlips.pdf Graphic file (type pdf)

<use figures/dreiFlips.pdf>
Package pdftex.def Info: figures/dreiFlips.pdf used on input line 8727.
(pdftex.def)             Requested size: 442.65375pt x 110.66315pt.

Underfull \hbox (badness 10000) in paragraph at lines 8732--8745

 []


Underfull \hbox (badness 10000) in paragraph at lines 8732--8745

 []

[144 <./figures/bistellar.pdf> <./figures/dreiFlips.pdf>]
Underfull \hbox (badness 10000) in paragraph at lines 8777--8780

 []


Underfull \hbox (badness 10000) in paragraph at lines 8782--8784
[]\T1/ptm/m/n/10.95 Record of global vari-ables to ad-just out-put an be-hav-io
r of bis-tel-lar moves in
 []

[145]
Overfull \hbox (30.79868pt too wide) in paragraph at lines 8845--8846
[]\T1/ptm/m/n/10.95 Internally calls \T1/cmtt/m/n/10.95 SCReduceComplexEx \T1/p
tm/m/n/10.95 ([][]9.2.14[][]) \T1/cmtt/m/n/10.95 (complex1,complex2,1,SCIntFunc
.SCChooseMove); 
 []

[146] [147] [148]
Overfull \hbox (13.82356pt too wide) in paragraph at lines 9001--9002
[]\T1/ptm/m/n/10.95 Internally calls \T1/cmtt/m/n/10.95 SCReduceComplexEx \T1/p
tm/m/n/10.95 ([][]9.2.14[][]) \T1/cmtt/m/n/10.95 (link,SCEmpty(),0,SCIntFunc.SC
ChooseMove);
 []

[149] [150]
Underfull \hbox (badness 2027) in paragraph at lines 9162--9163
[]\T1/ptm/m/n/10.95 With op-tional pos-i-tive in-te-ger ar-gu-ment [], the amou
nt of ran-dom-iza-tion can be
 []


Underfull \hbox (badness 4024) in paragraph at lines 9162--9163
\T1/ptm/m/n/10.95 con-trolled. The higher the value of [], the more bis-tel-lar
 moves will be ran-
 []


Underfull \hbox (badness 3635) in paragraph at lines 9184--9189
[]\T1/ptm/b/n/10.95 Returns:  \T1/cmtt/m/n/10.95 SCBistellarOptions.WriteLevel=
0\T1/ptm/m/n/10.95 : a triple of the form \T1/cmtt/m/n/10.95 [ boolean,
 []

[151]
Overfull \hbox (30.79868pt too wide) in paragraph at lines 9206--9207
[]\T1/ptm/m/n/10.95 Internally calls \T1/cmtt/m/n/10.95 SCReduceComplexEx \T1/p
tm/m/n/10.95 ([][]9.2.14[][]) \T1/cmtt/m/n/10.95 (complex1,complex2,2,SCIntFunc
.SCChooseMove); 
 []


Underfull \hbox (badness 3635) in paragraph at lines 9227--9232
[]\T1/ptm/b/n/10.95 Returns:  \T1/cmtt/m/n/10.95 SCBistellarOptions.WriteLevel=
0\T1/ptm/m/n/10.95 : a triple of the form \T1/cmtt/m/n/10.95 [ boolean,
 []


Underfull \hbox (badness 10000) in paragraph at lines 9243--9245
[]\T1/ptm/m/n/10.95 Reduces a pure sim-pli-cial com-plex [] sat-is-fy-ing the w
eak pseu-do-man-
 []


Underfull \hbox (badness 10000) in paragraph at lines 9243--9245
\T1/ptm/m/n/10.95 i-fold prop-erty via bis-tel-lar moves. In-ter-nally calls \T
1/cmtt/m/n/10.95 SCReduceComplexEx \T1/ptm/m/n/10.95 ([][]9.2.14[][])
 []


Underfull \hbox (badness 3635) in paragraph at lines 9266--9271
[]\T1/ptm/b/n/10.95 Returns:  \T1/cmtt/m/n/10.95 SCBistellarOptions.WriteLevel=
0\T1/ptm/m/n/10.95 : a triple of the form \T1/cmtt/m/n/10.95 [ boolean,
 []

[152] [153] [154] [155]
Chapter 10.
pdfTeX warning (ext4): destination with the same identifier (name{L.X7E1BE67385
9191F0}) has been already used, duplicate ignored
<to be read again> 
                   \relax 
l.9402 \hyperdef{L}{X7E1BE673859191F0}{}
                                        pdfTeX warning (ext4): destination with
 the same identifier (name{L.X8729B87B848E3F89}) has been already used, duplica
te ignored
<to be read again> 
                   \relax 
l.9407 \hyperdef{L}{X8729B87B848E3F89}{}
                                        
Underfull \hbox (badness 6842) in paragraph at lines 9436--9437
[]\T1/ptm/m/n/10.95 If \T1/cmtt/m/n/10.95 singularity \T1/ptm/m/n/10.95 is an o
r-di-nary dou-ble point of a com-bi-na-to-rial $\OT1/ztmcm/m/n/10.95 4$\T1/ptm/
m/n/10.95 -pseudomanifold
 []

[156

] [157] [158]
Chapter 11.
[159

] [160] [161] [162] [163] [164] [165]
Chapter 12.
[166

] [167] [168] [169] [170]pdfTeX warning (ext4): destination with the same ident
ifier (name{L.X78D66254858CE901}) has been already used, duplicate ignored
<to be read again> 
                   \relax 
l.10333 \hyperdef{L}{X78D66254858CE901}{}
                                         
Underfull \hbox (badness 10000) in paragraph at lines 10342--10343
\T1/ptm/m/n/10.95 ([][]12.1.13[][]) to use al-ter-na-tive meth-ods to com-pute 
dis-crete Morse func-tions (such as
 []

[171] [172] [173] [174]
Chapter 13.

Underfull \hbox (badness 10000) in paragraph at lines 10585--10588

 []


Underfull \hbox (badness 2393) in paragraph at lines 10590--10592
[]\T1/ptm/m/n/10.95 The global vari-able \T1/cmtt/m/n/10.95 SCLib \T1/ptm/m/n/1
0.95 con-tains the li-brary ob-ject of the global li-brary of \T1/phv/m/n/10.95
 sim-p-
 []


Underfull \hbox (badness 1728) in paragraph at lines 10590--10592
\T1/phv/m/n/10.95 comp \T1/ptm/m/n/10.95 through which the user can ac-cess the
 li-brary. The path to the global li-brary is
 []

[175

] [176]
Underfull \hbox (badness 1810) in paragraph at lines 10664--10666
[]\T1/ptm/m/n/10.95 Adds a given sim-pli-cial com-plex [] to a given repos-i-to
ry [] of type
 []

[177] [178] [179] [180] [181] [182] [183] [184]pdfTeX warning (ext4): destinati
on with the same identifier (name{L.X7F214CF77E65C1A9}) has been already used, 
duplicate ignored
<to be read again> 
                   \relax 
l.11295 \hyperdef{L}{X7F214CF77E65C1A9}{}
                                          [185] [186]
Chapter 14.
[187

] [188]
Underfull \hbox (badness 10000) in paragraph at lines 11525--11526
[]\T1/ptm/m/n/10.95 The $\OML/ztmcm/m/it/10.95 k$\T1/ptm/m/n/10.95 -th co-ho-mo
l-ogy group \T1/cmtt/m/n/10.95 ck \T1/ptm/m/n/10.95 can be ob-tained by call-in
g
 []


Underfull \hbox (badness 2875) in paragraph at lines 11525--11526
\T1/cmtt/m/n/10.95 ck:=CertainObject(cohomology,k);\T1/ptm/m/n/10.95 , where \T
1/cmtt/m/n/10.95 cohomology \T1/ptm/m/n/10.95 is the \T1/phv/m/n/10.95 homalg \
T1/ptm/m/n/10.95 ob-ject re-turned
 []

[189] [190]
Chapter 15.
[191

] [192] [193]
Underfull \hbox (badness 10000) in paragraph at lines 11815--11817
[]\T1/ptm/m/n/10.95 Test whether the pack-age \T1/phv/m/n/10.95 sim-p-comp \T1/
ptm/m/n/10.95 is func-tional by call-ing
 []

[194]
Chapter 16.
[195

] [196] [197]
Overfull \vbox (24.29927pt too high) has occurred while \output is active []


[198] [199]
Chapter 17.
[200

] [201]
Underfull \hbox (badness 2460) in paragraph at lines 12416--12419
\T1/ptm/m/n/10.95 As de-scribed in Sec-tion [][]3.1[][] there are two sev-eral 
ways of ac-cess-ing an ob-ject of type
 []

[202] [203] [204] [205] [206]pdfTeX warning (ext4): destination with the same i
dentifier (name{L.X82F1CE7A79A3CA47}) has been already used, duplicate ignored
<to be read again> 
                   \relax 
l.12714 \hyperdef{L}{X82F1CE7A79A3CA47}{}
                                          [207] [208]pdfTeX warning (ext4): des
tination with the same identifier (name{L.X7E1BE673859191F0}) has been already 
used, duplicate ignored
<to be read again> 
                   \relax 
l.12849 \hyperdef{L}{X7E1BE673859191F0}{}
                                          [209] [210] [211]
Underfull \hbox (badness 10000) in paragraph at lines 13037--13038
[]\T1/ptm/m/n/10.95 Further ex-am-ple com-pu-ta-tions can be found in the slide
s of var-
 []


Underfull \hbox (badness 10000) in paragraph at lines 13037--13038
\T1/ptm/m/n/10.95 i-ous talks about \T1/phv/m/n/10.95 sim-p-comp\T1/ptm/m/n/10.
95 , avail-able from the \T1/phv/m/n/10.95 sim-p-comp \T1/ptm/m/n/10.95 home-pa
ge
 []


Underfull \hbox (badness 10000) in paragraph at lines 13037--13038
\T1/ptm/m/n/10.95 (\T1/cmtt/m/n/10.95 http://www.igt.uni-stuttgart.de/LstDiffge
o/simpcomp/\T1/ptm/m/n/10.95 ), and in Ap-pendix A of
 []

[212]
Chapter 18.

Underfull \hbox (badness 2837) in paragraph at lines 13044--13046
\T1/ptm/m/n/10.95 The pack-age \T1/phv/m/n/10.95 sim-p-comp \T1/ptm/m/n/10.95 w
orks with ge-o-met-ric ob-jects for which the \T1/phv/m/n/10.95 GAP \T1/ptm/m/n
/10.95 ob-ject types
 []


Underfull \hbox (badness 2809) in paragraph at lines 13055--13056
\T1/ptm/m/n/10.95 In the fol-low-ing, we present a num-ber of func-tions to man
-age a \T1/phv/m/n/10.95 GAP \T1/ptm/m/n/10.95 ob-ject of type
 []

[213

] [214] [215] [216] (./simpcomp.bbl (./simpcomp.brf)
\tf@brf=\write8
\openout8 = `simpcomp.brf'.

 [217] [218

] [219]
[220]
Underfull \hbox (badness 1668) in paragraph at lines 340--340
[]\T1/ptm/m/n/10.95 Jonathan Spreer.  Nor-mal sur-faces as com-bi-na-to-rial sl
ic-ings.  \T1/ptm/m/it/10.95 Dis-crete Math.\T1/ptm/m/n/10.95 ,
 []

[221]) [222] (./simpcomp.ind
Underfull \hbox (badness 10000) in paragraph at lines 11--13
[]\T1/cmtt/m/n/10.95 Operation * (\T1/ptm/m/n/10.95 -\T1/cmtt/m/n/10.95 S\T1/pt
m/m/n/10.95 -\T1/cmtt/m/n/10.95 C\T1/ptm/m/n/10.95 -\T1/cmtt/m/n/10.95 Simplici
al\T1/ptm/m/n/10.95 -\T1/cmtt/m/n/10.95 Complex,
 []


Underfull \hbox (badness 10000) in paragraph at lines 13--15
[]\T1/cmtt/m/n/10.95 Operation + (\T1/ptm/m/n/10.95 -\T1/cmtt/m/n/10.95 S\T1/pt
m/m/n/10.95 -\T1/cmtt/m/n/10.95 C\T1/ptm/m/n/10.95 -\T1/cmtt/m/n/10.95 Normal\T
1/ptm/m/n/10.95 -\T1/cmtt/m/n/10.95 Surface, \T1/ptm/m/n/10.95 -
 []


Underfull \hbox (badness 10000) in paragraph at lines 15--17
[]\T1/cmtt/m/n/10.95 Operation + (\T1/ptm/m/n/10.95 -\T1/cmtt/m/n/10.95 S\T1/pt
m/m/n/10.95 -\T1/cmtt/m/n/10.95 C\T1/ptm/m/n/10.95 -\T1/cmtt/m/n/10.95 Simplici
al\T1/ptm/m/n/10.95 -\T1/cmtt/m/n/10.95 Complex,
 []


Underfull \hbox (badness 10000) in paragraph at lines 17--19
[]\T1/cmtt/m/n/10.95 Operation + (\T1/ptm/m/n/10.95 -\T1/cmtt/m/n/10.95 S\T1/pt
m/m/n/10.95 -\T1/cmtt/m/n/10.95 C\T1/ptm/m/n/10.95 -\T1/cmtt/m/n/10.95 Simplici
al\T1/ptm/m/n/10.95 -\T1/cmtt/m/n/10.95 Complex,
 []


Underfull \hbox (badness 10000) in paragraph at lines 19--21
[]\T1/cmtt/m/n/10.95 Operation - (\T1/ptm/m/n/10.95 -\T1/cmtt/m/n/10.95 S\T1/pt
m/m/n/10.95 -\T1/cmtt/m/n/10.95 C\T1/ptm/m/n/10.95 -\T1/cmtt/m/n/10.95 Normal\T
1/ptm/m/n/10.95 -\T1/cmtt/m/n/10.95 Surface, \T1/ptm/m/n/10.95 -
 []


Underfull \hbox (badness 10000) in paragraph at lines 21--23
[]\T1/cmtt/m/n/10.95 Operation - (\T1/ptm/m/n/10.95 -\T1/cmtt/m/n/10.95 S\T1/pt
m/m/n/10.95 -\T1/cmtt/m/n/10.95 C\T1/ptm/m/n/10.95 -\T1/cmtt/m/n/10.95 Simplici
al\T1/ptm/m/n/10.95 -\T1/cmtt/m/n/10.95 Complex,
 []


Underfull \hbox (badness 10000) in paragraph at lines 23--25
[]\T1/cmtt/m/n/10.95 Operation - (\T1/ptm/m/n/10.95 -\T1/cmtt/m/n/10.95 S\T1/pt
m/m/n/10.95 -\T1/cmtt/m/n/10.95 C\T1/ptm/m/n/10.95 -\T1/cmtt/m/n/10.95 Simplici
al\T1/ptm/m/n/10.95 -\T1/cmtt/m/n/10.95 Complex,
 []


Underfull \hbox (badness 10000) in paragraph at lines 25--27
[]\T1/cmtt/m/n/10.95 Operation = (\T1/ptm/m/n/10.95 -\T1/cmtt/m/n/10.95 S\T1/pt
m/m/n/10.95 -\T1/cmtt/m/n/10.95 C\T1/ptm/m/n/10.95 -\T1/cmtt/m/n/10.95 Simplici
al\T1/ptm/m/n/10.95 -\T1/cmtt/m/n/10.95 Complex,
 []


Underfull \hbox (badness 10000) in paragraph at lines 28--30
[]\T1/cmtt/m/n/10.95 Operation ^ (\T1/ptm/m/n/10.95 -\T1/cmtt/m/n/10.95 S\T1/pt
m/m/n/10.95 -\T1/cmtt/m/n/10.95 C\T1/ptm/m/n/10.95 -\T1/cmtt/m/n/10.95 Simplici
al\T1/ptm/m/n/10.95 -\T1/cmtt/m/n/10.95 Complex,
 []


Underfull \hbox (badness 10000) in paragraph at lines 30--32
[]\T1/cmtt/m/n/10.95 Operation \T1/ptm/m/n/10.95 -\T1/cmtt/m/n/10.95 Difference
 (\T1/ptm/m/n/10.95 -\T1/cmtt/m/n/10.95 S\T1/ptm/m/n/10.95 -\T1/cmtt/m/n/10.95 
C\T1/ptm/m/n/10.95 -\T1/cmtt/m/n/10.95 Simplicial\T1/ptm/m/n/10.95 -
 []


Underfull \hbox (badness 10000) in paragraph at lines 30--32
\T1/cmtt/m/n/10.95 Complex, \T1/ptm/m/n/10.95 -\T1/cmtt/m/n/10.95 S\T1/ptm/m/n/
10.95 -\T1/cmtt/m/n/10.95 C\T1/ptm/m/n/10.95 -\T1/cmtt/m/n/10.95 Simplicial\T1/
ptm/m/n/10.95 -\T1/cmtt/m/n/10.95 Complex)\T1/ptm/m/n/10.95 ,
 []


Underfull \hbox (badness 10000) in paragraph at lines 32--34
[]\T1/cmtt/m/n/10.95 Operation \T1/ptm/m/n/10.95 -\T1/cmtt/m/n/10.95 Intersecti
on (\T1/ptm/m/n/10.95 -\T1/cmtt/m/n/10.95 S\T1/ptm/m/n/10.95 -\T1/cmtt/m/n/10.9
5 C\T1/ptm/m/n/10.95 -\T1/cmtt/m/n/10.95 Simplicial\T1/ptm/m/n/10.95 -
 []


Underfull \hbox (badness 10000) in paragraph at lines 32--34
\T1/cmtt/m/n/10.95 Complex, \T1/ptm/m/n/10.95 -\T1/cmtt/m/n/10.95 S\T1/ptm/m/n/
10.95 -\T1/cmtt/m/n/10.95 C\T1/ptm/m/n/10.95 -\T1/cmtt/m/n/10.95 Simplicial\T1/
ptm/m/n/10.95 -\T1/cmtt/m/n/10.95 Complex)\T1/ptm/m/n/10.95 ,
 []


Underfull \hbox (badness 10000) in paragraph at lines 34--36
[]\T1/cmtt/m/n/10.95 Operation mod (\T1/ptm/m/n/10.95 -\T1/cmtt/m/n/10.95 S\T1/
ptm/m/n/10.95 -\T1/cmtt/m/n/10.95 C\T1/ptm/m/n/10.95 -\T1/cmtt/m/n/10.95 Normal
\T1/ptm/m/n/10.95 -\T1/cmtt/m/n/10.95 Surface, \T1/ptm/m/n/10.95 -
 []


Underfull \hbox (badness 10000) in paragraph at lines 36--38
[]\T1/cmtt/m/n/10.95 Operation mod (\T1/ptm/m/n/10.95 -\T1/cmtt/m/n/10.95 S\T1/
ptm/m/n/10.95 -\T1/cmtt/m/n/10.95 C\T1/ptm/m/n/10.95 -\T1/cmtt/m/n/10.95 Simpli
cial\T1/ptm/m/n/10.95 -\T1/cmtt/m/n/10.95 Complex,
 []


Underfull \hbox (badness 10000) in paragraph at lines 38--40
[]\T1/cmtt/m/n/10.95 Operation \T1/ptm/m/n/10.95 -\T1/cmtt/m/n/10.95 Union (\T1
/ptm/m/n/10.95 -\T1/cmtt/m/n/10.95 S\T1/ptm/m/n/10.95 -\T1/cmtt/m/n/10.95 C\T1/
ptm/m/n/10.95 -\T1/cmtt/m/n/10.95 Normal\T1/ptm/m/n/10.95 -\T1/cmtt/m/n/10.95 S
urface,
 []


Underfull \hbox (badness 10000) in paragraph at lines 40--42
[]\T1/cmtt/m/n/10.95 Operation \T1/ptm/m/n/10.95 -\T1/cmtt/m/n/10.95 Union (\T1
/ptm/m/n/10.95 -\T1/cmtt/m/n/10.95 S\T1/ptm/m/n/10.95 -\T1/cmtt/m/n/10.95 C\T1/
ptm/m/n/10.95 -\T1/cmtt/m/n/10.95 Simplicial\T1/ptm/m/n/10.95 -\T1/cmtt/m/n/10.
95 Complex,
 []

[223


] [224] [225] [226

])
Package atveryend Info: Empty hook `BeforeClearDocument' on input line 13397.
Package atveryend Info: Empty hook `AfterLastShipout' on input line 13397.
 (./simpcomp.aux)
Package atveryend Info: Executing hook `AtVeryEndDocument' on input line 13397.

Package atveryend Info: Executing hook `AtEndAfterFileList' on input line 13397
.
Package rerunfilecheck Info: File `simpcomp.out' has not changed.
(rerunfilecheck)             Checksum: AB1B41573287EDA146CDC7A4E5829651;6785.
Package rerunfilecheck Info: File `simpcomp.brf' has not changed.
(rerunfilecheck)             Checksum: E985B0C6C705FBADF4D991B6EC25AA58;9853.


LaTeX Warning: There were multiply-defined labels.

Package atveryend Info: Empty hook `AtVeryVeryEnd' on input line 13397.
 ) 
Here is how much of TeX's memory you used:
 10896 strings out of 495032
 161502 string characters out of 6181718
 229471 words of memory out of 5000000
 12793 multiletter control sequences out of 15000+600000
 109487 words of font info for 155 fonts, out of 8000000 for 9000
 14 hyphenation exceptions out of 8191
 32i,10n,28p,1016b,659s stack positions out of 5000i,500n,10000p,200000b,80000s
{/usr/share/texlive/texmf-dist/fonts/enc/dvips/mnsymbol/MnSymbolS.enc}{/usr/s
hare/texlive/texmf-dist/fonts/enc/dvips/mnsymbol/MnSymbolD.enc}{/usr/share/texl
ive/texmf-dist/fonts/enc/dvips/mnsymbol/MnSymbolC.enc}{/usr/share/texlive/texmf
-dist/fonts/enc/dvips/mnsymbol/MnSymbolF.enc} </home/jonathan/.texmf-var/fonts/
pk/ljfour/jknappen/ec/ectt1200.600pk> </home/jonathan/.texmf-var/fonts/pk/ljfou
r/jknappen/ec/ecst1095.600pk> </home/jonathan/.texmf-var/fonts/pk/ljfour/jknapp
en/ec/ectt2488.600pk> </home/jonathan/.texmf-var/fonts/pk/ljfour/jknappen/ec/ec
tt1440.600pk>{/usr/share/texlive/texmf-dist/fonts/enc/dvips/mnsymbol/MnSymbolE.
enc}{/usr/share/texlive/texmf-dist/fonts/enc/dvips/mnsymbol/MnSymbolA.enc} </ho
me/jonathan/.texmf-var/fonts/pk/ljfour/jknappen/ec/ectt1095.600pk>{/usr/share/t
exlive/texmf-dist/fonts/enc/dvips/base/8r.enc} </home/jonathan/.texmf-var/fonts
/pk/ljfour/jknappen/ec/ectt1000.600pk></usr/share/texlive/texmf-dist/fonts/type
1/public/mnsymbol/MnSymbol10.pfb></usr/share/texlive/texmf-dist/fonts/type1/pub
lic/mnsymbol/MnSymbol6.pfb></usr/share/texlive/texmf-dist/fonts/type1/public/mn
symbol/MnSymbol8.pfb></usr/share/texlive/texmf-dist/fonts/type1/public/amsfonts
/cm/cmex10.pfb></usr/share/texlive/texmf-dist/fonts/type1/public/amsfonts/cm/cm
mi10.pfb

pdfTeX warning: pdflatex (file /usr/share/texlive/texmf-dist/fonts/type1/public
/amsfonts/cm/cmmi10.pfb): glyph `semicolon' undefined
></usr/share/texlive/texmf-dist/fonts/type1/public/amsfonts/cm/cmr10.pfb></usr/
share/texlive/texmf-dist/fonts/type1/public/amsfonts/cm/cmr7.pfb></usr/share/te
xlive/texmf-dist/fonts/type1/public/amsfonts/symbols/msbm10.pfb></usr/share/tex
live/texmf-dist/fonts/type1/urw/helvetic/uhvb8a.pfb></usr/share/texlive/texmf-d
ist/fonts/type1/urw/helvetic/uhvr8a.pfb></usr/share/texlive/texmf-dist/fonts/ty
pe1/urw/helvetic/uhvro8a.pfb></usr/share/texlive/texmf-dist/fonts/type1/urw/sym
bol/usyr.pfb></usr/share/texlive/texmf-dist/fonts/type1/urw/symbol/usyr.pfb></u
sr/share/texlive/texmf-dist/fonts/type1/urw/times/utmb8a.pfb></usr/share/texliv
e/texmf-dist/fonts/type1/urw/times/utmr8a.pfb></usr/share/texlive/texmf-dist/fo
nts/type1/urw/times/utmri8a.pfb>
Output written on simpcomp.pdf (226 pages, 1356242 bytes).
PDF statistics:
 4138 PDF objects out of 4296 (max. 8388607)
 1089 named destinations out of 1200 (max. 500000)
 797 words of extra memory for PDF output out of 10000 (max. 10000000)

